<?xml version="1.0" encoding="UTF-8"?>
<coverage generated="1638297685520" clover="3.2.0">
  <project timestamp="1638297685520" name="All files">
    <metrics statements="511" coveredstatements="413" conditionals="360" coveredconditionals="300" methods="184" coveredmethods="146" elements="1055" coveredelements="859" complexity="0" loc="511" ncloc="511" packages="8" files="45" classes="45"/>
    <package name="src">
      <metrics statements="4" coveredstatements="3" conditionals="1" coveredconditionals="1" methods="1" coveredmethods="1"/>
      <file name="Root.js" path="/Users/sel-hamr/Desktop/red-tetris/client/src/Root.js">
        <metrics statements="3" coveredstatements="3" conditionals="1" coveredconditionals="1" methods="1" coveredmethods="1"/>
        <line num="6" count="11" type="cond" truecount="1" falsecount="0"/>
        <line num="7" count="56" type="stmt"/>
        <line num="8" count="56" type="stmt"/>
      </file>
      <file name="index.js" path="/Users/sel-hamr/Desktop/red-tetris/client/src/index.js">
        <metrics statements="1" coveredstatements="0" conditionals="0" coveredconditionals="0" methods="0" coveredmethods="0"/>
        <line num="6" count="0" type="stmt"/>
      </file>
    </package>
    <package name="src.assets.utils">
      <metrics statements="84" coveredstatements="84" conditionals="33" coveredconditionals="33" methods="27" coveredmethods="27"/>
      <file name="draw.js" path="/Users/sel-hamr/Desktop/red-tetris/client/src/assets/utils/draw.js">
        <metrics statements="5" coveredstatements="5" conditionals="14" coveredconditionals="14" methods="1" coveredmethods="1"/>
        <line num="1" count="2" type="cond" truecount="1" falsecount="0"/>
        <line num="2" count="3" type="cond" truecount="4" falsecount="0"/>
        <line num="3" count="2" type="stmt"/>
        <line num="4" count="3" type="cond" truecount="9" falsecount="0"/>
        <line num="6" count="3" type="stmt"/>
      </file>
      <file name="shapes.js" path="/Users/sel-hamr/Desktop/red-tetris/client/src/assets/utils/shapes.js">
        <metrics statements="75" coveredstatements="75" conditionals="0" coveredconditionals="0" methods="25" coveredmethods="25"/>
        <line num="1" count="2" type="stmt"/>
        <line num="2" count="1" type="stmt"/>
        <line num="14" count="2" type="stmt"/>
        <line num="15" count="1" type="stmt"/>
        <line num="26" count="2" type="stmt"/>
        <line num="27" count="1" type="stmt"/>
        <line num="38" count="2" type="stmt"/>
        <line num="39" count="1" type="stmt"/>
        <line num="51" count="2" type="stmt"/>
        <line num="52" count="1" type="stmt"/>
        <line num="64" count="2" type="stmt"/>
        <line num="65" count="1" type="stmt"/>
        <line num="77" count="2" type="stmt"/>
        <line num="78" count="1" type="stmt"/>
        <line num="90" count="2" type="stmt"/>
        <line num="91" count="1" type="stmt"/>
        <line num="103" count="2" type="stmt"/>
        <line num="104" count="1" type="stmt"/>
        <line num="116" count="2" type="stmt"/>
        <line num="117" count="1" type="stmt"/>
        <line num="129" count="2" type="stmt"/>
        <line num="130" count="1" type="stmt"/>
        <line num="142" count="2" type="stmt"/>
        <line num="143" count="1" type="stmt"/>
        <line num="155" count="2" type="stmt"/>
        <line num="156" count="1" type="stmt"/>
        <line num="168" count="2" type="stmt"/>
        <line num="169" count="1" type="stmt"/>
        <line num="181" count="2" type="stmt"/>
        <line num="182" count="1" type="stmt"/>
        <line num="194" count="2" type="stmt"/>
        <line num="195" count="1" type="stmt"/>
        <line num="207" count="2" type="stmt"/>
        <line num="208" count="1" type="stmt"/>
        <line num="220" count="2" type="stmt"/>
        <line num="221" count="1" type="stmt"/>
        <line num="233" count="2" type="stmt"/>
        <line num="234" count="1" type="stmt"/>
        <line num="246" count="2" type="stmt"/>
        <line num="247" count="1" type="stmt"/>
        <line num="259" count="2" type="stmt"/>
        <line num="260" count="1" type="stmt"/>
        <line num="272" count="2" type="stmt"/>
        <line num="273" count="1" type="stmt"/>
        <line num="285" count="2" type="stmt"/>
        <line num="286" count="1" type="stmt"/>
        <line num="298" count="2" type="stmt"/>
        <line num="299" count="1" type="stmt"/>
        <line num="311" count="2" type="stmt"/>
        <line num="312" count="1" type="stmt"/>
        <line num="324" count="2" type="stmt"/>
        <line num="325" count="2" type="stmt"/>
        <line num="326" count="2" type="stmt"/>
        <line num="327" count="2" type="stmt"/>
        <line num="328" count="2" type="stmt"/>
        <line num="329" count="2" type="stmt"/>
        <line num="330" count="2" type="stmt"/>
        <line num="331" count="2" type="stmt"/>
        <line num="332" count="2" type="stmt"/>
        <line num="333" count="2" type="stmt"/>
        <line num="334" count="2" type="stmt"/>
        <line num="335" count="2" type="stmt"/>
        <line num="336" count="2" type="stmt"/>
        <line num="337" count="2" type="stmt"/>
        <line num="338" count="2" type="stmt"/>
        <line num="339" count="2" type="stmt"/>
        <line num="340" count="2" type="stmt"/>
        <line num="341" count="2" type="stmt"/>
        <line num="342" count="2" type="stmt"/>
        <line num="343" count="2" type="stmt"/>
        <line num="344" count="2" type="stmt"/>
        <line num="345" count="2" type="stmt"/>
        <line num="346" count="2" type="stmt"/>
        <line num="347" count="2" type="stmt"/>
        <line num="348" count="2" type="stmt"/>
      </file>
      <file name="validator.js" path="/Users/sel-hamr/Desktop/red-tetris/client/src/assets/utils/validator.js">
        <metrics statements="4" coveredstatements="4" conditionals="19" coveredconditionals="19" methods="1" coveredmethods="1"/>
        <line num="1" count="5" type="stmt"/>
        <line num="2" count="16" type="cond" truecount="2" falsecount="0"/>
        <line num="3" count="14" type="stmt"/>
        <line num="12" count="14" type="cond" truecount="2" falsecount="0"/>
      </file>
    </package>
    <package name="src.components">
      <metrics statements="77" coveredstatements="66" conditionals="117" coveredconditionals="101" methods="37" coveredmethods="32"/>
      <file name="App.js" path="/Users/sel-hamr/Desktop/red-tetris/client/src/components/App.js">
        <metrics statements="4" coveredstatements="4" conditionals="6" coveredconditionals="2" methods="2" coveredmethods="2"/>
        <line num="10" count="1" type="stmt"/>
        <line num="11" count="1" type="stmt"/>
        <line num="20" count="1" type="stmt"/>
        <line num="21" count="1" type="stmt"/>
      </file>
      <file name="Arena.js" path="/Users/sel-hamr/Desktop/red-tetris/client/src/components/Arena.js">
        <metrics statements="4" coveredstatements="4" conditionals="6" coveredconditionals="6" methods="4" coveredmethods="4"/>
        <line num="4" count="4" type="cond" truecount="2" falsecount="0"/>
        <line num="5" count="15" type="stmt"/>
        <line num="9" count="1" type="stmt"/>
        <line num="11" count="240" type="stmt"/>
      </file>
      <file name="BoxHeader.js" path="/Users/sel-hamr/Desktop/red-tetris/client/src/components/BoxHeader.js">
        <metrics statements="2" coveredstatements="2" conditionals="2" coveredconditionals="1" methods="1" coveredmethods="1"/>
        <line num="3" count="5" type="stmt"/>
        <line num="4" count="70" type="stmt"/>
      </file>
      <file name="Button.js" path="/Users/sel-hamr/Desktop/red-tetris/client/src/components/Button.js">
        <metrics statements="6" coveredstatements="6" conditionals="27" coveredconditionals="25" methods="3" coveredmethods="3"/>
        <line num="3" count="13" type="cond" truecount="3" falsecount="0"/>
        <line num="4" count="169" type="cond" truecount="2" falsecount="0"/>
        <line num="9" count="169" type="stmt"/>
        <line num="10" count="42" type="cond" truecount="4" falsecount="0"/>
        <line num="12" count="169" type="stmt"/>
        <line num="13" count="9" type="stmt"/>
      </file>
      <file name="Chat.js" path="/Users/sel-hamr/Desktop/red-tetris/client/src/components/Chat.js">
        <metrics statements="14" coveredstatements="3" conditionals="3" coveredconditionals="0" methods="6" coveredmethods="1"/>
        <line num="8" count="3" type="cond" truecount="0" falsecount="1"/>
        <line num="9" count="0" type="stmt"/>
        <line num="10" count="0" type="stmt"/>
        <line num="11" count="0" type="stmt"/>
        <line num="12" count="0" type="stmt"/>
        <line num="13" count="0" type="cond" truecount="0" falsecount="2"/>
        <line num="14" count="0" type="stmt"/>
        <line num="17" count="0" type="stmt"/>
        <line num="18" count="0" type="stmt"/>
        <line num="21" count="0" type="stmt"/>
        <line num="25" count="0" type="stmt"/>
        <line num="40" count="0" type="stmt"/>
        <line num="53" count="3" type="stmt"/>
        <line num="54" count="38" type="stmt"/>
      </file>
      <file name="Error.js" path="/Users/sel-hamr/Desktop/red-tetris/client/src/components/Error.js">
        <metrics statements="3" coveredstatements="3" conditionals="2" coveredconditionals="2" methods="2" coveredmethods="2"/>
        <line num="4" count="2" type="stmt"/>
        <line num="5" count="4" type="stmt"/>
        <line num="18" count="1" type="stmt"/>
      </file>
      <file name="Input.js" path="/Users/sel-hamr/Desktop/red-tetris/client/src/components/Input.js">
        <metrics statements="8" coveredstatements="8" conditionals="22" coveredconditionals="19" methods="4" coveredmethods="4"/>
        <line num="3" count="9" type="stmt"/>
        <line num="4" count="58" type="stmt"/>
        <line num="5" count="58" type="stmt"/>
        <line num="6" count="1" type="cond" truecount="1" falsecount="1"/>
        <line num="8" count="58" type="cond" truecount="4" falsecount="0"/>
        <line num="11" count="58" type="stmt"/>
        <line num="17" count="8" type="stmt"/>
        <line num="23" count="3" type="cond" truecount="4" falsecount="0"/>
      </file>
      <file name="ItemJoin.js" path="/Users/sel-hamr/Desktop/red-tetris/client/src/components/ItemJoin.js">
        <metrics statements="2" coveredstatements="2" conditionals="2" coveredconditionals="1" methods="1" coveredmethods="1"/>
        <line num="4" count="3" type="stmt"/>
        <line num="5" count="12" type="stmt"/>
      </file>
      <file name="Logo.js" path="/Users/sel-hamr/Desktop/red-tetris/client/src/components/Logo.js">
        <metrics statements="2" coveredstatements="2" conditionals="0" coveredconditionals="0" methods="1" coveredmethods="1"/>
        <line num="4" count="5" type="stmt"/>
        <line num="5" count="32" type="stmt"/>
      </file>
      <file name="NextPiece.js" path="/Users/sel-hamr/Desktop/red-tetris/client/src/components/NextPiece.js">
        <metrics statements="3" coveredstatements="3" conditionals="2" coveredconditionals="2" methods="3" coveredmethods="3"/>
        <line num="4" count="3" type="stmt"/>
        <line num="5" count="18" type="stmt"/>
        <line num="7" count="281" type="cond" truecount="2" falsecount="0"/>
      </file>
      <file name="Piece.js" path="/Users/sel-hamr/Desktop/red-tetris/client/src/components/Piece.js">
        <metrics statements="2" coveredstatements="2" conditionals="4" coveredconditionals="3" methods="1" coveredmethods="1"/>
        <line num="3" count="5" type="stmt"/>
        <line num="4" count="400" type="cond" truecount="3" falsecount="1"/>
      </file>
      <file name="Radio.js" path="/Users/sel-hamr/Desktop/red-tetris/client/src/components/Radio.js">
        <metrics statements="10" coveredstatements="10" conditionals="19" coveredconditionals="18" methods="5" coveredmethods="5"/>
        <line num="3" count="5" type="cond" truecount="0" falsecount="1"/>
        <line num="4" count="48" type="stmt"/>
        <line num="5" count="48" type="stmt"/>
        <line num="6" count="20" type="stmt"/>
        <line num="9" count="48" type="stmt"/>
        <line num="12" count="96" type="stmt"/>
        <line num="27" count="5" type="stmt"/>
        <line num="28" count="96" type="stmt"/>
        <line num="29" count="96" type="stmt"/>
        <line num="39" count="2" type="stmt"/>
      </file>
      <file name="Range.js" path="/Users/sel-hamr/Desktop/red-tetris/client/src/components/Range.js">
        <metrics statements="17" coveredstatements="17" conditionals="22" coveredconditionals="22" methods="4" coveredmethods="4"/>
        <line num="3" count="6" type="stmt"/>
        <line num="4" count="44" type="cond" truecount="2" falsecount="0"/>
        <line num="5" count="42" type="cond" truecount="2" falsecount="0"/>
        <line num="6" count="40" type="cond" truecount="2" falsecount="0"/>
        <line num="7" count="20" type="cond" truecount="2" falsecount="0"/>
        <line num="8" count="18" type="cond" truecount="2" falsecount="0"/>
        <line num="9" count="16" type="stmt"/>
        <line num="11" count="6" type="stmt"/>
        <line num="12" count="6" type="cond" truecount="2" falsecount="0"/>
        <line num="13" count="5" type="cond" truecount="2" falsecount="0"/>
        <line num="14" count="4" type="cond" truecount="2" falsecount="0"/>
        <line num="15" count="3" type="cond" truecount="2" falsecount="0"/>
        <line num="16" count="2" type="cond" truecount="2" falsecount="0"/>
        <line num="17" count="1" type="stmt"/>
        <line num="19" count="6" type="cond" truecount="2" falsecount="0"/>
        <line num="20" count="22" type="stmt"/>
        <line num="28" count="6" type="stmt"/>
      </file>
    </package>
    <package name="src.pages">
      <metrics statements="34" coveredstatements="24" conditionals="59" coveredconditionals="41" methods="17" coveredmethods="9"/>
      <file name="Game.js" path="/Users/sel-hamr/Desktop/red-tetris/client/src/pages/Game.js">
        <metrics statements="15" coveredstatements="7" conditionals="53" coveredconditionals="38" methods="9" coveredmethods="2"/>
        <line num="13" count="2" type="stmt"/>
        <line num="14" count="16" type="stmt"/>
        <line num="15" count="16" type="stmt"/>
        <line num="16" count="0" type="cond" truecount="0" falsecount="2"/>
        <line num="17" count="0" type="stmt"/>
        <line num="20" count="16" type="stmt"/>
        <line num="21" count="0" type="stmt"/>
        <line num="23" count="16" type="stmt"/>
        <line num="35" count="0" type="stmt"/>
        <line num="56" count="0" type="cond" truecount="0" falsecount="7"/>
        <line num="78" count="0" type="stmt"/>
        <line num="102" count="0" type="stmt"/>
        <line num="112" count="0" type="stmt"/>
        <line num="146" count="2" type="stmt"/>
        <line num="147" count="16" type="stmt"/>
      </file>
      <file name="Home.js" path="/Users/sel-hamr/Desktop/red-tetris/client/src/pages/Home.js">
        <metrics statements="17" coveredstatements="15" conditionals="6" coveredconditionals="3" methods="7" coveredmethods="6"/>
        <line num="11" count="2" type="stmt"/>
        <line num="12" count="24" type="stmt"/>
        <line num="13" count="24" type="stmt"/>
        <line num="14" count="24" type="stmt"/>
        <line num="16" count="24" type="stmt"/>
        <line num="17" count="11" type="cond" truecount="1" falsecount="1"/>
        <line num="18" count="11" type="cond" truecount="2" falsecount="0"/>
        <line num="19" count="11" type="stmt"/>
        <line num="22" count="0" type="cond" truecount="0" falsecount="2"/>
        <line num="23" count="0" type="stmt"/>
        <line num="33" count="24" type="stmt"/>
        <line num="51" count="1" type="stmt"/>
        <line num="59" count="1" type="stmt"/>
        <line num="62" count="1" type="stmt"/>
        <line num="63" count="1" type="stmt"/>
        <line num="73" count="2" type="stmt"/>
        <line num="74" count="11" type="stmt"/>
      </file>
      <file name="Welcome.js" path="/Users/sel-hamr/Desktop/red-tetris/client/src/pages/Welcome.js">
        <metrics statements="2" coveredstatements="2" conditionals="0" coveredconditionals="0" methods="1" coveredmethods="1"/>
        <line num="5" count="2" type="stmt"/>
        <line num="6" count="4" type="stmt"/>
      </file>
    </package>
    <package name="src.parts">
      <metrics statements="85" coveredstatements="71" conditionals="74" coveredconditionals="65" methods="40" coveredmethods="31"/>
      <file name="BoxSingIn.js" path="/Users/sel-hamr/Desktop/red-tetris/client/src/parts/BoxSingIn.js">
        <metrics statements="14" coveredstatements="14" conditionals="8" coveredconditionals="8" methods="3" coveredmethods="3"/>
        <line num="10" count="3" type="stmt"/>
        <line num="11" count="18" type="stmt"/>
        <line num="12" count="18" type="stmt"/>
        <line num="13" count="18" type="stmt"/>
        <line num="14" count="3" type="stmt"/>
        <line num="15" count="3" type="cond" truecount="2" falsecount="0"/>
        <line num="16" count="1" type="stmt"/>
        <line num="17" count="1" type="stmt"/>
        <line num="20" count="1" type="stmt"/>
        <line num="21" count="2" type="stmt"/>
        <line num="23" count="18" type="stmt"/>
        <line num="38" count="4" type="stmt"/>
        <line num="39" count="4" type="stmt"/>
        <line num="40" count="4" type="cond" truecount="4" falsecount="0"/>
      </file>
      <file name="CreateRoom.js" path="/Users/sel-hamr/Desktop/red-tetris/client/src/parts/CreateRoom.js">
        <metrics statements="28" coveredstatements="26" conditionals="32" coveredconditionals="30" methods="10" coveredmethods="9"/>
        <line num="13" count="3" type="stmt"/>
        <line num="14" count="20" type="stmt"/>
        <line num="15" count="20" type="stmt"/>
        <line num="16" count="20" type="stmt"/>
        <line num="17" count="1" type="stmt"/>
        <line num="18" count="1" type="stmt"/>
        <line num="19" count="1" type="stmt"/>
        <line num="21" count="20" type="stmt"/>
        <line num="22" count="2" type="stmt"/>
        <line num="23" count="2" type="cond" truecount="2" falsecount="0"/>
        <line num="24" count="2" type="cond" truecount="2" falsecount="0"/>
        <line num="25" count="2" type="cond" truecount="2" falsecount="0"/>
        <line num="26" count="2" type="cond" truecount="4" falsecount="0"/>
        <line num="27" count="2" type="cond" truecount="6" falsecount="0"/>
        <line num="29" count="1" type="stmt"/>
        <line num="30" count="1" type="stmt"/>
        <line num="33" count="20" type="cond" truecount="2" falsecount="0"/>
        <line num="37" count="2" type="cond" truecount="1" falsecount="1"/>
        <line num="38" count="0" type="stmt"/>
        <line num="52" count="2" type="stmt"/>
        <line num="53" count="2" type="stmt"/>
        <line num="71" count="1" type="stmt"/>
        <line num="72" count="1" type="stmt"/>
        <line num="89" count="0" type="stmt"/>
        <line num="100" count="1" type="stmt"/>
        <line num="115" count="1" type="stmt"/>
        <line num="131" count="3" type="stmt"/>
        <line num="132" count="13" type="stmt"/>
      </file>
      <file name="Header.js" path="/Users/sel-hamr/Desktop/red-tetris/client/src/parts/Header.js">
        <metrics statements="9" coveredstatements="4" conditionals="2" coveredconditionals="2" methods="3" coveredmethods="2"/>
        <line num="7" count="5" type="stmt"/>
        <line num="8" count="32" type="stmt"/>
        <line num="20" count="0" type="stmt"/>
        <line num="21" count="0" type="stmt"/>
        <line num="22" count="0" type="stmt"/>
        <line num="23" count="0" type="stmt"/>
        <line num="24" count="0" type="stmt"/>
        <line num="34" count="5" type="stmt"/>
        <line num="35" count="33" type="stmt"/>
      </file>
      <file name="ListRooms.js" path="/Users/sel-hamr/Desktop/red-tetris/client/src/parts/ListRooms.js">
        <metrics statements="6" coveredstatements="6" conditionals="0" coveredconditionals="0" methods="4" coveredmethods="4"/>
        <line num="5" count="3" type="stmt"/>
        <line num="6" count="13" type="stmt"/>
        <line num="9" count="12" type="stmt"/>
        <line num="15" count="1" type="stmt"/>
        <line num="23" count="3" type="stmt"/>
        <line num="24" count="14" type="stmt"/>
      </file>
      <file name="ListUser.js" path="/Users/sel-hamr/Desktop/red-tetris/client/src/parts/ListUser.js">
        <metrics statements="7" coveredstatements="7" conditionals="15" coveredconditionals="15" methods="6" coveredmethods="5"/>
        <line num="4" count="5" type="stmt"/>
        <line num="5" count="40" type="stmt"/>
        <line num="8" count="2" type="stmt"/>
        <line num="20" count="1" type="stmt"/>
        <line num="28" count="5" type="cond" truecount="3" falsecount="0"/>
        <line num="29" count="24" type="stmt"/>
        <line num="32" count="40" type="stmt"/>
      </file>
      <file name="LiveGame.js" path="/Users/sel-hamr/Desktop/red-tetris/client/src/parts/LiveGame.js">
        <metrics statements="3" coveredstatements="1" conditionals="6" coveredconditionals="0" methods="2" coveredmethods="0"/>
        <line num="8" count="3" type="stmt"/>
        <line num="9" count="0" type="stmt"/>
        <line num="25" count="0" type="stmt"/>
      </file>
      <file name="Settings.js" path="/Users/sel-hamr/Desktop/red-tetris/client/src/parts/Settings.js">
        <metrics statements="12" coveredstatements="8" conditionals="5" coveredconditionals="4" methods="8" coveredmethods="5"/>
        <line num="8" count="3" type="cond" truecount="1" falsecount="0"/>
        <line num="9" count="15" type="stmt"/>
        <line num="10" count="15" type="stmt"/>
        <line num="11" count="0" type="stmt"/>
        <line num="14" count="15" type="stmt"/>
        <line num="24" count="1" type="stmt"/>
        <line num="37" count="1" type="stmt"/>
        <line num="42" count="0" type="stmt"/>
        <line num="55" count="1" type="stmt"/>
        <line num="70" count="1" type="stmt"/>
        <line num="86" count="0" type="stmt"/>
        <line num="87" count="0" type="stmt"/>
      </file>
      <file name="StartGame.js" path="/Users/sel-hamr/Desktop/red-tetris/client/src/parts/StartGame.js">
        <metrics statements="6" coveredstatements="5" conditionals="6" coveredconditionals="6" methods="4" coveredmethods="3"/>
        <line num="6" count="3" type="stmt"/>
        <line num="7" count="15" type="stmt"/>
        <line num="16" count="0" type="stmt"/>
        <line num="25" count="1" type="stmt"/>
        <line num="37" count="3" type="stmt"/>
        <line num="38" count="15" type="stmt"/>
      </file>
    </package>
    <package name="src.services">
      <metrics statements="80" coveredstatements="18" conditionals="24" coveredconditionals="7" methods="24" coveredmethods="8"/>
      <file name="middleware.js" path="/Users/sel-hamr/Desktop/red-tetris/client/src/services/middleware.js">
        <metrics statements="80" coveredstatements="18" conditionals="24" coveredconditionals="7" methods="24" coveredmethods="8"/>
        <line num="9" count="1" type="stmt"/>
        <line num="10" count="1" type="stmt"/>
        <line num="11" count="1" type="stmt"/>
        <line num="12" count="1" type="cond" truecount="2" falsecount="2"/>
        <line num="13" count="0" type="stmt"/>
        <line num="14" count="0" type="stmt"/>
        <line num="15" count="0" type="stmt"/>
        <line num="16" count="0" type="stmt"/>
        <line num="17" count="0" type="stmt"/>
        <line num="20" count="0" type="stmt"/>
        <line num="21" count="0" type="stmt"/>
        <line num="22" count="1" type="stmt"/>
        <line num="25" count="1" type="stmt"/>
        <line num="26" count="1" type="cond" truecount="1" falsecount="1"/>
        <line num="27" count="0" type="stmt"/>
        <line num="28" count="0" type="stmt"/>
        <line num="29" count="0" type="stmt"/>
        <line num="32" count="0" type="stmt"/>
        <line num="33" count="0" type="stmt"/>
        <line num="36" count="0" type="stmt"/>
        <line num="37" count="0" type="stmt"/>
        <line num="40" count="0" type="stmt"/>
        <line num="41" count="0" type="stmt"/>
        <line num="42" count="0" type="stmt"/>
        <line num="43" count="0" type="stmt"/>
        <line num="46" count="0" type="stmt"/>
        <line num="47" count="0" type="stmt"/>
        <line num="50" count="0" type="stmt"/>
        <line num="51" count="0" type="stmt"/>
        <line num="52" count="0" type="stmt"/>
        <line num="53" count="0" type="stmt"/>
        <line num="56" count="0" type="stmt"/>
        <line num="57" count="0" type="stmt"/>
        <line num="60" count="0" type="stmt"/>
        <line num="61" count="0" type="stmt"/>
        <line num="63" count="0" type="stmt"/>
        <line num="64" count="0" type="stmt"/>
        <line num="70" count="1" type="stmt"/>
        <line num="71" count="1" type="cond" truecount="1" falsecount="1"/>
        <line num="72" count="0" type="stmt"/>
        <line num="73" count="0" type="stmt"/>
        <line num="74" count="0" type="stmt"/>
        <line num="75" count="0" type="stmt"/>
        <line num="76" count="0" type="stmt"/>
        <line num="82" count="1" type="stmt"/>
        <line num="83" count="1" type="cond" truecount="1" falsecount="1"/>
        <line num="84" count="0" type="stmt"/>
        <line num="85" count="0" type="stmt"/>
        <line num="86" count="0" type="stmt"/>
        <line num="87" count="0" type="cond" truecount="0" falsecount="2"/>
        <line num="88" count="0" type="stmt"/>
        <line num="89" count="0" type="stmt"/>
        <line num="90" count="0" type="stmt"/>
        <line num="91" count="0" type="stmt"/>
        <line num="92" count="0" type="cond" truecount="0" falsecount="6"/>
        <line num="94" count="0" type="stmt"/>
        <line num="97" count="0" type="stmt"/>
        <line num="98" count="0" type="cond" truecount="0" falsecount="2"/>
        <line num="99" count="0" type="stmt"/>
        <line num="100" count="0" type="stmt"/>
        <line num="101" count="0" type="stmt"/>
        <line num="102" count="0" type="stmt"/>
        <line num="109" count="1" type="stmt"/>
        <line num="110" count="1" type="cond" truecount="1" falsecount="1"/>
        <line num="111" count="0" type="stmt"/>
        <line num="112" count="0" type="stmt"/>
        <line num="113" count="0" type="stmt"/>
        <line num="114" count="0" type="stmt"/>
        <line num="120" count="1" type="stmt"/>
        <line num="121" count="1" type="cond" truecount="1" falsecount="1"/>
        <line num="122" count="0" type="stmt"/>
        <line num="123" count="0" type="stmt"/>
        <line num="124" count="0" type="stmt"/>
        <line num="125" count="0" type="stmt"/>
        <line num="126" count="0" type="stmt"/>
        <line num="127" count="0" type="stmt"/>
        <line num="128" count="0" type="stmt"/>
        <line num="133" count="1" type="stmt"/>
        <line num="135" count="1" type="stmt"/>
        <line num="136" count="1" type="stmt"/>
      </file>
    </package>
    <package name="src.store.actions">
      <metrics statements="88" coveredstatements="88" conditionals="1" coveredconditionals="1" methods="29" coveredmethods="29"/>
      <file name="auth.js" path="/Users/sel-hamr/Desktop/red-tetris/client/src/store/actions/auth.js">
        <metrics statements="4" coveredstatements="4" conditionals="0" coveredconditionals="0" methods="2" coveredmethods="2"/>
        <line num="2" count="10" type="stmt"/>
        <line num="3" count="3" type="stmt"/>
        <line num="9" count="10" type="stmt"/>
        <line num="10" count="1" type="stmt"/>
      </file>
      <file name="error.js" path="/Users/sel-hamr/Desktop/red-tetris/client/src/store/actions/error.js">
        <metrics statements="4" coveredstatements="4" conditionals="0" coveredconditionals="0" methods="2" coveredmethods="2"/>
        <line num="2" count="10" type="stmt"/>
        <line num="3" count="2" type="stmt"/>
        <line num="8" count="10" type="stmt"/>
        <line num="9" count="1" type="stmt"/>
      </file>
      <file name="game.js" path="/Users/sel-hamr/Desktop/red-tetris/client/src/store/actions/game.js">
        <metrics statements="42" coveredstatements="42" conditionals="0" coveredconditionals="0" methods="21" coveredmethods="21"/>
        <line num="3" count="9" type="stmt"/>
        <line num="4" count="1" type="stmt"/>
        <line num="9" count="9" type="stmt"/>
        <line num="10" count="2" type="stmt"/>
        <line num="16" count="9" type="stmt"/>
        <line num="17" count="2" type="stmt"/>
        <line num="23" count="9" type="stmt"/>
        <line num="24" count="1" type="stmt"/>
        <line num="29" count="9" type="stmt"/>
        <line num="30" count="2" type="stmt"/>
        <line num="36" count="9" type="stmt"/>
        <line num="37" count="2" type="stmt"/>
        <line num="42" count="9" type="stmt"/>
        <line num="43" count="2" type="stmt"/>
        <line num="52" count="9" type="stmt"/>
        <line num="53" count="2" type="stmt"/>
        <line num="59" count="9" type="stmt"/>
        <line num="60" count="1" type="stmt"/>
        <line num="65" count="9" type="stmt"/>
        <line num="66" count="2" type="stmt"/>
        <line num="74" count="9" type="stmt"/>
        <line num="75" count="2" type="stmt"/>
        <line num="90" count="9" type="stmt"/>
        <line num="91" count="2" type="stmt"/>
        <line num="97" count="9" type="stmt"/>
        <line num="98" count="2" type="stmt"/>
        <line num="104" count="9" type="stmt"/>
        <line num="105" count="2" type="stmt"/>
        <line num="113" count="9" type="stmt"/>
        <line num="114" count="2" type="stmt"/>
        <line num="120" count="9" type="stmt"/>
        <line num="121" count="1" type="stmt"/>
        <line num="125" count="9" type="stmt"/>
        <line num="126" count="1" type="stmt"/>
        <line num="130" count="9" type="stmt"/>
        <line num="131" count="2" type="stmt"/>
        <line num="136" count="9" type="stmt"/>
        <line num="137" count="1" type="stmt"/>
        <line num="142" count="9" type="stmt"/>
        <line num="143" count="2" type="stmt"/>
        <line num="148" count="9" type="stmt"/>
        <line num="149" count="2" type="stmt"/>
      </file>
      <file name="index.js" path="/Users/sel-hamr/Desktop/red-tetris/client/src/store/actions/index.js">
        <metrics statements="1" coveredstatements="1" conditionals="0" coveredconditionals="0" methods="0" coveredmethods="0"/>
        <line num="8" count="9" type="stmt"/>
      </file>
      <file name="rooms.js" path="/Users/sel-hamr/Desktop/red-tetris/client/src/store/actions/rooms.js">
        <metrics statements="4" coveredstatements="4" conditionals="0" coveredconditionals="0" methods="2" coveredmethods="2"/>
        <line num="3" count="10" type="stmt"/>
        <line num="4" count="2" type="stmt"/>
        <line num="10" count="10" type="stmt"/>
        <line num="11" count="3" type="stmt"/>
      </file>
      <file name="socket.js" path="/Users/sel-hamr/Desktop/red-tetris/client/src/store/actions/socket.js">
        <metrics statements="2" coveredstatements="2" conditionals="0" coveredconditionals="0" methods="1" coveredmethods="1"/>
        <line num="3" count="9" type="stmt"/>
        <line num="4" count="1" type="stmt"/>
      </file>
      <file name="types.js" path="/Users/sel-hamr/Desktop/red-tetris/client/src/store/actions/types.js">
        <metrics statements="29" coveredstatements="29" conditionals="0" coveredconditionals="0" methods="0" coveredmethods="0"/>
        <line num="1" count="22" type="stmt"/>
        <line num="2" count="22" type="stmt"/>
        <line num="3" count="22" type="stmt"/>
        <line num="4" count="22" type="stmt"/>
        <line num="5" count="22" type="stmt"/>
        <line num="6" count="22" type="stmt"/>
        <line num="7" count="22" type="stmt"/>
        <line num="8" count="22" type="stmt"/>
        <line num="9" count="22" type="stmt"/>
        <line num="10" count="22" type="stmt"/>
        <line num="11" count="22" type="stmt"/>
        <line num="12" count="22" type="stmt"/>
        <line num="13" count="22" type="stmt"/>
        <line num="14" count="22" type="stmt"/>
        <line num="15" count="22" type="stmt"/>
        <line num="16" count="22" type="stmt"/>
        <line num="17" count="22" type="stmt"/>
        <line num="18" count="22" type="stmt"/>
        <line num="19" count="22" type="stmt"/>
        <line num="20" count="22" type="stmt"/>
        <line num="21" count="22" type="stmt"/>
        <line num="22" count="22" type="stmt"/>
        <line num="23" count="22" type="stmt"/>
        <line num="24" count="22" type="stmt"/>
        <line num="25" count="22" type="stmt"/>
        <line num="26" count="22" type="stmt"/>
        <line num="27" count="22" type="stmt"/>
        <line num="28" count="22" type="stmt"/>
        <line num="29" count="22" type="stmt"/>
      </file>
      <file name="url.js" path="/Users/sel-hamr/Desktop/red-tetris/client/src/store/actions/url.js">
        <metrics statements="2" coveredstatements="2" conditionals="1" coveredconditionals="1" methods="1" coveredmethods="1"/>
        <line num="2" count="10" type="cond" truecount="1" falsecount="0"/>
        <line num="3" count="3" type="stmt"/>
      </file>
    </package>
    <package name="src.store.reducers">
      <metrics statements="59" coveredstatements="59" conditionals="51" coveredconditionals="51" methods="9" coveredmethods="9"/>
      <file name="authReducer.js" path="/Users/sel-hamr/Desktop/red-tetris/client/src/store/reducers/authReducer.js">
        <metrics statements="5" coveredstatements="5" conditionals="4" coveredconditionals="4" methods="1" coveredmethods="1"/>
        <line num="2" count="12" type="cond" truecount="1" falsecount="0"/>
        <line num="3" count="84" type="cond" truecount="3" falsecount="0"/>
        <line num="5" count="2" type="stmt"/>
        <line num="7" count="1" type="stmt"/>
        <line num="9" count="81" type="stmt"/>
      </file>
      <file name="errorReducer.js" path="/Users/sel-hamr/Desktop/red-tetris/client/src/store/reducers/errorReducer.js">
        <metrics statements="5" coveredstatements="5" conditionals="4" coveredconditionals="4" methods="1" coveredmethods="1"/>
        <line num="2" count="12" type="cond" truecount="1" falsecount="0"/>
        <line num="3" count="83" type="cond" truecount="3" falsecount="0"/>
        <line num="5" count="1" type="stmt"/>
        <line num="7" count="1" type="stmt"/>
        <line num="9" count="81" type="stmt"/>
      </file>
      <file name="gameReducer.js" path="/Users/sel-hamr/Desktop/red-tetris/client/src/store/reducers/gameReducer.js">
        <metrics statements="36" coveredstatements="36" conditionals="33" coveredconditionals="33" methods="4" coveredmethods="4"/>
        <line num="2" count="13" type="cond" truecount="2" falsecount="0"/>
        <line num="3" count="29" type="cond" truecount="2" falsecount="0"/>
        <line num="4" count="29" type="cond" truecount="2" falsecount="0"/>
        <line num="5" count="460" type="cond" truecount="2" falsecount="0"/>
        <line num="7" count="29" type="stmt"/>
        <line num="9" count="13" type="stmt"/>
        <line num="10" count="3" type="stmt"/>
        <line num="11" count="3" type="stmt"/>
        <line num="12" count="10" type="stmt"/>
        <line num="14" count="3" type="stmt"/>
        <line num="16" count="13" type="cond" truecount="1" falsecount="0"/>
        <line num="17" count="106" type="cond" truecount="22" falsecount="0"/>
        <line num="19" count="2" type="stmt"/>
        <line num="21" count="6" type="stmt"/>
        <line num="23" count="1" type="stmt"/>
        <line num="25" count="1" type="stmt"/>
        <line num="27" count="1" type="stmt"/>
        <line num="28" count="1" type="stmt"/>
        <line num="29" count="1" type="stmt"/>
        <line num="31" count="1" type="stmt"/>
        <line num="33" count="1" type="stmt"/>
        <line num="35" count="1" type="stmt"/>
        <line num="37" count="1" type="stmt"/>
        <line num="39" count="1" type="stmt"/>
        <line num="41" count="1" type="stmt"/>
        <line num="43" count="2" type="cond" truecount="2" falsecount="0"/>
        <line num="45" count="1" type="stmt"/>
        <line num="47" count="1" type="stmt"/>
        <line num="49" count="1" type="stmt"/>
        <line num="51" count="1" type="stmt"/>
        <line num="53" count="1" type="stmt"/>
        <line num="55" count="1" type="stmt"/>
        <line num="57" count="1" type="stmt"/>
        <line num="59" count="1" type="stmt"/>
        <line num="61" count="1" type="stmt"/>
        <line num="63" count="82" type="stmt"/>
      </file>
      <file name="index.js" path="/Users/sel-hamr/Desktop/red-tetris/client/src/store/reducers/index.js">
        <metrics statements="0" coveredstatements="0" conditionals="0" coveredconditionals="0" methods="0" coveredmethods="0"/>
      </file>
      <file name="roomReducer.js" path="/Users/sel-hamr/Desktop/red-tetris/client/src/store/reducers/roomReducer.js">
        <metrics statements="5" coveredstatements="5" conditionals="4" coveredconditionals="4" methods="1" coveredmethods="1"/>
        <line num="2" count="12" type="cond" truecount="1" falsecount="0"/>
        <line num="3" count="84" type="cond" truecount="3" falsecount="0"/>
        <line num="5" count="1" type="stmt"/>
        <line num="7" count="2" type="stmt"/>
        <line num="9" count="81" type="stmt"/>
      </file>
      <file name="socketReducer.js" path="/Users/sel-hamr/Desktop/red-tetris/client/src/store/reducers/socketReducer.js">
        <metrics statements="4" coveredstatements="4" conditionals="3" coveredconditionals="3" methods="1" coveredmethods="1"/>
        <line num="3" count="11" type="cond" truecount="1" falsecount="0"/>
        <line num="4" count="81" type="cond" truecount="2" falsecount="0"/>
        <line num="6" count="1" type="stmt"/>
        <line num="8" count="80" type="stmt"/>
      </file>
      <file name="urlReducer.js" path="/Users/sel-hamr/Desktop/red-tetris/client/src/store/reducers/urlReducer.js">
        <metrics statements="4" coveredstatements="4" conditionals="3" coveredconditionals="3" methods="1" coveredmethods="1"/>
        <line num="2" count="12" type="cond" truecount="1" falsecount="0"/>
        <line num="3" count="82" type="cond" truecount="2" falsecount="0"/>
        <line num="5" count="1" type="stmt"/>
        <line num="7" count="81" type="stmt"/>
      </file>
    </package>
  </project>
</coverage>
