<?xml version="1.0" encoding="UTF-8"?>
<coverage generated="1637344655549" clover="3.2.0">
  <project timestamp="1637344655549" name="All files">
    <metrics statements="363" coveredstatements="258" conditionals="252" coveredconditionals="182" methods="130" coveredmethods="91" elements="745" coveredelements="531" complexity="0" loc="363" ncloc="363" packages="7" files="30" classes="30"/>
    <package name="src">
      <metrics statements="3" coveredstatements="3" conditionals="4" coveredconditionals="3" methods="1" coveredmethods="1"/>
      <file name="Root.js" path="/Users/sel-hamr/Desktop/red-tetris/client/src/Root.js">
        <metrics statements="3" coveredstatements="3" conditionals="4" coveredconditionals="3" methods="1" coveredmethods="1"/>
        <line num="6" count="12" type="cond" truecount="2" falsecount="0"/>
        <line num="7" count="53" type="stmt"/>
        <line num="8" count="53" type="cond" truecount="1" falsecount="1"/>
      </file>
    </package>
    <package name="src.components">
      <metrics statements="52" coveredstatements="44" conditionals="69" coveredconditionals="50" methods="29" coveredmethods="23"/>
      <file name="App.js" path="/Users/sel-hamr/Desktop/red-tetris/client/src/components/App.js">
        <metrics statements="4" coveredstatements="0" conditionals="5" coveredconditionals="0" methods="2" coveredmethods="0"/>
        <line num="10" count="0" type="cond" truecount="0" falsecount="1"/>
        <line num="11" count="0" type="stmt"/>
        <line num="20" count="0" type="stmt"/>
        <line num="21" count="0" type="stmt"/>
      </file>
      <file name="Arena.js" path="/Users/sel-hamr/Desktop/red-tetris/client/src/components/Arena.js">
        <metrics statements="4" coveredstatements="3" conditionals="6" coveredconditionals="3" methods="4" coveredmethods="3"/>
        <line num="4" count="1" type="cond" truecount="1" falsecount="1"/>
        <line num="5" count="20" type="stmt"/>
        <line num="9" count="0" type="stmt"/>
        <line num="11" count="320" type="stmt"/>
      </file>
      <file name="Button.js" path="/Users/sel-hamr/Desktop/red-tetris/client/src/components/Button.js">
        <metrics statements="6" coveredstatements="6" conditionals="27" coveredconditionals="25" methods="3" coveredmethods="3"/>
        <line num="3" count="11" type="cond" truecount="3" falsecount="0"/>
        <line num="4" count="189" type="cond" truecount="2" falsecount="0"/>
        <line num="9" count="189" type="stmt"/>
        <line num="10" count="48" type="cond" truecount="4" falsecount="0"/>
        <line num="12" count="189" type="stmt"/>
        <line num="13" count="10" type="stmt"/>
      </file>
      <file name="Chat.js" path="/Users/sel-hamr/Desktop/red-tetris/client/src/components/Chat.js">
        <metrics statements="14" coveredstatements="14" conditionals="3" coveredconditionals="3" methods="6" coveredmethods="6"/>
        <line num="8" count="2" type="cond" truecount="1" falsecount="0"/>
        <line num="9" count="21" type="stmt"/>
        <line num="10" count="21" type="stmt"/>
        <line num="11" count="21" type="stmt"/>
        <line num="12" count="2" type="stmt"/>
        <line num="13" count="2" type="cond" truecount="2" falsecount="0"/>
        <line num="14" count="1" type="stmt"/>
        <line num="17" count="21" type="stmt"/>
        <line num="18" count="19" type="stmt"/>
        <line num="21" count="21" type="stmt"/>
        <line num="25" count="10" type="stmt"/>
        <line num="40" count="2" type="stmt"/>
        <line num="53" count="2" type="stmt"/>
        <line num="54" count="39" type="stmt"/>
      </file>
      <file name="Error.js" path="/Users/sel-hamr/Desktop/red-tetris/client/src/components/Error.js">
        <metrics statements="5" coveredstatements="4" conditionals="2" coveredconditionals="2" methods="3" coveredmethods="2"/>
        <line num="6" count="1" type="stmt"/>
        <line num="7" count="3" type="stmt"/>
        <line num="19" count="0" type="stmt"/>
        <line num="26" count="1" type="stmt"/>
        <line num="27" count="3" type="stmt"/>
      </file>
      <file name="Input.js" path="/Users/sel-hamr/Desktop/red-tetris/client/src/components/Input.js">
        <metrics statements="10" coveredstatements="8" conditionals="22" coveredconditionals="14" methods="5" coveredmethods="3"/>
        <line num="3" count="6" type="stmt"/>
        <line num="4" count="60" type="stmt"/>
        <line num="5" count="60" type="stmt"/>
        <line num="6" count="0" type="cond" truecount="0" falsecount="2"/>
        <line num="8" count="60" type="stmt"/>
        <line num="9" count="47" type="stmt"/>
        <line num="11" count="60" type="cond" truecount="3" falsecount="1"/>
        <line num="14" count="60" type="stmt"/>
        <line num="20" count="10" type="stmt"/>
        <line num="26" count="0" type="cond" truecount="0" falsecount="4"/>
      </file>
      <file name="ItemJoin.js" path="/Users/sel-hamr/Desktop/red-tetris/client/src/components/ItemJoin.js">
        <metrics statements="2" coveredstatements="2" conditionals="2" coveredconditionals="1" methods="1" coveredmethods="1"/>
        <line num="4" count="3" type="stmt"/>
        <line num="5" count="13" type="stmt"/>
      </file>
      <file name="NextPiece.js" path="/Users/sel-hamr/Desktop/red-tetris/client/src/components/NextPiece.js">
        <metrics statements="7" coveredstatements="7" conditionals="2" coveredconditionals="2" methods="5" coveredmethods="5"/>
        <line num="6" count="1" type="stmt"/>
        <line num="7" count="32" type="stmt"/>
        <line num="8" count="16" type="stmt"/>
        <line num="11" count="32" type="stmt"/>
        <line num="13" count="400" type="cond" truecount="2" falsecount="0"/>
        <line num="17" count="1" type="stmt"/>
        <line num="18" count="33" type="stmt"/>
      </file>
    </package>
    <package name="src.pages">
      <metrics statements="21" coveredstatements="16" conditionals="47" coveredconditionals="35" methods="12" coveredmethods="8"/>
      <file name="Game.js" path="/Users/sel-hamr/Desktop/red-tetris/client/src/pages/Game.js">
        <metrics statements="11" coveredstatements="8" conditionals="47" coveredconditionals="35" methods="7" coveredmethods="4"/>
        <line num="11" count="1" type="stmt"/>
        <line num="12" count="32" type="stmt"/>
        <line num="13" count="32" type="stmt"/>
        <line num="14" count="16" type="cond" truecount="4" falsecount="0"/>
        <line num="17" count="32" type="stmt"/>
        <line num="44" count="0" type="cond" truecount="0" falsecount="7"/>
        <line num="66" count="1" type="stmt"/>
        <line num="91" count="0" type="stmt"/>
        <line num="101" count="0" type="stmt"/>
        <line num="135" count="1" type="stmt"/>
        <line num="136" count="78" type="stmt"/>
      </file>
      <file name="Home.js" path="/Users/sel-hamr/Desktop/red-tetris/client/src/pages/Home.js">
        <metrics statements="10" coveredstatements="8" conditionals="0" coveredconditionals="0" methods="5" coveredmethods="4"/>
        <line num="11" count="1" type="stmt"/>
        <line num="12" count="10" type="stmt"/>
        <line num="13" count="10" type="stmt"/>
        <line num="14" count="10" type="stmt"/>
        <line num="32" count="1" type="stmt"/>
        <line num="40" count="1" type="stmt"/>
        <line num="43" count="0" type="stmt"/>
        <line num="44" count="0" type="stmt"/>
        <line num="54" count="1" type="stmt"/>
        <line num="55" count="8" type="stmt"/>
      </file>
    </package>
    <package name="src.parts">
      <metrics statements="71" coveredstatements="64" conditionals="64" coveredconditionals="51" methods="32" coveredmethods="25"/>
      <file name="BoxSingIn.js" path="/Users/sel-hamr/Desktop/red-tetris/client/src/parts/BoxSingIn.js">
        <metrics statements="14" coveredstatements="14" conditionals="8" coveredconditionals="8" methods="3" coveredmethods="3"/>
        <line num="10" count="2" type="stmt"/>
        <line num="11" count="17" type="stmt"/>
        <line num="12" count="17" type="stmt"/>
        <line num="13" count="17" type="stmt"/>
        <line num="14" count="3" type="stmt"/>
        <line num="15" count="3" type="cond" truecount="2" falsecount="0"/>
        <line num="16" count="1" type="stmt"/>
        <line num="17" count="1" type="stmt"/>
        <line num="20" count="1" type="stmt"/>
        <line num="21" count="2" type="stmt"/>
        <line num="23" count="17" type="stmt"/>
        <line num="38" count="4" type="stmt"/>
        <line num="39" count="4" type="stmt"/>
        <line num="40" count="4" type="cond" truecount="4" falsecount="0"/>
      </file>
      <file name="CreateRoom.js" path="/Users/sel-hamr/Desktop/red-tetris/client/src/parts/CreateRoom.js">
        <metrics statements="25" coveredstatements="24" conditionals="25" coveredconditionals="23" methods="8" coveredmethods="8"/>
        <line num="12" count="2" type="stmt"/>
        <line num="13" count="18" type="stmt"/>
        <line num="14" count="18" type="stmt"/>
        <line num="15" count="18" type="stmt"/>
        <line num="16" count="1" type="stmt"/>
        <line num="17" count="1" type="stmt"/>
        <line num="18" count="1" type="stmt"/>
        <line num="20" count="18" type="stmt"/>
        <line num="21" count="2" type="stmt"/>
        <line num="22" count="2" type="cond" truecount="2" falsecount="0"/>
        <line num="23" count="2" type="cond" truecount="2" falsecount="0"/>
        <line num="24" count="2" type="cond" truecount="4" falsecount="0"/>
        <line num="25" count="2" type="cond" truecount="5" falsecount="0"/>
        <line num="27" count="1" type="stmt"/>
        <line num="28" count="1" type="stmt"/>
        <line num="31" count="18" type="cond" truecount="2" falsecount="0"/>
        <line num="35" count="2" type="cond" truecount="1" falsecount="1"/>
        <line num="36" count="0" type="stmt"/>
        <line num="49" count="2" type="stmt"/>
        <line num="50" count="2" type="stmt"/>
        <line num="67" count="1" type="stmt"/>
        <line num="68" count="1" type="stmt"/>
        <line num="87" count="1" type="stmt"/>
        <line num="103" count="2" type="stmt"/>
        <line num="104" count="11" type="stmt"/>
      </file>
      <file name="Header.js" path="/Users/sel-hamr/Desktop/red-tetris/client/src/parts/Header.js">
        <metrics statements="5" coveredstatements="4" conditionals="2" coveredconditionals="2" methods="3" coveredmethods="2"/>
        <line num="7" count="4" type="stmt"/>
        <line num="8" count="29" type="stmt"/>
        <line num="14" count="0" type="stmt"/>
        <line num="22" count="4" type="stmt"/>
        <line num="23" count="46" type="stmt"/>
      </file>
      <file name="ListRooms.js" path="/Users/sel-hamr/Desktop/red-tetris/client/src/parts/ListRooms.js">
        <metrics statements="6" coveredstatements="6" conditionals="0" coveredconditionals="0" methods="4" coveredmethods="4"/>
        <line num="5" count="2" type="stmt"/>
        <line num="6" count="11" type="stmt"/>
        <line num="9" count="12" type="stmt"/>
        <line num="15" count="1" type="stmt"/>
        <line num="23" count="2" type="stmt"/>
        <line num="24" count="11" type="stmt"/>
      </file>
      <file name="ListUser.js" path="/Users/sel-hamr/Desktop/red-tetris/client/src/parts/ListUser.js">
        <metrics statements="7" coveredstatements="5" conditionals="15" coveredconditionals="12" methods="6" coveredmethods="3"/>
        <line num="4" count="3" type="stmt"/>
        <line num="5" count="32" type="stmt"/>
        <line num="8" count="0" type="stmt"/>
        <line num="20" count="0" type="stmt"/>
        <line num="28" count="3" type="cond" truecount="3" falsecount="0"/>
        <line num="29" count="16" type="stmt"/>
        <line num="32" count="32" type="stmt"/>
      </file>
      <file name="LiveGame.js" path="/Users/sel-hamr/Desktop/red-tetris/client/src/parts/LiveGame.js">
        <metrics statements="8" coveredstatements="7" conditionals="8" coveredconditionals="3" methods="4" coveredmethods="3"/>
        <line num="8" count="1" type="stmt"/>
        <line num="9" count="30" type="stmt"/>
        <line num="10" count="15" type="cond" truecount="1" falsecount="1"/>
        <line num="11" count="15" type="stmt"/>
        <line num="14" count="30" type="stmt"/>
        <line num="30" count="0" type="stmt"/>
        <line num="46" count="1" type="stmt"/>
        <line num="47" count="30" type="stmt"/>
      </file>
      <file name="StartGame.js" path="/Users/sel-hamr/Desktop/red-tetris/client/src/parts/StartGame.js">
        <metrics statements="6" coveredstatements="4" conditionals="6" coveredconditionals="3" methods="4" coveredmethods="2"/>
        <line num="6" count="2" type="stmt"/>
        <line num="7" count="15" type="stmt"/>
        <line num="16" count="0" type="stmt"/>
        <line num="25" count="0" type="stmt"/>
        <line num="37" count="2" type="stmt"/>
        <line num="38" count="15" type="stmt"/>
      </file>
    </package>
    <package name="src.services">
      <metrics statements="75" coveredstatements="0" conditionals="18" coveredconditionals="0" methods="20" coveredmethods="0"/>
      <file name="middleware.js" path="/Users/sel-hamr/Desktop/red-tetris/client/src/services/middleware.js">
        <metrics statements="75" coveredstatements="0" conditionals="18" coveredconditionals="0" methods="20" coveredmethods="0"/>
        <line num="7" count="0" type="stmt"/>
        <line num="8" count="0" type="stmt"/>
        <line num="9" count="0" type="stmt"/>
        <line num="10" count="0" type="stmt"/>
        <line num="11" count="0" type="cond" truecount="0" falsecount="2"/>
        <line num="12" count="0" type="stmt"/>
        <line num="13" count="0" type="stmt"/>
        <line num="15" count="0" type="stmt"/>
        <line num="16" count="0" type="stmt"/>
        <line num="22" count="0" type="stmt"/>
        <line num="23" count="0" type="cond" truecount="0" falsecount="2"/>
        <line num="24" count="0" type="stmt"/>
        <line num="25" count="0" type="stmt"/>
        <line num="26" count="0" type="stmt"/>
        <line num="27" count="0" type="stmt"/>
        <line num="28" count="0" type="stmt"/>
        <line num="29" count="0" type="stmt"/>
        <line num="31" count="0" type="stmt"/>
        <line num="32" count="0" type="stmt"/>
        <line num="33" count="0" type="stmt"/>
        <line num="34" count="0" type="stmt"/>
        <line num="35" count="0" type="stmt"/>
        <line num="36" count="0" type="stmt"/>
        <line num="37" count="0" type="stmt"/>
        <line num="38" count="0" type="stmt"/>
        <line num="39" count="0" type="stmt"/>
        <line num="41" count="0" type="stmt"/>
        <line num="42" count="0" type="cond" truecount="0" falsecount="2"/>
        <line num="43" count="0" type="stmt"/>
        <line num="45" count="0" type="stmt"/>
        <line num="48" count="0" type="stmt"/>
        <line num="49" count="0" type="stmt"/>
        <line num="50" count="0" type="stmt"/>
        <line num="51" count="0" type="stmt"/>
        <line num="53" count="0" type="stmt"/>
        <line num="54" count="0" type="stmt"/>
        <line num="60" count="0" type="stmt"/>
        <line num="61" count="0" type="cond" truecount="0" falsecount="2"/>
        <line num="62" count="0" type="stmt"/>
        <line num="63" count="0" type="stmt"/>
        <line num="64" count="0" type="stmt"/>
        <line num="65" count="0" type="stmt"/>
        <line num="66" count="0" type="stmt"/>
        <line num="67" count="0" type="stmt"/>
        <line num="68" count="0" type="stmt"/>
        <line num="69" count="0" type="stmt"/>
        <line num="70" count="0" type="stmt"/>
        <line num="73" count="0" type="stmt"/>
        <line num="74" count="0" type="stmt"/>
        <line num="75" count="0" type="stmt"/>
        <line num="76" count="0" type="stmt"/>
        <line num="79" count="0" type="stmt"/>
        <line num="80" count="0" type="stmt"/>
        <line num="81" count="0" type="stmt"/>
        <line num="84" count="0" type="stmt"/>
        <line num="85" count="0" type="stmt"/>
        <line num="86" count="0" type="stmt"/>
        <line num="89" count="0" type="stmt"/>
        <line num="90" count="0" type="stmt"/>
        <line num="93" count="0" type="stmt"/>
        <line num="94" count="0" type="cond" truecount="0" falsecount="2"/>
        <line num="95" count="0" type="stmt"/>
        <line num="96" count="0" type="stmt"/>
        <line num="97" count="0" type="stmt"/>
        <line num="98" count="0" type="stmt"/>
        <line num="102" count="0" type="stmt"/>
        <line num="103" count="0" type="cond" truecount="0" falsecount="2"/>
        <line num="104" count="0" type="stmt"/>
        <line num="105" count="0" type="cond" truecount="0" falsecount="6"/>
        <line num="106" count="0" type="stmt"/>
        <line num="107" count="0" type="stmt"/>
        <line num="109" count="0" type="stmt"/>
        <line num="115" count="0" type="stmt"/>
        <line num="117" count="0" type="stmt"/>
        <line num="118" count="0" type="stmt"/>
      </file>
    </package>
    <package name="src.store.actions">
      <metrics statements="81" coveredstatements="79" conditionals="0" coveredconditionals="0" methods="26" coveredmethods="24"/>
      <file name="auth.js" path="/Users/sel-hamr/Desktop/red-tetris/client/src/store/actions/auth.js">
        <metrics statements="4" coveredstatements="4" conditionals="0" coveredconditionals="0" methods="2" coveredmethods="2"/>
        <line num="2" count="9" type="stmt"/>
        <line num="3" count="2" type="stmt"/>
        <line num="9" count="9" type="stmt"/>
        <line num="10" count="1" type="stmt"/>
      </file>
      <file name="error.js" path="/Users/sel-hamr/Desktop/red-tetris/client/src/store/actions/error.js">
        <metrics statements="4" coveredstatements="4" conditionals="0" coveredconditionals="0" methods="2" coveredmethods="2"/>
        <line num="2" count="9" type="stmt"/>
        <line num="3" count="2" type="stmt"/>
        <line num="8" count="9" type="stmt"/>
        <line num="9" count="1" type="stmt"/>
      </file>
      <file name="game.js" path="/Users/sel-hamr/Desktop/red-tetris/client/src/store/actions/game.js">
        <metrics statements="40" coveredstatements="38" conditionals="0" coveredconditionals="0" methods="20" coveredmethods="18"/>
        <line num="3" count="8" type="stmt"/>
        <line num="4" count="1" type="stmt"/>
        <line num="9" count="8" type="stmt"/>
        <line num="10" count="2" type="stmt"/>
        <line num="16" count="8" type="stmt"/>
        <line num="17" count="2" type="stmt"/>
        <line num="23" count="8" type="stmt"/>
        <line num="24" count="1" type="stmt"/>
        <line num="29" count="8" type="stmt"/>
        <line num="30" count="17" type="stmt"/>
        <line num="36" count="8" type="stmt"/>
        <line num="37" count="17" type="stmt"/>
        <line num="42" count="8" type="stmt"/>
        <line num="43" count="2" type="stmt"/>
        <line num="52" count="8" type="stmt"/>
        <line num="53" count="2" type="stmt"/>
        <line num="59" count="8" type="stmt"/>
        <line num="60" count="17" type="stmt"/>
        <line num="65" count="8" type="stmt"/>
        <line num="66" count="0" type="stmt"/>
        <line num="74" count="8" type="stmt"/>
        <line num="75" count="2" type="stmt"/>
        <line num="81" count="8" type="stmt"/>
        <line num="82" count="0" type="stmt"/>
        <line num="90" count="8" type="stmt"/>
        <line num="91" count="2" type="stmt"/>
        <line num="97" count="8" type="stmt"/>
        <line num="98" count="2" type="stmt"/>
        <line num="104" count="8" type="stmt"/>
        <line num="105" count="2" type="stmt"/>
        <line num="113" count="8" type="stmt"/>
        <line num="114" count="21" type="stmt"/>
        <line num="120" count="8" type="stmt"/>
        <line num="121" count="1" type="stmt"/>
        <line num="125" count="8" type="stmt"/>
        <line num="126" count="1" type="stmt"/>
        <line num="130" count="8" type="stmt"/>
        <line num="131" count="2" type="stmt"/>
        <line num="136" count="8" type="stmt"/>
        <line num="137" count="1" type="stmt"/>
      </file>
      <file name="index.js" path="/Users/sel-hamr/Desktop/red-tetris/client/src/store/actions/index.js">
        <metrics statements="1" coveredstatements="1" conditionals="0" coveredconditionals="0" methods="0" coveredmethods="0"/>
        <line num="8" count="8" type="stmt"/>
      </file>
      <file name="rooms.js" path="/Users/sel-hamr/Desktop/red-tetris/client/src/store/actions/rooms.js">
        <metrics statements="4" coveredstatements="4" conditionals="0" coveredconditionals="0" methods="2" coveredmethods="2"/>
        <line num="3" count="9" type="stmt"/>
        <line num="4" count="2" type="stmt"/>
        <line num="10" count="9" type="stmt"/>
        <line num="11" count="2" type="stmt"/>
      </file>
      <file name="types.js" path="/Users/sel-hamr/Desktop/red-tetris/client/src/store/actions/types.js">
        <metrics statements="28" coveredstatements="28" conditionals="0" coveredconditionals="0" methods="0" coveredmethods="0"/>
        <line num="1" count="20" type="stmt"/>
        <line num="2" count="20" type="stmt"/>
        <line num="3" count="20" type="stmt"/>
        <line num="4" count="20" type="stmt"/>
        <line num="5" count="20" type="stmt"/>
        <line num="6" count="20" type="stmt"/>
        <line num="7" count="20" type="stmt"/>
        <line num="8" count="20" type="stmt"/>
        <line num="9" count="20" type="stmt"/>
        <line num="10" count="20" type="stmt"/>
        <line num="11" count="20" type="stmt"/>
        <line num="12" count="20" type="stmt"/>
        <line num="13" count="20" type="stmt"/>
        <line num="14" count="20" type="stmt"/>
        <line num="15" count="20" type="stmt"/>
        <line num="16" count="20" type="stmt"/>
        <line num="17" count="20" type="stmt"/>
        <line num="18" count="20" type="stmt"/>
        <line num="19" count="20" type="stmt"/>
        <line num="20" count="20" type="stmt"/>
        <line num="21" count="20" type="stmt"/>
        <line num="22" count="20" type="stmt"/>
        <line num="23" count="20" type="stmt"/>
        <line num="24" count="20" type="stmt"/>
        <line num="25" count="20" type="stmt"/>
        <line num="26" count="20" type="stmt"/>
        <line num="27" count="20" type="stmt"/>
        <line num="28" count="20" type="stmt"/>
      </file>
    </package>
    <package name="src.store.reducers">
      <metrics statements="60" coveredstatements="52" conditionals="50" coveredconditionals="43" methods="10" coveredmethods="10"/>
      <file name="authReducer.js" path="/Users/sel-hamr/Desktop/red-tetris/client/src/store/reducers/authReducer.js">
        <metrics statements="5" coveredstatements="5" conditionals="4" coveredconditionals="4" methods="1" coveredmethods="1"/>
        <line num="2" count="13" type="cond" truecount="1" falsecount="0"/>
        <line num="3" count="146" type="cond" truecount="3" falsecount="0"/>
        <line num="5" count="1" type="stmt"/>
        <line num="7" count="1" type="stmt"/>
        <line num="9" count="144" type="stmt"/>
      </file>
      <file name="errorReducer.js" path="/Users/sel-hamr/Desktop/red-tetris/client/src/store/reducers/errorReducer.js">
        <metrics statements="5" coveredstatements="5" conditionals="4" coveredconditionals="4" methods="1" coveredmethods="1"/>
        <line num="2" count="13" type="cond" truecount="1" falsecount="0"/>
        <line num="3" count="145" type="cond" truecount="3" falsecount="0"/>
        <line num="5" count="1" type="stmt"/>
        <line num="7" count="1" type="stmt"/>
        <line num="9" count="143" type="stmt"/>
      </file>
      <file name="gameReducer.js" path="/Users/sel-hamr/Desktop/red-tetris/client/src/store/reducers/gameReducer.js">
        <metrics statements="45" coveredstatements="37" conditionals="38" coveredconditionals="31" methods="7" coveredmethods="7"/>
        <line num="2" count="13" type="cond" truecount="2" falsecount="0"/>
        <line num="3" count="68" type="cond" truecount="2" falsecount="0"/>
        <line num="4" count="68" type="cond" truecount="2" falsecount="0"/>
        <line num="5" count="1045" type="cond" truecount="2" falsecount="0"/>
        <line num="7" count="68" type="stmt"/>
        <line num="9" count="13" type="stmt"/>
        <line num="10" count="18" type="stmt"/>
        <line num="11" count="18" type="stmt"/>
        <line num="12" count="40" type="stmt"/>
        <line num="14" count="18" type="stmt"/>
        <line num="16" count="13" type="cond" truecount="1" falsecount="0"/>
        <line num="17" count="145" type="cond" truecount="3" falsecount="0"/>
        <line num="19" count="1" type="stmt"/>
        <line num="21" count="17" type="stmt"/>
        <line num="23" count="127" type="stmt"/>
        <line num="26" count="13" type="cond" truecount="1" falsecount="0"/>
        <line num="27" count="146" type="cond" truecount="4" falsecount="1"/>
        <line num="29" count="1" type="stmt"/>
        <line num="31" count="0" type="stmt"/>
        <line num="33" count="1" type="stmt"/>
        <line num="35" count="1" type="stmt"/>
        <line num="37" count="143" type="stmt"/>
        <line num="40" count="13" type="cond" truecount="1" falsecount="0"/>
        <line num="41" count="144" type="cond" truecount="2" falsecount="1"/>
        <line num="43" count="1" type="stmt"/>
        <line num="45" count="0" type="stmt"/>
        <line num="47" count="143" type="stmt"/>
        <line num="50" count="13" type="cond" truecount="1" falsecount="0"/>
        <line num="51" count="154" type="cond" truecount="9" falsecount="4"/>
        <line num="53" count="2" type="stmt"/>
        <line num="55" count="6" type="stmt"/>
        <line num="57" count="16" type="stmt"/>
        <line num="59" count="16" type="stmt"/>
        <line num="61" count="0" type="stmt"/>
        <line num="62" count="0" type="stmt"/>
        <line num="63" count="0" type="stmt"/>
        <line num="65" count="0" type="stmt"/>
        <line num="67" count="0" type="stmt"/>
        <line num="69" count="0" type="stmt"/>
        <line num="71" count="1" type="stmt"/>
        <line num="73" count="20" type="stmt"/>
        <line num="75" count="1" type="stmt"/>
        <line num="77" count="1" type="stmt"/>
        <line num="78" count="1" type="cond" truecount="1" falsecount="1"/>
        <line num="80" count="95" type="stmt"/>
      </file>
      <file name="index.js" path="/Users/sel-hamr/Desktop/red-tetris/client/src/store/reducers/index.js">
        <metrics statements="0" coveredstatements="0" conditionals="0" coveredconditionals="0" methods="0" coveredmethods="0"/>
      </file>
      <file name="roomReducer.js" path="/Users/sel-hamr/Desktop/red-tetris/client/src/store/reducers/roomReducer.js">
        <metrics statements="5" coveredstatements="5" conditionals="4" coveredconditionals="4" methods="1" coveredmethods="1"/>
        <line num="2" count="13" type="cond" truecount="1" falsecount="0"/>
        <line num="3" count="146" type="cond" truecount="3" falsecount="0"/>
        <line num="5" count="1" type="stmt"/>
        <line num="7" count="1" type="stmt"/>
        <line num="9" count="144" type="stmt"/>
      </file>
    </package>
  </project>
</coverage>
