{"/Users/sel-hamr/Desktop/red-tetris/client/src/Root.js": {"path":"/Users/sel-hamr/Desktop/red-tetris/client/src/Root.js","statementMap":{"0":{"start":{"line":6,"column":13},"end":{"line":9,"column":1}},"1":{"start":{"line":7,"column":15},"end":{"line":7,"column":50}},"2":{"start":{"line":8,"column":1},"end":{"line":8,"column":54}}},"fnMap":{"0":{"name":"(anonymous_0)","decl":{"start":{"line":6,"column":13},"end":{"line":6,"column":14}},"loc":{"start":{"line":6,"column":50},"end":{"line":9,"column":1}},"line":6}},"branchMap":{"0":{"loc":{"start":{"line":6,"column":16},"end":{"line":6,"column":33}},"type":"default-arg","locations":[{"start":{"line":6,"column":31},"end":{"line":6,"column":33}}],"line":6}},"s":{"0":11,"1":53,"2":53},"f":{"0":53},"b":{"0":[4]},"_coverageSchema":"1a1c01bbd47fc00a2c39e90264f33305004495a9","hash":"621366d9a01aa58c1df1a640b710cf46b92f59e9"}
,"/Users/sel-hamr/Desktop/red-tetris/client/src/index.js": {"path":"/Users/sel-hamr/Desktop/red-tetris/client/src/index.js","statementMap":{"0":{"start":{"line":6,"column":0},"end":{"line":11,"column":2}}},"fnMap":{},"branchMap":{},"s":{"0":0},"f":{},"b":{}}
,"/Users/sel-hamr/Desktop/red-tetris/client/src/assets/utils/draw.js": {"path":"/Users/sel-hamr/Desktop/red-tetris/client/src/assets/utils/draw.js","statementMap":{"0":{"start":{"line":1,"column":20},"end":{"line":7,"column":1}},"1":{"start":{"line":2,"column":1},"end":{"line":5,"column":3}},"2":{"start":{"line":3,"column":2},"end":{"line":5,"column":3}},"3":{"start":{"line":4,"column":3},"end":{"line":4,"column":150}},"4":{"start":{"line":4,"column":119},"end":{"line":4,"column":150}},"5":{"start":{"line":6,"column":1},"end":{"line":6,"column":45}}},"fnMap":{"0":{"name":"(anonymous_0)","decl":{"start":{"line":1,"column":20},"end":{"line":1,"column":21}},"loc":{"start":{"line":1,"column":51},"end":{"line":7,"column":1}},"line":1}},"branchMap":{"0":{"loc":{"start":{"line":1,"column":37},"end":{"line":1,"column":46}},"type":"default-arg","locations":[{"start":{"line":1,"column":45},"end":{"line":1,"column":46}}],"line":1},"1":{"loc":{"start":{"line":2,"column":1},"end":{"line":5,"column":3}},"type":"if","locations":[{"start":{"line":2,"column":1},"end":{"line":5,"column":3}},{"start":{},"end":{}}],"line":2},"2":{"loc":{"start":{"line":2,"column":5},"end":{"line":2,"column":21}},"type":"binary-expr","locations":[{"start":{"line":2,"column":5},"end":{"line":2,"column":9}},{"start":{"line":2,"column":13},"end":{"line":2,"column":21}}],"line":2},"3":{"loc":{"start":{"line":4,"column":3},"end":{"line":4,"column":150}},"type":"if","locations":[{"start":{"line":4,"column":3},"end":{"line":4,"column":150}},{"start":{},"end":{}}],"line":4},"4":{"loc":{"start":{"line":4,"column":7},"end":{"line":4,"column":117}},"type":"binary-expr","locations":[{"start":{"line":4,"column":7},"end":{"line":4,"column":10}},{"start":{"line":4,"column":14},"end":{"line":4,"column":24}},{"start":{"line":4,"column":28},"end":{"line":4,"column":38}},{"start":{"line":4,"column":42},"end":{"line":4,"column":52}},{"start":{"line":4,"column":56},"end":{"line":4,"column":66}},{"start":{"line":4,"column":70},"end":{"line":4,"column":85}},{"start":{"line":4,"column":89},"end":{"line":4,"column":117}}],"line":4}},"s":{"0":1,"1":0,"2":0,"3":0,"4":0,"5":0},"f":{"0":0},"b":{"0":[0],"1":[0,0],"2":[0,0],"3":[0,0],"4":[0,0,0,0,0,0,0]},"_coverageSchema":"1a1c01bbd47fc00a2c39e90264f33305004495a9","hash":"f46c5e8a86594ca55ee003bb13540561f02658bf"}
,"/Users/sel-hamr/Desktop/red-tetris/client/src/assets/utils/shapes.js": {"path":"/Users/sel-hamr/Desktop/red-tetris/client/src/assets/utils/shapes.js","statementMap":{"0":{"start":{"line":1,"column":18},"end":{"line":12,"column":1}},"1":{"start":{"line":2,"column":1},"end":{"line":11,"column":3}},"2":{"start":{"line":14,"column":18},"end":{"line":25,"column":1}},"3":{"start":{"line":15,"column":1},"end":{"line":24,"column":3}},"4":{"start":{"line":26,"column":18},"end":{"line":37,"column":1}},"5":{"start":{"line":27,"column":1},"end":{"line":36,"column":3}},"6":{"start":{"line":38,"column":18},"end":{"line":49,"column":1}},"7":{"start":{"line":39,"column":1},"end":{"line":48,"column":3}},"8":{"start":{"line":51,"column":18},"end":{"line":62,"column":1}},"9":{"start":{"line":52,"column":1},"end":{"line":61,"column":3}},"10":{"start":{"line":64,"column":18},"end":{"line":75,"column":1}},"11":{"start":{"line":65,"column":1},"end":{"line":74,"column":3}},"12":{"start":{"line":77,"column":18},"end":{"line":88,"column":1}},"13":{"start":{"line":78,"column":1},"end":{"line":87,"column":3}},"14":{"start":{"line":90,"column":18},"end":{"line":101,"column":1}},"15":{"start":{"line":91,"column":1},"end":{"line":100,"column":3}},"16":{"start":{"line":102,"column":18},"end":{"line":113,"column":1}},"17":{"start":{"line":103,"column":1},"end":{"line":112,"column":3}},"18":{"start":{"line":115,"column":18},"end":{"line":126,"column":1}},"19":{"start":{"line":116,"column":1},"end":{"line":125,"column":3}},"20":{"start":{"line":128,"column":18},"end":{"line":139,"column":1}},"21":{"start":{"line":129,"column":1},"end":{"line":138,"column":3}},"22":{"start":{"line":141,"column":18},"end":{"line":152,"column":1}},"23":{"start":{"line":142,"column":1},"end":{"line":151,"column":3}},"24":{"start":{"line":154,"column":16},"end":{"line":165,"column":1}},"25":{"start":{"line":155,"column":1},"end":{"line":164,"column":3}},"26":{"start":{"line":167,"column":18},"end":{"line":178,"column":1}},"27":{"start":{"line":168,"column":1},"end":{"line":177,"column":3}},"28":{"start":{"line":180,"column":18},"end":{"line":191,"column":1}},"29":{"start":{"line":181,"column":1},"end":{"line":190,"column":3}},"30":{"start":{"line":193,"column":18},"end":{"line":204,"column":1}},"31":{"start":{"line":194,"column":1},"end":{"line":203,"column":3}},"32":{"start":{"line":206,"column":18},"end":{"line":217,"column":1}},"33":{"start":{"line":207,"column":1},"end":{"line":216,"column":3}},"34":{"start":{"line":219,"column":18},"end":{"line":230,"column":1}},"35":{"start":{"line":220,"column":1},"end":{"line":229,"column":3}},"36":{"start":{"line":232,"column":18},"end":{"line":243,"column":1}},"37":{"start":{"line":233,"column":1},"end":{"line":242,"column":3}},"38":{"start":{"line":245,"column":18},"end":{"line":256,"column":1}},"39":{"start":{"line":246,"column":1},"end":{"line":255,"column":3}},"40":{"start":{"line":258,"column":18},"end":{"line":269,"column":1}},"41":{"start":{"line":259,"column":1},"end":{"line":268,"column":3}},"42":{"start":{"line":271,"column":18},"end":{"line":282,"column":1}},"43":{"start":{"line":272,"column":1},"end":{"line":281,"column":3}},"44":{"start":{"line":284,"column":18},"end":{"line":295,"column":1}},"45":{"start":{"line":285,"column":1},"end":{"line":294,"column":3}},"46":{"start":{"line":297,"column":18},"end":{"line":308,"column":1}},"47":{"start":{"line":298,"column":1},"end":{"line":307,"column":3}},"48":{"start":{"line":310,"column":18},"end":{"line":321,"column":1}},"49":{"start":{"line":311,"column":1},"end":{"line":320,"column":3}}},"fnMap":{"0":{"name":"(anonymous_0)","decl":{"start":{"line":1,"column":18},"end":{"line":1,"column":19}},"loc":{"start":{"line":1,"column":34},"end":{"line":12,"column":1}},"line":1},"1":{"name":"(anonymous_1)","decl":{"start":{"line":14,"column":18},"end":{"line":14,"column":19}},"loc":{"start":{"line":14,"column":34},"end":{"line":25,"column":1}},"line":14},"2":{"name":"(anonymous_2)","decl":{"start":{"line":26,"column":18},"end":{"line":26,"column":19}},"loc":{"start":{"line":26,"column":34},"end":{"line":37,"column":1}},"line":26},"3":{"name":"(anonymous_3)","decl":{"start":{"line":38,"column":18},"end":{"line":38,"column":19}},"loc":{"start":{"line":38,"column":34},"end":{"line":49,"column":1}},"line":38},"4":{"name":"(anonymous_4)","decl":{"start":{"line":51,"column":18},"end":{"line":51,"column":19}},"loc":{"start":{"line":51,"column":34},"end":{"line":62,"column":1}},"line":51},"5":{"name":"(anonymous_5)","decl":{"start":{"line":64,"column":18},"end":{"line":64,"column":19}},"loc":{"start":{"line":64,"column":34},"end":{"line":75,"column":1}},"line":64},"6":{"name":"(anonymous_6)","decl":{"start":{"line":77,"column":18},"end":{"line":77,"column":19}},"loc":{"start":{"line":77,"column":34},"end":{"line":88,"column":1}},"line":77},"7":{"name":"(anonymous_7)","decl":{"start":{"line":90,"column":18},"end":{"line":90,"column":19}},"loc":{"start":{"line":90,"column":34},"end":{"line":101,"column":1}},"line":90},"8":{"name":"(anonymous_8)","decl":{"start":{"line":102,"column":18},"end":{"line":102,"column":19}},"loc":{"start":{"line":102,"column":34},"end":{"line":113,"column":1}},"line":102},"9":{"name":"(anonymous_9)","decl":{"start":{"line":115,"column":18},"end":{"line":115,"column":19}},"loc":{"start":{"line":115,"column":34},"end":{"line":126,"column":1}},"line":115},"10":{"name":"(anonymous_10)","decl":{"start":{"line":128,"column":18},"end":{"line":128,"column":19}},"loc":{"start":{"line":128,"column":34},"end":{"line":139,"column":1}},"line":128},"11":{"name":"(anonymous_11)","decl":{"start":{"line":141,"column":18},"end":{"line":141,"column":19}},"loc":{"start":{"line":141,"column":34},"end":{"line":152,"column":1}},"line":141},"12":{"name":"(anonymous_12)","decl":{"start":{"line":154,"column":16},"end":{"line":154,"column":17}},"loc":{"start":{"line":154,"column":32},"end":{"line":165,"column":1}},"line":154},"13":{"name":"(anonymous_13)","decl":{"start":{"line":167,"column":18},"end":{"line":167,"column":19}},"loc":{"start":{"line":167,"column":34},"end":{"line":178,"column":1}},"line":167},"14":{"name":"(anonymous_14)","decl":{"start":{"line":180,"column":18},"end":{"line":180,"column":19}},"loc":{"start":{"line":180,"column":34},"end":{"line":191,"column":1}},"line":180},"15":{"name":"(anonymous_15)","decl":{"start":{"line":193,"column":18},"end":{"line":193,"column":19}},"loc":{"start":{"line":193,"column":34},"end":{"line":204,"column":1}},"line":193},"16":{"name":"(anonymous_16)","decl":{"start":{"line":206,"column":18},"end":{"line":206,"column":19}},"loc":{"start":{"line":206,"column":34},"end":{"line":217,"column":1}},"line":206},"17":{"name":"(anonymous_17)","decl":{"start":{"line":219,"column":18},"end":{"line":219,"column":19}},"loc":{"start":{"line":219,"column":34},"end":{"line":230,"column":1}},"line":219},"18":{"name":"(anonymous_18)","decl":{"start":{"line":232,"column":18},"end":{"line":232,"column":19}},"loc":{"start":{"line":232,"column":34},"end":{"line":243,"column":1}},"line":232},"19":{"name":"(anonymous_19)","decl":{"start":{"line":245,"column":18},"end":{"line":245,"column":19}},"loc":{"start":{"line":245,"column":34},"end":{"line":256,"column":1}},"line":245},"20":{"name":"(anonymous_20)","decl":{"start":{"line":258,"column":18},"end":{"line":258,"column":19}},"loc":{"start":{"line":258,"column":34},"end":{"line":269,"column":1}},"line":258},"21":{"name":"(anonymous_21)","decl":{"start":{"line":271,"column":18},"end":{"line":271,"column":19}},"loc":{"start":{"line":271,"column":34},"end":{"line":282,"column":1}},"line":271},"22":{"name":"(anonymous_22)","decl":{"start":{"line":284,"column":18},"end":{"line":284,"column":19}},"loc":{"start":{"line":284,"column":34},"end":{"line":295,"column":1}},"line":284},"23":{"name":"(anonymous_23)","decl":{"start":{"line":297,"column":18},"end":{"line":297,"column":19}},"loc":{"start":{"line":297,"column":34},"end":{"line":308,"column":1}},"line":297},"24":{"name":"(anonymous_24)","decl":{"start":{"line":310,"column":18},"end":{"line":310,"column":19}},"loc":{"start":{"line":310,"column":34},"end":{"line":321,"column":1}},"line":310}},"branchMap":{},"s":{"0":1,"1":0,"2":1,"3":0,"4":1,"5":0,"6":1,"7":0,"8":1,"9":0,"10":1,"11":0,"12":1,"13":0,"14":1,"15":0,"16":1,"17":0,"18":1,"19":0,"20":1,"21":0,"22":1,"23":0,"24":1,"25":0,"26":1,"27":0,"28":1,"29":0,"30":1,"31":0,"32":1,"33":0,"34":1,"35":0,"36":1,"37":0,"38":1,"39":0,"40":1,"41":0,"42":1,"43":0,"44":1,"45":0,"46":1,"47":0,"48":1,"49":0},"f":{"0":0,"1":0,"2":0,"3":0,"4":0,"5":0,"6":0,"7":0,"8":0,"9":0,"10":0,"11":0,"12":0,"13":0,"14":0,"15":0,"16":0,"17":0,"18":0,"19":0,"20":0,"21":0,"22":0,"23":0,"24":0},"b":{},"_coverageSchema":"1a1c01bbd47fc00a2c39e90264f33305004495a9","hash":"1c12cd94e077d7bd43fde91265f83ba61d9ad6a2"}
,"/Users/sel-hamr/Desktop/red-tetris/client/src/assets/utils/validator.js": {"path":"/Users/sel-hamr/Desktop/red-tetris/client/src/assets/utils/validator.js","statementMap":{"0":{"start":{"line":1,"column":18},"end":{"line":13,"column":1}},"1":{"start":{"line":2,"column":1},"end":{"line":2,"column":45}},"2":{"start":{"line":2,"column":32},"end":{"line":2,"column":45}},"3":{"start":{"line":3,"column":20},"end":{"line":11,"column":2}},"4":{"start":{"line":12,"column":1},"end":{"line":12,"column":39}}},"fnMap":{"0":{"name":"(anonymous_0)","decl":{"start":{"line":1,"column":18},"end":{"line":1,"column":19}},"loc":{"start":{"line":1,"column":40},"end":{"line":13,"column":1}},"line":1}},"branchMap":{"0":{"loc":{"start":{"line":2,"column":1},"end":{"line":2,"column":45}},"type":"if","locations":[{"start":{"line":2,"column":1},"end":{"line":2,"column":45}},{"start":{},"end":{}}],"line":2},"1":{"loc":{"start":{"line":4,"column":12},"end":{"line":4,"column":82}},"type":"binary-expr","locations":[{"start":{"line":4,"column":12},"end":{"line":4,"column":41}},{"start":{"line":4,"column":45},"end":{"line":4,"column":61}},{"start":{"line":4,"column":65},"end":{"line":4,"column":82}}],"line":4},"2":{"loc":{"start":{"line":5,"column":12},"end":{"line":5,"column":75}},"type":"binary-expr","locations":[{"start":{"line":5,"column":12},"end":{"line":5,"column":30}},{"start":{"line":5,"column":35},"end":{"line":5,"column":53}},{"start":{"line":5,"column":57},"end":{"line":5,"column":74}}],"line":5},"3":{"loc":{"start":{"line":6,"column":15},"end":{"line":6,"column":80}},"type":"binary-expr","locations":[{"start":{"line":6,"column":15},"end":{"line":6,"column":33}},{"start":{"line":6,"column":38},"end":{"line":6,"column":56}},{"start":{"line":6,"column":60},"end":{"line":6,"column":79}}],"line":6},"4":{"loc":{"start":{"line":7,"column":8},"end":{"line":7,"column":78}},"type":"binary-expr","locations":[{"start":{"line":7,"column":8},"end":{"line":7,"column":37}},{"start":{"line":7,"column":41},"end":{"line":7,"column":57}},{"start":{"line":7,"column":61},"end":{"line":7,"column":78}}],"line":7},"5":{"loc":{"start":{"line":8,"column":13},"end":{"line":8,"column":84}},"type":"binary-expr","locations":[{"start":{"line":8,"column":13},"end":{"line":8,"column":36}},{"start":{"line":8,"column":40},"end":{"line":8,"column":59}},{"start":{"line":8,"column":63},"end":{"line":8,"column":84}}],"line":8},"6":{"loc":{"start":{"line":12,"column":8},"end":{"line":12,"column":38}},"type":"cond-expr","locations":[{"start":{"line":12,"column":26},"end":{"line":12,"column":30}},{"start":{"line":12,"column":33},"end":{"line":12,"column":38}}],"line":12}},"s":{"0":5,"1":16,"2":2,"3":14,"4":14},"f":{"0":16},"b":{"0":[2,14],"1":[14,7,6],"2":[14,11,11],"3":[14,11,10],"4":[14,7,6],"5":[14,1,1],"6":[7,7]},"_coverageSchema":"1a1c01bbd47fc00a2c39e90264f33305004495a9","hash":"4158103b287f61cf08903b5611bc8536399babe8"}
,"/Users/sel-hamr/Desktop/red-tetris/client/src/components/App.js": {"path":"/Users/sel-hamr/Desktop/red-tetris/client/src/components/App.js","statementMap":{"0":{"start":{"line":10,"column":12},"end":{"line":19,"column":1}},"1":{"start":{"line":11,"column":1},"end":{"line":18,"column":3}},"2":{"start":{"line":20,"column":24},"end":{"line":26,"column":1}},"3":{"start":{"line":21,"column":1},"end":{"line":25,"column":3}}},"fnMap":{"0":{"name":"(anonymous_0)","decl":{"start":{"line":10,"column":12},"end":{"line":10,"column":13}},"loc":{"start":{"line":10,"column":56},"end":{"line":19,"column":1}},"line":10},"1":{"name":"(anonymous_1)","decl":{"start":{"line":20,"column":24},"end":{"line":20,"column":25}},"loc":{"start":{"line":20,"column":35},"end":{"line":26,"column":1}},"line":20}},"branchMap":{"0":{"loc":{"start":{"line":15,"column":5},"end":{"line":15,"column":90}},"type":"cond-expr","locations":[{"start":{"line":15,"column":21},"end":{"line":15,"column":23}},{"start":{"line":15,"column":26},"end":{"line":15,"column":90}}],"line":15},"1":{"loc":{"start":{"line":15,"column":26},"end":{"line":15,"column":90}},"type":"cond-expr","locations":[{"start":{"line":15,"column":43},"end":{"line":15,"column":54}},{"start":{"line":15,"column":57},"end":{"line":15,"column":90}}],"line":15},"2":{"loc":{"start":{"line":15,"column":57},"end":{"line":15,"column":90}},"type":"cond-expr","locations":[{"start":{"line":15,"column":71},"end":{"line":15,"column":79}},{"start":{"line":15,"column":82},"end":{"line":15,"column":90}}],"line":15}},"s":{"0":1,"1":1,"2":1,"3":1},"f":{"0":1,"1":1},"b":{"0":[0,1],"1":[1,0],"2":[0,0]},"_coverageSchema":"1a1c01bbd47fc00a2c39e90264f33305004495a9","hash":"3cb9b621ccd3bb3560f42aa6e90a1314d0db6691"}
,"/Users/sel-hamr/Desktop/red-tetris/client/src/components/Arena.js": {"path":"/Users/sel-hamr/Desktop/red-tetris/client/src/components/Arena.js","statementMap":{"0":{"start":{"line":4,"column":14},"end":{"line":14,"column":1}},"1":{"start":{"line":5,"column":1},"end":{"line":13,"column":3}},"2":{"start":{"line":9,"column":21},"end":{"line":9,"column":33}},"3":{"start":{"line":11,"column":28},"end":{"line":11,"column":94}},"4":{"start":{"line":11,"column":52},"end":{"line":11,"column":93}}},"fnMap":{"0":{"name":"(anonymous_0)","decl":{"start":{"line":4,"column":14},"end":{"line":4,"column":15}},"loc":{"start":{"line":4,"column":91},"end":{"line":14,"column":1}},"line":4},"1":{"name":"(anonymous_1)","decl":{"start":{"line":9,"column":14},"end":{"line":9,"column":15}},"loc":{"start":{"line":9,"column":21},"end":{"line":9,"column":33}},"line":9},"2":{"name":"(anonymous_2)","decl":{"start":{"line":11,"column":13},"end":{"line":11,"column":14}},"loc":{"start":{"line":11,"column":28},"end":{"line":11,"column":94}},"line":11},"3":{"name":"(anonymous_3)","decl":{"start":{"line":11,"column":37},"end":{"line":11,"column":38}},"loc":{"start":{"line":11,"column":52},"end":{"line":11,"column":93}},"line":11}},"branchMap":{"0":{"loc":{"start":{"line":4,"column":36},"end":{"line":4,"column":50}},"type":"default-arg","locations":[{"start":{"line":4,"column":48},"end":{"line":4,"column":50}}],"line":4},"1":{"loc":{"start":{"line":4,"column":69},"end":{"line":4,"column":84}},"type":"default-arg","locations":[{"start":{"line":4,"column":80},"end":{"line":4,"column":84}}],"line":4},"2":{"loc":{"start":{"line":7,"column":23},"end":{"line":7,"column":73}},"type":"cond-expr","locations":[{"start":{"line":7,"column":42},"end":{"line":7,"column":56}},{"start":{"line":7,"column":59},"end":{"line":7,"column":73}}],"line":7},"3":{"loc":{"start":{"line":7,"column":77},"end":{"line":7,"column":111}},"type":"cond-expr","locations":[{"start":{"line":7,"column":91},"end":{"line":7,"column":106}},{"start":{"line":7,"column":109},"end":{"line":7,"column":111}}],"line":7}},"s":{"0":3,"1":24,"2":1,"3":96,"4":384},"f":{"0":24,"1":1,"2":96,"3":384},"b":{"0":[24],"1":[6],"2":[2,22],"3":[20,4]},"_coverageSchema":"1a1c01bbd47fc00a2c39e90264f33305004495a9","hash":"22bc872094a4bc7384b1182e262af6cbbe7cce69"}
,"/Users/sel-hamr/Desktop/red-tetris/client/src/components/BoxHeader.js": {"path":"/Users/sel-hamr/Desktop/red-tetris/client/src/components/BoxHeader.js","statementMap":{"0":{"start":{"line":3,"column":18},"end":{"line":9,"column":1}},"1":{"start":{"line":4,"column":1},"end":{"line":8,"column":3}}},"fnMap":{"0":{"name":"(anonymous_0)","decl":{"start":{"line":3,"column":18},"end":{"line":3,"column":19}},"loc":{"start":{"line":3,"column":42},"end":{"line":9,"column":1}},"line":3}},"branchMap":{"0":{"loc":{"start":{"line":5,"column":69},"end":{"line":5,"column":111}},"type":"cond-expr","locations":[{"start":{"line":5,"column":80},"end":{"line":5,"column":106}},{"start":{"line":5,"column":109},"end":{"line":5,"column":111}}],"line":5}},"s":{"0":3,"1":110},"f":{"0":110},"b":{"0":[0,110]},"_coverageSchema":"1a1c01bbd47fc00a2c39e90264f33305004495a9","hash":"075b1132f4d3a66d171750d8dea42723b4907213"}
,"/Users/sel-hamr/Desktop/red-tetris/client/src/components/Button.js": {"path":"/Users/sel-hamr/Desktop/red-tetris/client/src/components/Button.js","statementMap":{"0":{"start":{"line":3,"column":15},"end":{"line":18,"column":1}},"1":{"start":{"line":4,"column":20},"end":{"line":8,"column":16}},"2":{"start":{"line":9,"column":17},"end":{"line":11,"column":2}},"3":{"start":{"line":10,"column":2},"end":{"line":10,"column":140}},"4":{"start":{"line":12,"column":1},"end":{"line":17,"column":3}},"5":{"start":{"line":13,"column":49},"end":{"line":13,"column":59}}},"fnMap":{"0":{"name":"(anonymous_0)","decl":{"start":{"line":3,"column":15},"end":{"line":3,"column":16}},"loc":{"start":{"line":3,"column":132},"end":{"line":18,"column":1}},"line":3},"1":{"name":"(anonymous_1)","decl":{"start":{"line":9,"column":17},"end":{"line":9,"column":18}},"loc":{"start":{"line":9,"column":23},"end":{"line":11,"column":2}},"line":9},"2":{"name":"(anonymous_2)","decl":{"start":{"line":13,"column":42},"end":{"line":13,"column":43}},"loc":{"start":{"line":13,"column":49},"end":{"line":13,"column":59}},"line":13}},"branchMap":{"0":{"loc":{"start":{"line":3,"column":82},"end":{"line":3,"column":92}},"type":"default-arg","locations":[{"start":{"line":3,"column":90},"end":{"line":3,"column":92}}],"line":3},"1":{"loc":{"start":{"line":3,"column":94},"end":{"line":3,"column":110}},"type":"default-arg","locations":[{"start":{"line":3,"column":105},"end":{"line":3,"column":110}}],"line":3},"2":{"loc":{"start":{"line":3,"column":112},"end":{"line":3,"column":125}},"type":"default-arg","locations":[{"start":{"line":3,"column":119},"end":{"line":3,"column":125}}],"line":3},"3":{"loc":{"start":{"line":4,"column":27},"end":{"line":4,"column":72}},"type":"cond-expr","locations":[{"start":{"line":4,"column":45},"end":{"line":4,"column":57}},{"start":{"line":4,"column":60},"end":{"line":4,"column":72}}],"line":4},"4":{"loc":{"start":{"line":5,"column":2},"end":{"line":5,"column":129}},"type":"cond-expr","locations":[{"start":{"line":5,"column":23},"end":{"line":5,"column":37}},{"start":{"line":5,"column":40},"end":{"line":5,"column":129}}],"line":5},"5":{"loc":{"start":{"line":5,"column":40},"end":{"line":5,"column":129}},"type":"cond-expr","locations":[{"start":{"line":5,"column":60},"end":{"line":5,"column":73}},{"start":{"line":5,"column":76},"end":{"line":5,"column":129}}],"line":5},"6":{"loc":{"start":{"line":5,"column":76},"end":{"line":5,"column":129}},"type":"cond-expr","locations":[{"start":{"line":5,"column":98},"end":{"line":5,"column":113}},{"start":{"line":5,"column":116},"end":{"line":5,"column":129}}],"line":5},"7":{"loc":{"start":{"line":6,"column":5},"end":{"line":6,"column":139}},"type":"cond-expr","locations":[{"start":{"line":6,"column":24},"end":{"line":6,"column":39}},{"start":{"line":6,"column":42},"end":{"line":6,"column":139}}],"line":6},"8":{"loc":{"start":{"line":6,"column":42},"end":{"line":6,"column":139}},"type":"cond-expr","locations":[{"start":{"line":6,"column":62},"end":{"line":6,"column":118}},{"start":{"line":6,"column":122},"end":{"line":6,"column":139}}],"line":6},"9":{"loc":{"start":{"line":6,"column":62},"end":{"line":6,"column":118}},"type":"cond-expr","locations":[{"start":{"line":6,"column":80},"end":{"line":6,"column":98}},{"start":{"line":6,"column":101},"end":{"line":6,"column":118}}],"line":6},"10":{"loc":{"start":{"line":6,"column":143},"end":{"line":6,"column":174}},"type":"cond-expr","locations":[{"start":{"line":6,"column":154},"end":{"line":6,"column":169}},{"start":{"line":6,"column":172},"end":{"line":6,"column":174}}],"line":6},"11":{"loc":{"start":{"line":7,"column":2},"end":{"line":7,"column":17}},"type":"binary-expr","locations":[{"start":{"line":7,"column":2},"end":{"line":7,"column":11}},{"start":{"line":7,"column":15},"end":{"line":7,"column":17}}],"line":7},"12":{"loc":{"start":{"line":10,"column":49},"end":{"line":10,"column":93}},"type":"cond-expr","locations":[{"start":{"line":10,"column":61},"end":{"line":10,"column":72}},{"start":{"line":10,"column":75},"end":{"line":10,"column":93}}],"line":10},"13":{"loc":{"start":{"line":10,"column":120},"end":{"line":10,"column":133}},"type":"cond-expr","locations":[{"start":{"line":10,"column":127},"end":{"line":10,"column":129}},{"start":{"line":10,"column":132},"end":{"line":10,"column":133}}],"line":10},"14":{"loc":{"start":{"line":14,"column":4},"end":{"line":14,"column":25}},"type":"cond-expr","locations":[{"start":{"line":14,"column":11},"end":{"line":14,"column":20}},{"start":{"line":14,"column":23},"end":{"line":14,"column":25}}],"line":14}},"s":{"0":12,"1":200,"2":200,"3":48,"4":200,"5":11},"f":{"0":200,"1":48,"2":11},"b":{"0":[100],"1":[182],"2":[112],"3":[112,88],"4":[136,64],"5":[0,64],"6":[18,46],"7":[122,78],"8":[20,58],"9":[20,0],"10":[18,182],"11":[200,130],"12":[18,30],"13":[18,30],"14":[48,152]},"_coverageSchema":"1a1c01bbd47fc00a2c39e90264f33305004495a9","hash":"5477c1432499795a531f32a1438995e5310b60ab"}
,"/Users/sel-hamr/Desktop/red-tetris/client/src/components/Chat.js": {"path":"/Users/sel-hamr/Desktop/red-tetris/client/src/components/Chat.js","statementMap":{"0":{"start":{"line":8,"column":13},"end":{"line":52,"column":1}},"1":{"start":{"line":9,"column":31},"end":{"line":9,"column":43}},"2":{"start":{"line":10,"column":17},"end":{"line":10,"column":35}},"3":{"start":{"line":11,"column":22},"end":{"line":16,"column":2}},"4":{"start":{"line":12,"column":2},"end":{"line":12,"column":17}},"5":{"start":{"line":13,"column":2},"end":{"line":15,"column":3}},"6":{"start":{"line":14,"column":3},"end":{"line":14,"column":35}},"7":{"start":{"line":17,"column":1},"end":{"line":20,"column":8}},"8":{"start":{"line":18,"column":2},"end":{"line":18,"column":34}},"9":{"start":{"line":21,"column":1},"end":{"line":51,"column":3}},"10":{"start":{"line":25,"column":5},"end":{"line":31,"column":9}},"11":{"start":{"line":40,"column":6},"end":{"line":40,"column":24}},"12":{"start":{"line":53,"column":24},"end":{"line":59,"column":1}},"13":{"start":{"line":54,"column":1},"end":{"line":58,"column":3}}},"fnMap":{"0":{"name":"(anonymous_0)","decl":{"start":{"line":8,"column":13},"end":{"line":8,"column":14}},"loc":{"start":{"line":8,"column":71},"end":{"line":52,"column":1}},"line":8},"1":{"name":"(anonymous_1)","decl":{"start":{"line":11,"column":22},"end":{"line":11,"column":23}},"loc":{"start":{"line":11,"column":28},"end":{"line":16,"column":2}},"line":11},"2":{"name":"(anonymous_2)","decl":{"start":{"line":17,"column":17},"end":{"line":17,"column":18}},"loc":{"start":{"line":17,"column":23},"end":{"line":20,"column":2}},"line":17},"3":{"name":"(anonymous_3)","decl":{"start":{"line":24,"column":21},"end":{"line":24,"column":22}},"loc":{"start":{"line":25,"column":5},"end":{"line":31,"column":9}},"line":25},"4":{"name":"(anonymous_4)","decl":{"start":{"line":39,"column":15},"end":{"line":39,"column":16}},"loc":{"start":{"line":39,"column":26},"end":{"line":41,"column":6}},"line":39},"5":{"name":"(anonymous_5)","decl":{"start":{"line":53,"column":24},"end":{"line":53,"column":25}},"loc":{"start":{"line":53,"column":35},"end":{"line":59,"column":1}},"line":53}},"branchMap":{"0":{"loc":{"start":{"line":8,"column":24},"end":{"line":8,"column":40}},"type":"default-arg","locations":[{"start":{"line":8,"column":38},"end":{"line":8,"column":40}}],"line":8},"1":{"loc":{"start":{"line":13,"column":2},"end":{"line":15,"column":3}},"type":"if","locations":[{"start":{"line":13,"column":2},"end":{"line":15,"column":3}},{"start":{},"end":{}}],"line":13}},"s":{"0":3,"1":20,"2":20,"3":20,"4":2,"5":2,"6":1,"7":20,"8":18,"9":20,"10":10,"11":2,"12":3,"13":36},"f":{"0":20,"1":2,"2":18,"3":10,"4":2,"5":36},"b":{"0":[0],"1":[1,1]},"_coverageSchema":"1a1c01bbd47fc00a2c39e90264f33305004495a9","hash":"1fb25e60647e4129b901fae67ed231e936f42123"}
,"/Users/sel-hamr/Desktop/red-tetris/client/src/components/Error.js": {"path":"/Users/sel-hamr/Desktop/red-tetris/client/src/components/Error.js","statementMap":{"0":{"start":{"line":6,"column":14},"end":{"line":26,"column":1}},"1":{"start":{"line":7,"column":1},"end":{"line":25,"column":3}},"2":{"start":{"line":20,"column":5},"end":{"line":20,"column":24}}},"fnMap":{"0":{"name":"(anonymous_0)","decl":{"start":{"line":6,"column":14},"end":{"line":6,"column":15}},"loc":{"start":{"line":6,"column":47},"end":{"line":26,"column":1}},"line":6},"1":{"name":"(anonymous_1)","decl":{"start":{"line":19,"column":13},"end":{"line":19,"column":14}},"loc":{"start":{"line":19,"column":19},"end":{"line":21,"column":5}},"line":19}},"branchMap":{"0":{"loc":{"start":{"line":8,"column":27},"end":{"line":8,"column":61}},"type":"cond-expr","locations":[{"start":{"line":8,"column":41},"end":{"line":8,"column":56}},{"start":{"line":8,"column":59},"end":{"line":8,"column":61}}],"line":8}},"s":{"0":2,"1":4,"2":1},"f":{"0":4,"1":1},"b":{"0":[2,2]},"_coverageSchema":"1a1c01bbd47fc00a2c39e90264f33305004495a9","hash":"b963bc380a88682f82d04c04609ee62a4aa04858"}
,"/Users/sel-hamr/Desktop/red-tetris/client/src/components/Input.js": {"path":"/Users/sel-hamr/Desktop/red-tetris/client/src/components/Input.js","statementMap":{"0":{"start":{"line":3,"column":14},"end":{"line":30,"column":1}},"1":{"start":{"line":4,"column":18},"end":{"line":4,"column":30}},"2":{"start":{"line":5,"column":12},"end":{"line":7,"column":2}},"3":{"start":{"line":6,"column":2},"end":{"line":6,"column":57}},"4":{"start":{"line":6,"column":21},"end":{"line":6,"column":57}},"5":{"start":{"line":8,"column":1},"end":{"line":10,"column":21}},"6":{"start":{"line":9,"column":2},"end":{"line":9,"column":27}},"7":{"start":{"line":11,"column":19},"end":{"line":13,"column":63}},"8":{"start":{"line":14,"column":1},"end":{"line":29,"column":3}},"9":{"start":{"line":20,"column":4},"end":{"line":20,"column":35}},"10":{"start":{"line":26,"column":4},"end":{"line":26,"column":60}},"11":{"start":{"line":26,"column":44},"end":{"line":26,"column":60}}},"fnMap":{"0":{"name":"(anonymous_0)","decl":{"start":{"line":3,"column":14},"end":{"line":3,"column":15}},"loc":{"start":{"line":3,"column":25},"end":{"line":30,"column":1}},"line":3},"1":{"name":"(anonymous_1)","decl":{"start":{"line":5,"column":12},"end":{"line":5,"column":13}},"loc":{"start":{"line":5,"column":19},"end":{"line":7,"column":2}},"line":5},"2":{"name":"(anonymous_2)","decl":{"start":{"line":8,"column":11},"end":{"line":8,"column":12}},"loc":{"start":{"line":8,"column":17},"end":{"line":10,"column":2}},"line":8},"3":{"name":"(anonymous_3)","decl":{"start":{"line":19,"column":13},"end":{"line":19,"column":14}},"loc":{"start":{"line":19,"column":20},"end":{"line":21,"column":4}},"line":19},"4":{"name":"(anonymous_4)","decl":{"start":{"line":25,"column":12},"end":{"line":25,"column":13}},"loc":{"start":{"line":25,"column":19},"end":{"line":27,"column":4}},"line":25}},"branchMap":{"0":{"loc":{"start":{"line":6,"column":2},"end":{"line":6,"column":57}},"type":"if","locations":[{"start":{"line":6,"column":2},"end":{"line":6,"column":57}},{"start":{},"end":{}}],"line":6},"1":{"loc":{"start":{"line":11,"column":28},"end":{"line":11,"column":49}},"type":"binary-expr","locations":[{"start":{"line":11,"column":28},"end":{"line":11,"column":43}},{"start":{"line":11,"column":47},"end":{"line":11,"column":49}}],"line":11},"2":{"loc":{"start":{"line":11,"column":53},"end":{"line":11,"column":88}},"type":"cond-expr","locations":[{"start":{"line":11,"column":69},"end":{"line":11,"column":83}},{"start":{"line":11,"column":86},"end":{"line":11,"column":88}}],"line":11},"3":{"loc":{"start":{"line":12,"column":2},"end":{"line":12,"column":112}},"type":"cond-expr","locations":[{"start":{"line":12,"column":28},"end":{"line":12,"column":42}},{"start":{"line":12,"column":45},"end":{"line":12,"column":112}}],"line":12},"4":{"loc":{"start":{"line":12,"column":45},"end":{"line":12,"column":112}},"type":"cond-expr","locations":[{"start":{"line":12,"column":76},"end":{"line":12,"column":95}},{"start":{"line":12,"column":98},"end":{"line":12,"column":112}}],"line":12},"5":{"loc":{"start":{"line":13,"column":5},"end":{"line":13,"column":61}},"type":"cond-expr","locations":[{"start":{"line":13,"column":30},"end":{"line":13,"column":44}},{"start":{"line":13,"column":47},"end":{"line":13,"column":61}}],"line":13},"6":{"loc":{"start":{"line":22,"column":10},"end":{"line":22,"column":55}},"type":"cond-expr","locations":[{"start":{"line":22,"column":32},"end":{"line":22,"column":50}},{"start":{"line":22,"column":53},"end":{"line":22,"column":55}}],"line":22},"7":{"loc":{"start":{"line":23,"column":16},"end":{"line":23,"column":59}},"type":"cond-expr","locations":[{"start":{"line":23,"column":37},"end":{"line":23,"column":54}},{"start":{"line":23,"column":57},"end":{"line":23,"column":59}}],"line":23},"8":{"loc":{"start":{"line":24,"column":10},"end":{"line":24,"column":41}},"type":"cond-expr","locations":[{"start":{"line":24,"column":25},"end":{"line":24,"column":36}},{"start":{"line":24,"column":39},"end":{"line":24,"column":41}}],"line":24},"9":{"loc":{"start":{"line":26,"column":4},"end":{"line":26,"column":60}},"type":"if","locations":[{"start":{"line":26,"column":4},"end":{"line":26,"column":60}},{"start":{},"end":{}}],"line":26},"10":{"loc":{"start":{"line":26,"column":8},"end":{"line":26,"column":42}},"type":"binary-expr","locations":[{"start":{"line":26,"column":8},"end":{"line":26,"column":24}},{"start":{"line":26,"column":28},"end":{"line":26,"column":42}}],"line":26}},"s":{"0":8,"1":64,"2":64,"3":1,"4":1,"5":64,"6":46,"7":64,"8":64,"9":10,"10":2,"11":1},"f":{"0":64,"1":1,"2":46,"3":10,"4":2},"b":{"0":[1,0],"1":[64,3],"2":[3,61],"3":[13,51],"4":[20,31],"5":[33,31],"6":[15,49],"7":[61,3],"8":[20,44],"9":[1,1],"10":[2,1]},"_coverageSchema":"1a1c01bbd47fc00a2c39e90264f33305004495a9","hash":"1194efcbb9070084cbb0a18b4599de0c1e1db906"}
,"/Users/sel-hamr/Desktop/red-tetris/client/src/components/ItemJoin.js": {"path":"/Users/sel-hamr/Desktop/red-tetris/client/src/components/ItemJoin.js","statementMap":{"0":{"start":{"line":4,"column":17},"end":{"line":12,"column":1}},"1":{"start":{"line":5,"column":1},"end":{"line":11,"column":3}}},"fnMap":{"0":{"name":"(anonymous_0)","decl":{"start":{"line":4,"column":17},"end":{"line":4,"column":18}},"loc":{"start":{"line":4,"column":58},"end":{"line":12,"column":1}},"line":4}},"branchMap":{"0":{"loc":{"start":{"line":8,"column":77},"end":{"line":8,"column":125}},"type":"cond-expr","locations":[{"start":{"line":8,"column":97},"end":{"line":8,"column":105}},{"start":{"line":8,"column":108},"end":{"line":8,"column":125}}],"line":8}},"s":{"0":3,"1":12},"f":{"0":12},"b":{"0":[0,12]},"_coverageSchema":"1a1c01bbd47fc00a2c39e90264f33305004495a9","hash":"2e9a2bec9d3374266c724bdf28a0eef360147037"}
,"/Users/sel-hamr/Desktop/red-tetris/client/src/components/Logo.js": {"path":"/Users/sel-hamr/Desktop/red-tetris/client/src/components/Logo.js","statementMap":{"0":{"start":{"line":4,"column":13},"end":{"line":13,"column":1}},"1":{"start":{"line":5,"column":2},"end":{"line":12,"column":4}}},"fnMap":{"0":{"name":"(anonymous_0)","decl":{"start":{"line":4,"column":13},"end":{"line":4,"column":14}},"loc":{"start":{"line":4,"column":19},"end":{"line":13,"column":1}},"line":4}},"branchMap":{},"s":{"0":6,"1":29},"f":{"0":29},"b":{},"_coverageSchema":"1a1c01bbd47fc00a2c39e90264f33305004495a9","hash":"733ac13883ffb2411ef3b43d4e3a41187900a745"}
,"/Users/sel-hamr/Desktop/red-tetris/client/src/components/NextPiece.js": {"path":"/Users/sel-hamr/Desktop/red-tetris/client/src/components/NextPiece.js","statementMap":{"0":{"start":{"line":6,"column":18},"end":{"line":12,"column":1}},"1":{"start":{"line":7,"column":1},"end":{"line":11,"column":3}},"2":{"start":{"line":9,"column":63},"end":{"line":9,"column":120}},"3":{"start":{"line":9,"column":87},"end":{"line":9,"column":119}},"4":{"start":{"line":13,"column":24},"end":{"line":17,"column":1}},"5":{"start":{"line":14,"column":1},"end":{"line":16,"column":3}}},"fnMap":{"0":{"name":"(anonymous_0)","decl":{"start":{"line":6,"column":18},"end":{"line":6,"column":19}},"loc":{"start":{"line":6,"column":58},"end":{"line":12,"column":1}},"line":6},"1":{"name":"(anonymous_1)","decl":{"start":{"line":9,"column":48},"end":{"line":9,"column":49}},"loc":{"start":{"line":9,"column":63},"end":{"line":9,"column":120}},"line":9},"2":{"name":"(anonymous_2)","decl":{"start":{"line":9,"column":72},"end":{"line":9,"column":73}},"loc":{"start":{"line":9,"column":87},"end":{"line":9,"column":119}},"line":9},"3":{"name":"(anonymous_3)","decl":{"start":{"line":13,"column":24},"end":{"line":13,"column":25}},"loc":{"start":{"line":13,"column":35},"end":{"line":17,"column":1}},"line":13}},"branchMap":{"0":{"loc":{"start":{"line":9,"column":4},"end":{"line":9,"column":121}},"type":"cond-expr","locations":[{"start":{"line":9,"column":29},"end":{"line":9,"column":31}},{"start":{"line":9,"column":34},"end":{"line":9,"column":121}}],"line":9}},"s":{"0":2,"1":15,"2":60,"3":240,"4":2,"5":30},"f":{"0":15,"1":60,"2":240,"3":30},"b":{"0":[0,15]},"_coverageSchema":"1a1c01bbd47fc00a2c39e90264f33305004495a9","hash":"4dcd537c88065c8159ce27e3aa6ef54a8bdd9e07"}
,"/Users/sel-hamr/Desktop/red-tetris/client/src/components/Piece.js": {"path":"/Users/sel-hamr/Desktop/red-tetris/client/src/components/Piece.js","statementMap":{"0":{"start":{"line":3,"column":14},"end":{"line":5,"column":1}},"1":{"start":{"line":4,"column":1},"end":{"line":4,"column":118}}},"fnMap":{"0":{"name":"(anonymous_0)","decl":{"start":{"line":3,"column":14},"end":{"line":3,"column":15}},"loc":{"start":{"line":3,"column":39},"end":{"line":5,"column":1}},"line":3}},"branchMap":{"0":{"loc":{"start":{"line":4,"column":32},"end":{"line":4,"column":62}},"type":"cond-expr","locations":[{"start":{"line":4,"column":43},"end":{"line":4,"column":57}},{"start":{"line":4,"column":60},"end":{"line":4,"column":62}}],"line":4},"1":{"loc":{"start":{"line":4,"column":66},"end":{"line":4,"column":107}},"type":"cond-expr","locations":[{"start":{"line":4,"column":80},"end":{"line":4,"column":102}},{"start":{"line":4,"column":105},"end":{"line":4,"column":107}}],"line":4}},"s":{"0":3,"1":528},"f":{"0":528},"b":{"0":[288,240],"1":[528,0]},"_coverageSchema":"1a1c01bbd47fc00a2c39e90264f33305004495a9","hash":"a71ab5f9813796dd47c4f47d342e7f80d6b9694b"}
,"/Users/sel-hamr/Desktop/red-tetris/client/src/components/Radio.js": {"path":"/Users/sel-hamr/Desktop/red-tetris/client/src/components/Radio.js","statementMap":{"0":{"start":{"line":3,"column":14},"end":{"line":20,"column":1}},"1":{"start":{"line":4,"column":1},"end":{"line":19,"column":3}},"2":{"start":{"line":7,"column":4},"end":{"line":16,"column":6}},"3":{"start":{"line":22,"column":22},"end":{"line":48,"column":1}},"4":{"start":{"line":23,"column":16},"end":{"line":23,"column":34}},"5":{"start":{"line":24,"column":1},"end":{"line":47,"column":3}},"6":{"start":{"line":34,"column":5},"end":{"line":34,"column":30}}},"fnMap":{"0":{"name":"(anonymous_0)","decl":{"start":{"line":3,"column":14},"end":{"line":3,"column":15}},"loc":{"start":{"line":3,"column":83},"end":{"line":20,"column":1}},"line":3},"1":{"name":"(anonymous_1)","decl":{"start":{"line":6,"column":15},"end":{"line":6,"column":16}},"loc":{"start":{"line":7,"column":4},"end":{"line":16,"column":6}},"line":7},"2":{"name":"(anonymous_2)","decl":{"start":{"line":22,"column":22},"end":{"line":22,"column":23}},"loc":{"start":{"line":22,"column":84},"end":{"line":48,"column":1}},"line":22},"3":{"name":"(anonymous_3)","decl":{"start":{"line":33,"column":14},"end":{"line":33,"column":15}},"loc":{"start":{"line":33,"column":21},"end":{"line":35,"column":5}},"line":33}},"branchMap":{"0":{"loc":{"start":{"line":3,"column":23},"end":{"line":3,"column":34}},"type":"default-arg","locations":[{"start":{"line":3,"column":32},"end":{"line":3,"column":34}}],"line":3},"1":{"loc":{"start":{"line":13,"column":11},"end":{"line":13,"column":53}},"type":"cond-expr","locations":[{"start":{"line":13,"column":37},"end":{"line":13,"column":46}},{"start":{"line":13,"column":49},"end":{"line":13,"column":53}}],"line":13},"2":{"loc":{"start":{"line":13,"column":11},"end":{"line":13,"column":34}},"type":"binary-expr","locations":[{"start":{"line":13,"column":11},"end":{"line":13,"column":21}},{"start":{"line":13,"column":25},"end":{"line":13,"column":34}}],"line":13},"3":{"loc":{"start":{"line":36,"column":13},"end":{"line":36,"column":50}},"type":"cond-expr","locations":[{"start":{"line":36,"column":38},"end":{"line":36,"column":42}},{"start":{"line":36,"column":45},"end":{"line":36,"column":50}}],"line":36},"4":{"loc":{"start":{"line":40,"column":5},"end":{"line":40,"column":128}},"type":"cond-expr","locations":[{"start":{"line":40,"column":59},"end":{"line":40,"column":90}},{"start":{"line":40,"column":93},"end":{"line":40,"column":128}}],"line":40},"5":{"loc":{"start":{"line":40,"column":5},"end":{"line":40,"column":56}},"type":"binary-expr","locations":[{"start":{"line":40,"column":5},"end":{"line":40,"column":11}},{"start":{"line":40,"column":15},"end":{"line":40,"column":30}},{"start":{"line":40,"column":34},"end":{"line":40,"column":56}}],"line":40},"6":{"loc":{"start":{"line":43,"column":5},"end":{"line":43,"column":158}},"type":"cond-expr","locations":[{"start":{"line":43,"column":21},"end":{"line":43,"column":153}},{"start":{"line":43,"column":156},"end":{"line":43,"column":158}}],"line":43},"7":{"loc":{"start":{"line":43,"column":41},"end":{"line":43,"column":121}},"type":"cond-expr","locations":[{"start":{"line":43,"column":95},"end":{"line":43,"column":107}},{"start":{"line":43,"column":110},"end":{"line":43,"column":121}}],"line":43},"8":{"loc":{"start":{"line":43,"column":41},"end":{"line":43,"column":92}},"type":"binary-expr","locations":[{"start":{"line":43,"column":41},"end":{"line":43,"column":47}},{"start":{"line":43,"column":51},"end":{"line":43,"column":66}},{"start":{"line":43,"column":70},"end":{"line":43,"column":92}}],"line":43}},"s":{"0":3,"1":20,"2":40,"3":3,"4":40,"5":40,"6":2},"f":{"0":20,"1":40,"2":40,"3":2},"b":{"0":[0],"1":[20,20],"2":[40,20],"3":[5,35],"4":[5,35],"5":[40,40,28],"6":[20,20],"7":[3,17],"8":[20,20,14]},"_coverageSchema":"1a1c01bbd47fc00a2c39e90264f33305004495a9","hash":"241ac49d218884eb48e666f024d8b9eb34381610"}
,"/Users/sel-hamr/Desktop/red-tetris/client/src/pages/Game.js": {"path":"/Users/sel-hamr/Desktop/red-tetris/client/src/pages/Game.js","statementMap":{"0":{"start":{"line":11,"column":13},"end":{"line":132,"column":1}},"1":{"start":{"line":12,"column":18},"end":{"line":12,"column":30}},"2":{"start":{"line":13,"column":1},"end":{"line":15,"column":16}},"3":{"start":{"line":14,"column":2},"end":{"line":14,"column":62}},"4":{"start":{"line":14,"column":37},"end":{"line":14,"column":62}},"5":{"start":{"line":17,"column":1},"end":{"line":131,"column":3}},"6":{"start":{"line":44,"column":8},"end":{"line":44,"column":147}},"7":{"start":{"line":44,"column":110},"end":{"line":44,"column":147}},"8":{"start":{"line":66,"column":10},"end":{"line":66,"column":38}},"9":{"start":{"line":90,"column":8},"end":{"line":90,"column":33}},"10":{"start":{"line":100,"column":9},"end":{"line":100,"column":35}},"11":{"start":{"line":134,"column":24},"end":{"line":142,"column":1}},"12":{"start":{"line":135,"column":1},"end":{"line":141,"column":3}}},"fnMap":{"0":{"name":"(anonymous_0)","decl":{"start":{"line":11,"column":13},"end":{"line":11,"column":14}},"loc":{"start":{"line":11,"column":46},"end":{"line":132,"column":1}},"line":11},"1":{"name":"(anonymous_1)","decl":{"start":{"line":13,"column":17},"end":{"line":13,"column":18}},"loc":{"start":{"line":13,"column":23},"end":{"line":15,"column":2}},"line":13},"2":{"name":"(anonymous_2)","decl":{"start":{"line":43,"column":18},"end":{"line":43,"column":19}},"loc":{"start":{"line":43,"column":25},"end":{"line":45,"column":8}},"line":43},"3":{"name":"(anonymous_3)","decl":{"start":{"line":65,"column":18},"end":{"line":65,"column":19}},"loc":{"start":{"line":65,"column":24},"end":{"line":67,"column":10}},"line":65},"4":{"name":"(anonymous_4)","decl":{"start":{"line":89,"column":16},"end":{"line":89,"column":17}},"loc":{"start":{"line":89,"column":22},"end":{"line":91,"column":8}},"line":89},"5":{"name":"(anonymous_5)","decl":{"start":{"line":99,"column":17},"end":{"line":99,"column":18}},"loc":{"start":{"line":99,"column":23},"end":{"line":101,"column":9}},"line":99},"6":{"name":"(anonymous_6)","decl":{"start":{"line":134,"column":24},"end":{"line":134,"column":25}},"loc":{"start":{"line":134,"column":35},"end":{"line":142,"column":1}},"line":134}},"branchMap":{"0":{"loc":{"start":{"line":14,"column":2},"end":{"line":14,"column":62}},"type":"if","locations":[{"start":{"line":14,"column":2},"end":{"line":14,"column":62}},{"start":{},"end":{}}],"line":14},"1":{"loc":{"start":{"line":14,"column":6},"end":{"line":14,"column":35}},"type":"binary-expr","locations":[{"start":{"line":14,"column":6},"end":{"line":14,"column":14}},{"start":{"line":14,"column":18},"end":{"line":14,"column":35}}],"line":14},"2":{"loc":{"start":{"line":26,"column":5},"end":{"line":26,"column":91}},"type":"cond-expr","locations":[{"start":{"line":26,"column":38},"end":{"line":26,"column":50}},{"start":{"line":26,"column":53},"end":{"line":26,"column":91}}],"line":26},"3":{"loc":{"start":{"line":28,"column":6},"end":{"line":38,"column":6}},"type":"cond-expr","locations":[{"start":{"line":29,"column":6},"end":{"line":29,"column":19}},{"start":{"line":30,"column":9},"end":{"line":38,"column":6}}],"line":28},"4":{"loc":{"start":{"line":28,"column":6},"end":{"line":28,"column":55}},"type":"binary-expr","locations":[{"start":{"line":28,"column":6},"end":{"line":28,"column":31}},{"start":{"line":28,"column":35},"end":{"line":28,"column":55}}],"line":28},"5":{"loc":{"start":{"line":30,"column":9},"end":{"line":38,"column":6}},"type":"cond-expr","locations":[{"start":{"line":31,"column":6},"end":{"line":35,"column":12}},{"start":{"line":37,"column":6},"end":{"line":37,"column":8}}],"line":30},"6":{"loc":{"start":{"line":30,"column":9},"end":{"line":30,"column":58}},"type":"binary-expr","locations":[{"start":{"line":30,"column":9},"end":{"line":30,"column":34}},{"start":{"line":30,"column":38},"end":{"line":30,"column":58}}],"line":30},"7":{"loc":{"start":{"line":39,"column":6},"end":{"line":50,"column":6}},"type":"cond-expr","locations":[{"start":{"line":40,"column":6},"end":{"line":47,"column":8}},{"start":{"line":49,"column":6},"end":{"line":49,"column":8}}],"line":39},"8":{"loc":{"start":{"line":39,"column":6},"end":{"line":39,"column":85}},"type":"binary-expr","locations":[{"start":{"line":39,"column":7},"end":{"line":39,"column":32}},{"start":{"line":39,"column":36},"end":{"line":39,"column":55}},{"start":{"line":39,"column":60},"end":{"line":39,"column":85}}],"line":39},"9":{"loc":{"start":{"line":44,"column":8},"end":{"line":44,"column":147}},"type":"if","locations":[{"start":{"line":44,"column":8},"end":{"line":44,"column":147}},{"start":{},"end":{}}],"line":44},"10":{"loc":{"start":{"line":44,"column":12},"end":{"line":44,"column":108}},"type":"binary-expr","locations":[{"start":{"line":44,"column":12},"end":{"line":44,"column":28}},{"start":{"line":44,"column":32},"end":{"line":44,"column":48}},{"start":{"line":44,"column":52},"end":{"line":44,"column":68}},{"start":{"line":44,"column":72},"end":{"line":44,"column":88}},{"start":{"line":44,"column":92},"end":{"line":44,"column":108}}],"line":44},"11":{"loc":{"start":{"line":51,"column":6},"end":{"line":73,"column":6}},"type":"cond-expr","locations":[{"start":{"line":52,"column":6},"end":{"line":52,"column":8}},{"start":{"line":54,"column":6},"end":{"line":72,"column":12}}],"line":51},"12":{"loc":{"start":{"line":51,"column":6},"end":{"line":51,"column":93}},"type":"binary-expr","locations":[{"start":{"line":51,"column":7},"end":{"line":51,"column":16}},{"start":{"line":51,"column":20},"end":{"line":51,"column":40}},{"start":{"line":51,"column":46},"end":{"line":51,"column":55}},{"start":{"line":51,"column":59},"end":{"line":51,"column":92}}],"line":51},"13":{"loc":{"start":{"line":58,"column":8},"end":{"line":71,"column":8}},"type":"cond-expr","locations":[{"start":{"line":59,"column":8},"end":{"line":68,"column":10}},{"start":{"line":70,"column":8},"end":{"line":70,"column":10}}],"line":58},"14":{"loc":{"start":{"line":74,"column":6},"end":{"line":82,"column":6}},"type":"cond-expr","locations":[{"start":{"line":75,"column":6},"end":{"line":79,"column":12}},{"start":{"line":81,"column":6},"end":{"line":81,"column":8}}],"line":74},"15":{"loc":{"start":{"line":74,"column":6},"end":{"line":74,"column":34}},"type":"binary-expr","locations":[{"start":{"line":74,"column":6},"end":{"line":74,"column":15}},{"start":{"line":74,"column":19},"end":{"line":74,"column":34}}],"line":74},"16":{"loc":{"start":{"line":93,"column":7},"end":{"line":105,"column":7}},"type":"cond-expr","locations":[{"start":{"line":94,"column":7},"end":{"line":102,"column":9}},{"start":{"line":104,"column":7},"end":{"line":104,"column":9}}],"line":93},"17":{"loc":{"start":{"line":93,"column":7},"end":{"line":93,"column":131}},"type":"binary-expr","locations":[{"start":{"line":93,"column":7},"end":{"line":93,"column":16}},{"start":{"line":93,"column":20},"end":{"line":93,"column":45}},{"start":{"line":93,"column":49},"end":{"line":93,"column":68}},{"start":{"line":93,"column":73},"end":{"line":93,"column":106}},{"start":{"line":93,"column":110},"end":{"line":93,"column":130}}],"line":93},"18":{"loc":{"start":{"line":96,"column":14},"end":{"line":96,"column":55}},"type":"cond-expr","locations":[{"start":{"line":96,"column":32},"end":{"line":96,"column":40}},{"start":{"line":96,"column":43},"end":{"line":96,"column":55}}],"line":96},"19":{"loc":{"start":{"line":109,"column":38},"end":{"line":109,"column":92}},"type":"cond-expr","locations":[{"start":{"line":109,"column":76},"end":{"line":109,"column":87}},{"start":{"line":109,"column":90},"end":{"line":109,"column":92}}],"line":109}},"s":{"0":2,"1":30,"2":30,"3":15,"4":9,"5":30,"6":0,"7":0,"8":0,"9":0,"10":0,"11":2,"12":58},"f":{"0":30,"1":15,"2":0,"3":0,"4":0,"5":0,"6":58},"b":{"0":[9,6],"1":[15,15],"2":[28,2],"3":[12,18],"4":[30,24],"5":[6,12],"6":[18,6],"7":[18,12],"8":[30,24,18],"9":[0,0],"10":[0,0,0,0,0],"11":[28,2],"12":[30,30,2,2],"13":[2,0],"14":[0,30],"15":[30,30],"16":[10,20],"17":[30,30,24,12,12],"18":[0,10],"19":[30,0]},"_coverageSchema":"1a1c01bbd47fc00a2c39e90264f33305004495a9","hash":"af2ceb61223f91f50fb17a67a198373e4fffcfd0"}
,"/Users/sel-hamr/Desktop/red-tetris/client/src/pages/Home.js": {"path":"/Users/sel-hamr/Desktop/red-tetris/client/src/pages/Home.js","statementMap":{"0":{"start":{"line":11,"column":13},"end":{"line":53,"column":1}},"1":{"start":{"line":12,"column":31},"end":{"line":12,"column":52}},"2":{"start":{"line":13,"column":37},"end":{"line":13,"column":55}},"3":{"start":{"line":14,"column":1},"end":{"line":52,"column":3}},"4":{"start":{"line":32,"column":7},"end":{"line":32,"column":24}},"5":{"start":{"line":40,"column":6},"end":{"line":40,"column":27}},"6":{"start":{"line":43,"column":6},"end":{"line":43,"column":35}},"7":{"start":{"line":44,"column":6},"end":{"line":44,"column":44}},"8":{"start":{"line":54,"column":24},"end":{"line":58,"column":1}},"9":{"start":{"line":55,"column":1},"end":{"line":57,"column":3}}},"fnMap":{"0":{"name":"(anonymous_0)","decl":{"start":{"line":11,"column":13},"end":{"line":11,"column":14}},"loc":{"start":{"line":11,"column":47},"end":{"line":53,"column":1}},"line":11},"1":{"name":"(anonymous_1)","decl":{"start":{"line":31,"column":15},"end":{"line":31,"column":16}},"loc":{"start":{"line":31,"column":21},"end":{"line":33,"column":7}},"line":31},"2":{"name":"(anonymous_2)","decl":{"start":{"line":39,"column":15},"end":{"line":39,"column":16}},"loc":{"start":{"line":39,"column":26},"end":{"line":41,"column":6}},"line":39},"3":{"name":"(anonymous_3)","decl":{"start":{"line":42,"column":14},"end":{"line":42,"column":15}},"loc":{"start":{"line":42,"column":20},"end":{"line":45,"column":6}},"line":42},"4":{"name":"(anonymous_4)","decl":{"start":{"line":54,"column":24},"end":{"line":54,"column":25}},"loc":{"start":{"line":54,"column":35},"end":{"line":58,"column":1}},"line":54}},"branchMap":{},"s":{"0":2,"1":10,"2":10,"3":10,"4":1,"5":1,"6":0,"7":0,"8":2,"9":8},"f":{"0":10,"1":1,"2":1,"3":0,"4":8},"b":{},"_coverageSchema":"1a1c01bbd47fc00a2c39e90264f33305004495a9","hash":"3e58dc330da2493e2470188d34831dee9f75a7b7"}
,"/Users/sel-hamr/Desktop/red-tetris/client/src/pages/Welcome.js": {"path":"/Users/sel-hamr/Desktop/red-tetris/client/src/pages/Welcome.js","statementMap":{"0":{"start":{"line":5,"column":16},"end":{"line":14,"column":1}},"1":{"start":{"line":6,"column":1},"end":{"line":13,"column":3}}},"fnMap":{"0":{"name":"(anonymous_0)","decl":{"start":{"line":5,"column":16},"end":{"line":5,"column":17}},"loc":{"start":{"line":5,"column":22},"end":{"line":14,"column":1}},"line":5}},"branchMap":{},"s":{"0":2,"1":4},"f":{"0":4},"b":{},"_coverageSchema":"1a1c01bbd47fc00a2c39e90264f33305004495a9","hash":"ce688debc6f5b77475e0b066b4b0209d82109edb"}
,"/Users/sel-hamr/Desktop/red-tetris/client/src/parts/BoxSingIn.js": {"path":"/Users/sel-hamr/Desktop/red-tetris/client/src/parts/BoxSingIn.js","statementMap":{"0":{"start":{"line":10,"column":18},"end":{"line":49,"column":1}},"1":{"start":{"line":11,"column":33},"end":{"line":11,"column":45}},"2":{"start":{"line":12,"column":37},"end":{"line":12,"column":52}},"3":{"start":{"line":13,"column":26},"end":{"line":22,"column":2}},"4":{"start":{"line":14,"column":20},"end":{"line":14,"column":51}},"5":{"start":{"line":15,"column":2},"end":{"line":21,"column":29}},"6":{"start":{"line":16,"column":3},"end":{"line":16,"column":40}},"7":{"start":{"line":17,"column":18},"end":{"line":19,"column":5}},"8":{"start":{"line":20,"column":3},"end":{"line":20,"column":31}},"9":{"start":{"line":21,"column":9},"end":{"line":21,"column":29}},"10":{"start":{"line":23,"column":1},"end":{"line":48,"column":3}},"11":{"start":{"line":38,"column":5},"end":{"line":38,"column":20}},"12":{"start":{"line":39,"column":23},"end":{"line":39,"column":47}},"13":{"start":{"line":40,"column":5},"end":{"line":40,"column":55}},"14":{"start":{"line":40,"column":34},"end":{"line":40,"column":55}}},"fnMap":{"0":{"name":"(anonymous_0)","decl":{"start":{"line":10,"column":18},"end":{"line":10,"column":19}},"loc":{"start":{"line":10,"column":29},"end":{"line":49,"column":1}},"line":10},"1":{"name":"(anonymous_1)","decl":{"start":{"line":13,"column":26},"end":{"line":13,"column":27}},"loc":{"start":{"line":13,"column":32},"end":{"line":22,"column":2}},"line":13},"2":{"name":"(anonymous_2)","decl":{"start":{"line":37,"column":14},"end":{"line":37,"column":15}},"loc":{"start":{"line":37,"column":21},"end":{"line":41,"column":5}},"line":37}},"branchMap":{"0":{"loc":{"start":{"line":15,"column":2},"end":{"line":21,"column":29}},"type":"if","locations":[{"start":{"line":15,"column":2},"end":{"line":21,"column":29}},{"start":{"line":21,"column":9},"end":{"line":21,"column":29}}],"line":15},"1":{"loc":{"start":{"line":31,"column":94},"end":{"line":31,"column":138}},"type":"cond-expr","locations":[{"start":{"line":31,"column":107},"end":{"line":31,"column":121}},{"start":{"line":31,"column":124},"end":{"line":31,"column":138}}],"line":31},"2":{"loc":{"start":{"line":40,"column":5},"end":{"line":40,"column":55}},"type":"if","locations":[{"start":{"line":40,"column":5},"end":{"line":40,"column":55}},{"start":{},"end":{}}],"line":40},"3":{"loc":{"start":{"line":40,"column":9},"end":{"line":40,"column":32}},"type":"binary-expr","locations":[{"start":{"line":40,"column":9},"end":{"line":40,"column":18}},{"start":{"line":40,"column":22},"end":{"line":40,"column":32}}],"line":40}},"s":{"0":3,"1":18,"2":18,"3":18,"4":3,"5":3,"6":1,"7":1,"8":1,"9":2,"10":18,"11":4,"12":4,"13":4,"14":1},"f":{"0":18,"1":3,"2":4},"b":{"0":[1,2],"1":[2,16],"2":[1,3],"3":[4,2]},"_coverageSchema":"1a1c01bbd47fc00a2c39e90264f33305004495a9","hash":"3379a2cffbb6036642e927818a7f95676169f200"}
,"/Users/sel-hamr/Desktop/red-tetris/client/src/parts/CreateRoom.js": {"path":"/Users/sel-hamr/Desktop/red-tetris/client/src/parts/CreateRoom.js","statementMap":{"0":{"start":{"line":12,"column":19},"end":{"line":120,"column":1}},"1":{"start":{"line":13,"column":33},"end":{"line":13,"column":103}},"2":{"start":{"line":14,"column":27},"end":{"line":14,"column":99}},"3":{"start":{"line":15,"column":26},"end":{"line":19,"column":2}},"4":{"start":{"line":16,"column":2},"end":{"line":16,"column":20}},"5":{"start":{"line":17,"column":2},"end":{"line":17,"column":59}},"6":{"start":{"line":18,"column":2},"end":{"line":18,"column":69}},"7":{"start":{"line":20,"column":22},"end":{"line":31,"column":2}},"8":{"start":{"line":21,"column":20},"end":{"line":21,"column":76}},"9":{"start":{"line":22,"column":2},"end":{"line":22,"column":63}},"10":{"start":{"line":22,"column":41},"end":{"line":22,"column":63}},"11":{"start":{"line":23,"column":2},"end":{"line":23,"column":67}},"12":{"start":{"line":23,"column":45},"end":{"line":23,"column":67}},"13":{"start":{"line":24,"column":2},"end":{"line":24,"column":70}},"14":{"start":{"line":24,"column":48},"end":{"line":24,"column":70}},"15":{"start":{"line":25,"column":2},"end":{"line":25,"column":102}},"16":{"start":{"line":25,"column":78},"end":{"line":25,"column":102}},"17":{"start":{"line":26,"column":2},"end":{"line":30,"column":3}},"18":{"start":{"line":26,"column":78},"end":{"line":26,"column":105}},"19":{"start":{"line":28,"column":3},"end":{"line":28,"column":123}},"20":{"start":{"line":29,"column":3},"end":{"line":29,"column":22}},"21":{"start":{"line":32,"column":1},"end":{"line":119,"column":3}},"22":{"start":{"line":36,"column":4},"end":{"line":38,"column":5}},"23":{"start":{"line":37,"column":5},"end":{"line":37,"column":24}},"24":{"start":{"line":51,"column":6},"end":{"line":51,"column":48}},"25":{"start":{"line":52,"column":6},"end":{"line":52,"column":42}},"26":{"start":{"line":70,"column":8},"end":{"line":70,"column":52}},"27":{"start":{"line":71,"column":8},"end":{"line":71,"column":46}},"28":{"start":{"line":90,"column":6},"end":{"line":90,"column":48}},"29":{"start":{"line":105,"column":6},"end":{"line":105,"column":48}},"30":{"start":{"line":121,"column":24},"end":{"line":125,"column":1}},"31":{"start":{"line":122,"column":1},"end":{"line":124,"column":3}}},"fnMap":{"0":{"name":"(anonymous_0)","decl":{"start":{"line":12,"column":19},"end":{"line":12,"column":20}},"loc":{"start":{"line":12,"column":56},"end":{"line":120,"column":1}},"line":12},"1":{"name":"(anonymous_1)","decl":{"start":{"line":15,"column":26},"end":{"line":15,"column":27}},"loc":{"start":{"line":15,"column":32},"end":{"line":19,"column":2}},"line":15},"2":{"name":"(anonymous_2)","decl":{"start":{"line":20,"column":22},"end":{"line":20,"column":23}},"loc":{"start":{"line":20,"column":28},"end":{"line":31,"column":2}},"line":20},"3":{"name":"(anonymous_3)","decl":{"start":{"line":35,"column":12},"end":{"line":35,"column":13}},"loc":{"start":{"line":35,"column":19},"end":{"line":39,"column":4}},"line":35},"4":{"name":"(anonymous_4)","decl":{"start":{"line":50,"column":15},"end":{"line":50,"column":16}},"loc":{"start":{"line":50,"column":26},"end":{"line":53,"column":6}},"line":50},"5":{"name":"(anonymous_5)","decl":{"start":{"line":69,"column":17},"end":{"line":69,"column":18}},"loc":{"start":{"line":69,"column":28},"end":{"line":72,"column":8}},"line":69},"6":{"name":"(anonymous_6)","decl":{"start":{"line":89,"column":15},"end":{"line":89,"column":16}},"loc":{"start":{"line":89,"column":26},"end":{"line":91,"column":6}},"line":89},"7":{"name":"(anonymous_7)","decl":{"start":{"line":104,"column":15},"end":{"line":104,"column":16}},"loc":{"start":{"line":104,"column":26},"end":{"line":106,"column":6}},"line":104},"8":{"name":"(anonymous_8)","decl":{"start":{"line":121,"column":24},"end":{"line":121,"column":25}},"loc":{"start":{"line":121,"column":35},"end":{"line":125,"column":1}},"line":121}},"branchMap":{"0":{"loc":{"start":{"line":22,"column":2},"end":{"line":22,"column":63}},"type":"if","locations":[{"start":{"line":22,"column":2},"end":{"line":22,"column":63}},{"start":{},"end":{}}],"line":22},"1":{"loc":{"start":{"line":23,"column":2},"end":{"line":23,"column":67}},"type":"if","locations":[{"start":{"line":23,"column":2},"end":{"line":23,"column":67}},{"start":{},"end":{}}],"line":23},"2":{"loc":{"start":{"line":24,"column":2},"end":{"line":24,"column":70}},"type":"if","locations":[{"start":{"line":24,"column":2},"end":{"line":24,"column":70}},{"start":{},"end":{}}],"line":24},"3":{"loc":{"start":{"line":25,"column":2},"end":{"line":25,"column":102}},"type":"if","locations":[{"start":{"line":25,"column":2},"end":{"line":25,"column":102}},{"start":{},"end":{}}],"line":25},"4":{"loc":{"start":{"line":25,"column":6},"end":{"line":25,"column":76}},"type":"binary-expr","locations":[{"start":{"line":25,"column":6},"end":{"line":25,"column":46}},{"start":{"line":25,"column":50},"end":{"line":25,"column":76}}],"line":25},"5":{"loc":{"start":{"line":26,"column":2},"end":{"line":30,"column":3}},"type":"if","locations":[{"start":{"line":26,"column":2},"end":{"line":30,"column":3}},{"start":{"line":27,"column":7},"end":{"line":30,"column":3}}],"line":26},"6":{"loc":{"start":{"line":26,"column":6},"end":{"line":26,"column":76}},"type":"binary-expr","locations":[{"start":{"line":26,"column":6},"end":{"line":26,"column":20}},{"start":{"line":26,"column":24},"end":{"line":26,"column":38}},{"start":{"line":26,"column":42},"end":{"line":26,"column":58}},{"start":{"line":26,"column":62},"end":{"line":26,"column":76}}],"line":26},"7":{"loc":{"start":{"line":32,"column":8},"end":{"line":119,"column":2}},"type":"cond-expr","locations":[{"start":{"line":33,"column":2},"end":{"line":116,"column":8}},{"start":{"line":118,"column":2},"end":{"line":118,"column":4}}],"line":32},"8":{"loc":{"start":{"line":36,"column":4},"end":{"line":38,"column":5}},"type":"if","locations":[{"start":{"line":36,"column":4},"end":{"line":38,"column":5}},{"start":{},"end":{}}],"line":36},"9":{"loc":{"start":{"line":45,"column":43},"end":{"line":45,"column":79}},"type":"cond-expr","locations":[{"start":{"line":45,"column":56},"end":{"line":45,"column":70}},{"start":{"line":45,"column":73},"end":{"line":45,"column":79}}],"line":45},"10":{"loc":{"start":{"line":60,"column":5},"end":{"line":82,"column":5}},"type":"cond-expr","locations":[{"start":{"line":61,"column":5},"end":{"line":79,"column":11}},{"start":{"line":81,"column":5},"end":{"line":81,"column":7}}],"line":60},"11":{"loc":{"start":{"line":64,"column":45},"end":{"line":64,"column":83}},"type":"cond-expr","locations":[{"start":{"line":64,"column":60},"end":{"line":64,"column":74}},{"start":{"line":64,"column":77},"end":{"line":64,"column":83}}],"line":64},"12":{"loc":{"start":{"line":84,"column":55},"end":{"line":84,"column":91}},"type":"cond-expr","locations":[{"start":{"line":84,"column":68},"end":{"line":84,"column":82}},{"start":{"line":84,"column":85},"end":{"line":84,"column":91}}],"line":84},"13":{"loc":{"start":{"line":99,"column":57},"end":{"line":99,"column":93}},"type":"cond-expr","locations":[{"start":{"line":99,"column":70},"end":{"line":99,"column":84}},{"start":{"line":99,"column":87},"end":{"line":99,"column":93}}],"line":99}},"s":{"0":3,"1":18,"2":18,"3":18,"4":1,"5":1,"6":1,"7":18,"8":2,"9":2,"10":1,"11":2,"12":1,"13":2,"14":1,"15":2,"16":1,"17":2,"18":1,"19":1,"20":1,"21":18,"22":2,"23":0,"24":2,"25":2,"26":1,"27":1,"28":1,"29":1,"30":3,"31":10},"f":{"0":18,"1":1,"2":2,"3":2,"4":2,"5":1,"6":1,"7":1,"8":10},"b":{"0":[1,1],"1":[1,1],"2":[1,1],"3":[1,1],"4":[2,1],"5":[1,1],"6":[2,1,1,1],"7":[10,8],"8":[0,2],"9":[1,9],"10":[3,7],"11":[0,3],"12":[1,9],"13":[1,9]},"_coverageSchema":"1a1c01bbd47fc00a2c39e90264f33305004495a9","hash":"3dae0204629db2355810370ef3777db0da953f7d"}
,"/Users/sel-hamr/Desktop/red-tetris/client/src/parts/Header.js": {"path":"/Users/sel-hamr/Desktop/red-tetris/client/src/parts/Header.js","statementMap":{"0":{"start":{"line":7,"column":15},"end":{"line":21,"column":1}},"1":{"start":{"line":8,"column":1},"end":{"line":20,"column":3}},"2":{"start":{"line":14,"column":97},"end":{"line":14,"column":111}},"3":{"start":{"line":22,"column":24},"end":{"line":24,"column":1}},"4":{"start":{"line":23,"column":1},"end":{"line":23,"column":29}}},"fnMap":{"0":{"name":"(anonymous_0)","decl":{"start":{"line":7,"column":15},"end":{"line":7,"column":16}},"loc":{"start":{"line":7,"column":49},"end":{"line":21,"column":1}},"line":7},"1":{"name":"(anonymous_1)","decl":{"start":{"line":14,"column":91},"end":{"line":14,"column":92}},"loc":{"start":{"line":14,"column":97},"end":{"line":14,"column":111}},"line":14},"2":{"name":"(anonymous_2)","decl":{"start":{"line":22,"column":24},"end":{"line":22,"column":25}},"loc":{"start":{"line":22,"column":35},"end":{"line":24,"column":1}},"line":22}},"branchMap":{"0":{"loc":{"start":{"line":11,"column":4},"end":{"line":18,"column":4}},"type":"cond-expr","locations":[{"start":{"line":12,"column":4},"end":{"line":15,"column":7}},{"start":{"line":17,"column":4},"end":{"line":17,"column":6}}],"line":11}},"s":{"0":6,"1":29,"2":0,"3":6,"4":44},"f":{"0":29,"1":0,"2":44},"b":{"0":[24,5]},"_coverageSchema":"1a1c01bbd47fc00a2c39e90264f33305004495a9","hash":"e73e1fe264057e7b6f4dca61637fd334f1126860"}
,"/Users/sel-hamr/Desktop/red-tetris/client/src/parts/ListRooms.js": {"path":"/Users/sel-hamr/Desktop/red-tetris/client/src/parts/ListRooms.js","statementMap":{"0":{"start":{"line":5,"column":18},"end":{"line":22,"column":1}},"1":{"start":{"line":6,"column":1},"end":{"line":21,"column":3}},"2":{"start":{"line":9,"column":4},"end":{"line":18,"column":6}},"3":{"start":{"line":15,"column":6},"end":{"line":15,"column":42}},"4":{"start":{"line":23,"column":24},"end":{"line":28,"column":1}},"5":{"start":{"line":24,"column":1},"end":{"line":27,"column":3}}},"fnMap":{"0":{"name":"(anonymous_0)","decl":{"start":{"line":5,"column":18},"end":{"line":5,"column":19}},"loc":{"start":{"line":5,"column":45},"end":{"line":22,"column":1}},"line":5},"1":{"name":"(anonymous_1)","decl":{"start":{"line":8,"column":18},"end":{"line":8,"column":19}},"loc":{"start":{"line":9,"column":4},"end":{"line":18,"column":6}},"line":9},"2":{"name":"(anonymous_2)","decl":{"start":{"line":14,"column":14},"end":{"line":14,"column":15}},"loc":{"start":{"line":14,"column":20},"end":{"line":16,"column":6}},"line":14},"3":{"name":"(anonymous_3)","decl":{"start":{"line":23,"column":24},"end":{"line":23,"column":25}},"loc":{"start":{"line":23,"column":35},"end":{"line":28,"column":1}},"line":23}},"branchMap":{},"s":{"0":3,"1":11,"2":12,"3":1,"4":3,"5":11},"f":{"0":11,"1":12,"2":1,"3":11},"b":{},"_coverageSchema":"1a1c01bbd47fc00a2c39e90264f33305004495a9","hash":"9f549d7a7e3341bba37ce36546d4d1c7683c336e"}
,"/Users/sel-hamr/Desktop/red-tetris/client/src/parts/ListUser.js": {"path":"/Users/sel-hamr/Desktop/red-tetris/client/src/parts/ListUser.js","statementMap":{"0":{"start":{"line":4,"column":24},"end":{"line":27,"column":1}},"1":{"start":{"line":5,"column":1},"end":{"line":26,"column":7}},"2":{"start":{"line":8,"column":3},"end":{"line":8,"column":23}},"3":{"start":{"line":20,"column":5},"end":{"line":20,"column":21}},"4":{"start":{"line":28,"column":17},"end":{"line":41,"column":1}},"5":{"start":{"line":29,"column":1},"end":{"line":40,"column":3}},"6":{"start":{"line":32,"column":28},"end":{"line":32,"column":143}}},"fnMap":{"0":{"name":"(anonymous_0)","decl":{"start":{"line":4,"column":24},"end":{"line":4,"column":25}},"loc":{"start":{"line":5,"column":1},"end":{"line":26,"column":7}},"line":5},"1":{"name":"(anonymous_1)","decl":{"start":{"line":7,"column":11},"end":{"line":7,"column":12}},"loc":{"start":{"line":7,"column":17},"end":{"line":9,"column":3}},"line":7},"2":{"name":"(anonymous_2)","decl":{"start":{"line":19,"column":13},"end":{"line":19,"column":14}},"loc":{"start":{"line":19,"column":19},"end":{"line":21,"column":5}},"line":19},"3":{"name":"(anonymous_3)","decl":{"start":{"line":28,"column":17},"end":{"line":28,"column":18}},"loc":{"start":{"line":28,"column":112},"end":{"line":41,"column":1}},"line":28},"4":{"name":"(anonymous_4)","decl":{"start":{"line":28,"column":49},"end":{"line":28,"column":50}},"loc":{"start":{"line":28,"column":55},"end":{"line":28,"column":57}},"line":28},"5":{"name":"(anonymous_5)","decl":{"start":{"line":32,"column":13},"end":{"line":32,"column":14}},"loc":{"start":{"line":32,"column":28},"end":{"line":32,"column":143}},"line":32}},"branchMap":{"0":{"loc":{"start":{"line":6,"column":47},"end":{"line":6,"column":110}},"type":"cond-expr","locations":[{"start":{"line":6,"column":66},"end":{"line":6,"column":90}},{"start":{"line":6,"column":93},"end":{"line":6,"column":110}}],"line":6},"1":{"loc":{"start":{"line":14,"column":3},"end":{"line":25,"column":3}},"type":"cond-expr","locations":[{"start":{"line":15,"column":3},"end":{"line":22,"column":5}},{"start":{"line":24,"column":3},"end":{"line":24,"column":5}}],"line":14},"2":{"loc":{"start":{"line":28,"column":34},"end":{"line":28,"column":57}},"type":"default-arg","locations":[{"start":{"line":28,"column":49},"end":{"line":28,"column":57}}],"line":28},"3":{"loc":{"start":{"line":28,"column":69},"end":{"line":28,"column":84}},"type":"default-arg","locations":[{"start":{"line":28,"column":80},"end":{"line":28,"column":84}}],"line":28},"4":{"loc":{"start":{"line":28,"column":86},"end":{"line":28,"column":99}},"type":"default-arg","locations":[{"start":{"line":28,"column":95},"end":{"line":28,"column":99}}],"line":28},"5":{"loc":{"start":{"line":30,"column":31},"end":{"line":30,"column":66}},"type":"cond-expr","locations":[{"start":{"line":30,"column":42},"end":{"line":30,"column":61}},{"start":{"line":30,"column":64},"end":{"line":30,"column":66}}],"line":30},"6":{"loc":{"start":{"line":31,"column":4},"end":{"line":37,"column":4}},"type":"cond-expr","locations":[{"start":{"line":32,"column":4},"end":{"line":32,"column":144}},{"start":{"line":33,"column":7},"end":{"line":37,"column":4}}],"line":31},"7":{"loc":{"start":{"line":33,"column":7},"end":{"line":37,"column":4}},"type":"cond-expr","locations":[{"start":{"line":34,"column":4},"end":{"line":34,"column":133}},{"start":{"line":36,"column":4},"end":{"line":36,"column":6}}],"line":33},"8":{"loc":{"start":{"line":38,"column":4},"end":{"line":38,"column":40}},"type":"cond-expr","locations":[{"start":{"line":38,"column":13},"end":{"line":38,"column":35}},{"start":{"line":38,"column":38},"end":{"line":38,"column":40}}],"line":38}},"s":{"0":4,"1":50,"2":2,"3":1,"4":4,"5":29,"6":50},"f":{"0":50,"1":2,"2":1,"3":29,"4":0,"5":50},"b":{"0":[8,42],"1":[46,4],"2":[23],"3":[5],"4":[11],"5":[20,9],"6":[25,4],"7":[3,1],"8":[18,11]},"_coverageSchema":"1a1c01bbd47fc00a2c39e90264f33305004495a9","hash":"060078714ca7032c9d1366031ab6a70551fda53d"}
,"/Users/sel-hamr/Desktop/red-tetris/client/src/parts/LiveGame.js": {"path":"/Users/sel-hamr/Desktop/red-tetris/client/src/parts/LiveGame.js","statementMap":{"0":{"start":{"line":8,"column":17},"end":{"line":45,"column":1}},"1":{"start":{"line":9,"column":1},"end":{"line":13,"column":25}},"2":{"start":{"line":10,"column":2},"end":{"line":10,"column":69}},"3":{"start":{"line":10,"column":30},"end":{"line":10,"column":69}},"4":{"start":{"line":11,"column":2},"end":{"line":11,"column":37}},"5":{"start":{"line":14,"column":1},"end":{"line":44,"column":3}},"6":{"start":{"line":30,"column":11},"end":{"line":30,"column":35}},"7":{"start":{"line":46,"column":24},"end":{"line":50,"column":1}},"8":{"start":{"line":47,"column":1},"end":{"line":49,"column":3}}},"fnMap":{"0":{"name":"(anonymous_0)","decl":{"start":{"line":8,"column":17},"end":{"line":8,"column":18}},"loc":{"start":{"line":8,"column":66},"end":{"line":45,"column":1}},"line":8},"1":{"name":"(anonymous_1)","decl":{"start":{"line":9,"column":17},"end":{"line":9,"column":18}},"loc":{"start":{"line":9,"column":23},"end":{"line":13,"column":2}},"line":9},"2":{"name":"(anonymous_2)","decl":{"start":{"line":29,"column":24},"end":{"line":29,"column":25}},"loc":{"start":{"line":29,"column":35},"end":{"line":31,"column":11}},"line":29},"3":{"name":"(anonymous_3)","decl":{"start":{"line":46,"column":24},"end":{"line":46,"column":25}},"loc":{"start":{"line":46,"column":35},"end":{"line":50,"column":1}},"line":46}},"branchMap":{"0":{"loc":{"start":{"line":10,"column":2},"end":{"line":10,"column":69}},"type":"if","locations":[{"start":{"line":10,"column":2},"end":{"line":10,"column":69}},{"start":{},"end":{}}],"line":10},"1":{"loc":{"start":{"line":15,"column":78},"end":{"line":15,"column":132}},"type":"cond-expr","locations":[{"start":{"line":15,"column":116},"end":{"line":15,"column":127}},{"start":{"line":15,"column":130},"end":{"line":15,"column":132}}],"line":15},"2":{"loc":{"start":{"line":17,"column":5},"end":{"line":41,"column":5}},"type":"cond-expr","locations":[{"start":{"line":18,"column":5},"end":{"line":38,"column":8}},{"start":{"line":40,"column":5},"end":{"line":40,"column":7}}],"line":17},"3":{"loc":{"start":{"line":20,"column":7},"end":{"line":37,"column":7}},"type":"cond-expr","locations":[{"start":{"line":21,"column":7},"end":{"line":34,"column":13}},{"start":{"line":36,"column":7},"end":{"line":36,"column":9}}],"line":20}},"s":{"0":2,"1":28,"2":14,"3":14,"4":14,"5":28,"6":0,"7":2,"8":28},"f":{"0":28,"1":14,"2":0,"3":28},"b":{"0":[14,0],"1":[28,0],"2":[0,28],"3":[0,0]},"_coverageSchema":"1a1c01bbd47fc00a2c39e90264f33305004495a9","hash":"599ab6c6a06b214fa39457c9d7912089f120116c"}
,"/Users/sel-hamr/Desktop/red-tetris/client/src/parts/StartGame.js": {"path":"/Users/sel-hamr/Desktop/red-tetris/client/src/parts/StartGame.js","statementMap":{"0":{"start":{"line":6,"column":18},"end":{"line":36,"column":1}},"1":{"start":{"line":7,"column":1},"end":{"line":35,"column":3}},"2":{"start":{"line":16,"column":7},"end":{"line":16,"column":33}},"3":{"start":{"line":25,"column":8},"end":{"line":25,"column":34}},"4":{"start":{"line":37,"column":24},"end":{"line":42,"column":1}},"5":{"start":{"line":38,"column":1},"end":{"line":41,"column":3}}},"fnMap":{"0":{"name":"(anonymous_0)","decl":{"start":{"line":6,"column":18},"end":{"line":6,"column":19}},"loc":{"start":{"line":6,"column":45},"end":{"line":36,"column":1}},"line":6},"1":{"name":"(anonymous_1)","decl":{"start":{"line":15,"column":16},"end":{"line":15,"column":17}},"loc":{"start":{"line":15,"column":26},"end":{"line":17,"column":7}},"line":15},"2":{"name":"(anonymous_2)","decl":{"start":{"line":24,"column":16},"end":{"line":24,"column":17}},"loc":{"start":{"line":24,"column":22},"end":{"line":26,"column":8}},"line":24},"3":{"name":"(anonymous_3)","decl":{"start":{"line":37,"column":24},"end":{"line":37,"column":25}},"loc":{"start":{"line":37,"column":35},"end":{"line":42,"column":1}},"line":37}},"branchMap":{"0":{"loc":{"start":{"line":11,"column":5},"end":{"line":32,"column":5}},"type":"cond-expr","locations":[{"start":{"line":12,"column":5},"end":{"line":29,"column":7}},{"start":{"line":31,"column":5},"end":{"line":31,"column":7}}],"line":11},"1":{"loc":{"start":{"line":23,"column":17},"end":{"line":23,"column":101}},"type":"cond-expr","locations":[{"start":{"line":23,"column":89},"end":{"line":23,"column":93}},{"start":{"line":23,"column":96},"end":{"line":23,"column":101}}],"line":23},"2":{"loc":{"start":{"line":23,"column":17},"end":{"line":23,"column":86}},"type":"binary-expr","locations":[{"start":{"line":23,"column":17},"end":{"line":23,"column":47}},{"start":{"line":23,"column":51},"end":{"line":23,"column":86}}],"line":23}},"s":{"0":3,"1":20,"2":0,"3":1,"4":3,"5":20},"f":{"0":20,"1":0,"2":1,"3":20},"b":{"0":[18,2],"1":[1,17],"2":[18,1]},"_coverageSchema":"1a1c01bbd47fc00a2c39e90264f33305004495a9","hash":"906f971e6684ce22f00dfb79ddb8411644fa2206"}
,"/Users/sel-hamr/Desktop/red-tetris/client/src/services/middleware.js": {"path":"/Users/sel-hamr/Desktop/red-tetris/client/src/services/middleware.js","statementMap":{"0":{"start":{"line":9,"column":21},"end":{"line":138,"column":1}},"1":{"start":{"line":10,"column":40},"end":{"line":10,"column":54}},"2":{"start":{"line":11,"column":19},"end":{"line":11,"column":32}},"3":{"start":{"line":12,"column":1},"end":{"line":25,"column":8}},"4":{"start":{"line":13,"column":2},"end":{"line":23,"column":30}},"5":{"start":{"line":14,"column":16},"end":{"line":14,"column":78}},"6":{"start":{"line":15,"column":18},"end":{"line":15,"column":36}},"7":{"start":{"line":16,"column":18},"end":{"line":16,"column":36}},"8":{"start":{"line":17,"column":3},"end":{"line":17,"column":40}},"9":{"start":{"line":18,"column":18},"end":{"line":20,"column":5}},"10":{"start":{"line":21,"column":3},"end":{"line":21,"column":38}},"11":{"start":{"line":22,"column":3},"end":{"line":22,"column":31}},"12":{"start":{"line":23,"column":9},"end":{"line":23,"column":30}},"13":{"start":{"line":26,"column":1},"end":{"line":58,"column":20}},"14":{"start":{"line":27,"column":2},"end":{"line":56,"column":3}},"15":{"start":{"line":28,"column":3},"end":{"line":30,"column":6}},"16":{"start":{"line":29,"column":4},"end":{"line":29,"column":34}},"17":{"start":{"line":31,"column":3},"end":{"line":33,"column":6}},"18":{"start":{"line":32,"column":4},"end":{"line":32,"column":35}},"19":{"start":{"line":34,"column":3},"end":{"line":36,"column":6}},"20":{"start":{"line":35,"column":4},"end":{"line":35,"column":28}},"21":{"start":{"line":37,"column":3},"end":{"line":41,"column":6}},"22":{"start":{"line":38,"column":4},"end":{"line":38,"column":32}},"23":{"start":{"line":39,"column":4},"end":{"line":39,"column":31}},"24":{"start":{"line":40,"column":4},"end":{"line":40,"column":28}},"25":{"start":{"line":42,"column":3},"end":{"line":44,"column":6}},"26":{"start":{"line":43,"column":4},"end":{"line":43,"column":41}},"27":{"start":{"line":45,"column":3},"end":{"line":48,"column":6}},"28":{"start":{"line":46,"column":4},"end":{"line":46,"column":33}},"29":{"start":{"line":47,"column":4},"end":{"line":47,"column":38}},"30":{"start":{"line":50,"column":3},"end":{"line":52,"column":6}},"31":{"start":{"line":51,"column":4},"end":{"line":51,"column":28}},"32":{"start":{"line":53,"column":3},"end":{"line":55,"column":6}},"33":{"start":{"line":54,"column":4},"end":{"line":54,"column":43}},"34":{"start":{"line":60,"column":1},"end":{"line":69,"column":32}},"35":{"start":{"line":61,"column":2},"end":{"line":68,"column":3}},"36":{"start":{"line":62,"column":3},"end":{"line":62,"column":38}},"37":{"start":{"line":63,"column":3},"end":{"line":67,"column":6}},"38":{"start":{"line":64,"column":19},"end":{"line":64,"column":23}},"39":{"start":{"line":65,"column":4},"end":{"line":65,"column":82}},"40":{"start":{"line":65,"column":59},"end":{"line":65,"column":80}},"41":{"start":{"line":66,"column":4},"end":{"line":66,"column":42}},"42":{"start":{"line":70,"column":1},"end":{"line":84,"column":33}},"43":{"start":{"line":71,"column":2},"end":{"line":82,"column":3}},"44":{"start":{"line":72,"column":3},"end":{"line":72,"column":59}},"45":{"start":{"line":73,"column":3},"end":{"line":73,"column":41}},"46":{"start":{"line":73,"column":17},"end":{"line":73,"column":41}},"47":{"start":{"line":74,"column":3},"end":{"line":81,"column":5}},"48":{"start":{"line":76,"column":5},"end":{"line":79,"column":6}},"49":{"start":{"line":77,"column":6},"end":{"line":77,"column":24}},"50":{"start":{"line":78,"column":6},"end":{"line":78,"column":62}},"51":{"start":{"line":86,"column":1},"end":{"line":111,"column":37}},"52":{"start":{"line":87,"column":2},"end":{"line":109,"column":3}},"53":{"start":{"line":88,"column":3},"end":{"line":88,"column":35}},"54":{"start":{"line":89,"column":3},"end":{"line":89,"column":39}},"55":{"start":{"line":90,"column":3},"end":{
[...]
,"/Users/sel-hamr/Desktop/red-tetris/client/src/store/actions/index.js": {"path":"/Users/sel-hamr/Desktop/red-tetris/client/src/store/actions/index.js","statementMap":{"0":{"start":{"line":8,"column":16},"end":{"line":15,"column":1}}},"fnMap":{},"branchMap":{},"s":{"0":9},"f":{},"b":{},"_coverageSchema":"1a1c01bbd47fc00a2c39e90264f33305004495a9","hash":"079da40e3972406cbb480d97a0eefc80a9c9a04a"}
,"/Users/sel-hamr/Desktop/red-tetris/client/src/store/actions/rooms.js": {"path":"/Users/sel-hamr/Desktop/red-tetris/client/src/store/actions/rooms.js","statementMap":{"0":{"start":{"line":3,"column":23},"end":{"line":8,"column":1}},"1":{"start":{"line":4,"column":1},"end":{"line":7,"column":3}},"2":{"start":{"line":10,"column":26},"end":{"line":15,"column":1}},"3":{"start":{"line":11,"column":1},"end":{"line":14,"column":3}}},"fnMap":{"0":{"name":"(anonymous_0)","decl":{"start":{"line":3,"column":23},"end":{"line":3,"column":24}},"loc":{"start":{"line":3,"column":33},"end":{"line":8,"column":1}},"line":3},"1":{"name":"(anonymous_1)","decl":{"start":{"line":10,"column":26},"end":{"line":10,"column":27}},"loc":{"start":{"line":10,"column":36},"end":{"line":15,"column":1}},"line":10}},"branchMap":{},"s":{"0":10,"1":2,"2":10,"3":2},"f":{"0":2,"1":2},"b":{},"_coverageSchema":"1a1c01bbd47fc00a2c39e90264f33305004495a9","hash":"a652f9f341437abb3b44c8702301f33ee61fcb23"}
,"/Users/sel-hamr/Desktop/red-tetris/client/src/store/actions/socket.js": {"path":"/Users/sel-hamr/Desktop/red-tetris/client/src/store/actions/socket.js","statementMap":{"0":{"start":{"line":3,"column":29},"end":{"line":8,"column":1}},"1":{"start":{"line":4,"column":1},"end":{"line":7,"column":3}}},"fnMap":{"0":{"name":"(anonymous_0)","decl":{"start":{"line":3,"column":29},"end":{"line":3,"column":30}},"loc":{"start":{"line":3,"column":41},"end":{"line":8,"column":1}},"line":3}},"branchMap":{},"s":{"0":9,"1":1},"f":{"0":1},"b":{},"_coverageSchema":"1a1c01bbd47fc00a2c39e90264f33305004495a9","hash":"f5cb0c86079c120613d58d919a10fa3d5d1e5fc8"}
,"/Users/sel-hamr/Desktop/red-tetris/client/src/store/actions/types.js": {"path":"/Users/sel-hamr/Desktop/red-tetris/client/src/store/actions/types.js","statementMap":{"0":{"start":{"line":1,"column":26},"end":{"line":1,"column":32}},"1":{"start":{"line":2,"column":26},"end":{"line":2,"column":37}},"2":{"start":{"line":3,"column":26},"end":{"line":3,"column":37}},"3":{"start":{"line":4,"column":27},"end":{"line":4,"column":39}},"4":{"start":{"line":5,"column":26},"end":{"line":5,"column":37}},"5":{"start":{"line":6,"column":24},"end":{"line":6,"column":34}},"6":{"start":{"line":7,"column":27},"end":{"line":7,"column":39}},"7":{"start":{"line":8,"column":27},"end":{"line":8,"column":39}},"8":{"start":{"line":9,"column":27},"end":{"line":9,"column":39}},"9":{"start":{"line":10,"column":26},"end":{"line":10,"column":37}},"10":{"start":{"line":11,"column":31},"end":{"line":11,"column":46}},"11":{"start":{"line":12,"column":26},"end":{"line":12,"column":37}},"12":{"start":{"line":13,"column":22},"end":{"line":13,"column":30}},"13":{"start":{"line":14,"column":30},"end":{"line":14,"column":48}},"14":{"start":{"line":15,"column":25},"end":{"line":15,"column":35}},"15":{"start":{"line":17,"column":25},"end":{"line":17,"column":35}},"16":{"start":{"line":18,"column":26},"end":{"line":18,"column":37}},"17":{"start":{"line":19,"column":25},"end":{"line":19,"column":35}},"18":{"start":{"line":20,"column":26},"end":{"line":20,"column":37}},"19":{"start":{"line":21,"column":33},"end":{"line":21,"column":47}},"20":{"start":{"line":22,"column":26},"end":{"line":22,"column":37}},"21":{"start":{"line":23,"column":26},"end":{"line":23,"column":37}},"22":{"start":{"line":24,"column":28},"end":{"line":24,"column":41}},"23":{"start":{"line":25,"column":27},"end":{"line":25,"column":39}},"24":{"start":{"line":26,"column":27},"end":{"line":26,"column":39}},"25":{"start":{"line":27,"column":26},"end":{"line":27,"column":37}},"26":{"start":{"line":28,"column":31},"end":{"line":28,"column":46}},"27":{"start":{"line":29,"column":29},"end":{"line":29,"column":43}}},"fnMap":{},"branchMap":{},"s":{"0":21,"1":21,"2":21,"3":21,"4":21,"5":21,"6":21,"7":21,"8":21,"9":21,"10":21,"11":21,"12":21,"13":21,"14":21,"15":21,"16":21,"17":21,"18":21,"19":21,"20":21,"21":21,"22":21,"23":21,"24":21,"25":21,"26":21,"27":21},"f":{},"b":{},"_coverageSchema":"1a1c01bbd47fc00a2c39e90264f33305004495a9","hash":"1aa241e345bbc76ae721dc5340904c167d492b54"}
,"/Users/sel-hamr/Desktop/red-tetris/client/src/store/actions/url.js": {"path":"/Users/sel-hamr/Desktop/red-tetris/client/src/store/actions/url.js","statementMap":{"0":{"start":{"line":2,"column":26},"end":{"line":7,"column":1}},"1":{"start":{"line":3,"column":2},"end":{"line":6,"column":4}}},"fnMap":{"0":{"name":"(anonymous_0)","decl":{"start":{"line":2,"column":26},"end":{"line":2,"column":27}},"loc":{"start":{"line":2,"column":42},"end":{"line":7,"column":1}},"line":2}},"branchMap":{"0":{"loc":{"start":{"line":2,"column":27},"end":{"line":2,"column":37}},"type":"default-arg","locations":[{"start":{"line":2,"column":34},"end":{"line":2,"column":37}}],"line":2}},"s":{"0":10,"1":3},"f":{"0":3},"b":{"0":[1]},"_coverageSchema":"1a1c01bbd47fc00a2c39e90264f33305004495a9","hash":"0db4fd78bb2b28005308ebd1fdf3861a3992b270"}
,"/Users/sel-hamr/Desktop/red-tetris/client/src/store/reducers/authReducer.js": {"path":"/Users/sel-hamr/Desktop/red-tetris/client/src/store/reducers/authReducer.js","statementMap":{"0":{"start":{"line":2,"column":27},"end":{"line":11,"column":1}},"1":{"start":{"line":3,"column":1},"end":{"line":10,"column":2}},"2":{"start":{"line":5,"column":3},"end":{"line":5,"column":25}},"3":{"start":{"line":7,"column":3},"end":{"line":7,"column":16}},"4":{"start":{"line":9,"column":3},"end":{"line":9,"column":16}}},"fnMap":{"0":{"name":"(anonymous_0)","decl":{"start":{"line":2,"column":27},"end":{"line":2,"column":28}},"loc":{"start":{"line":2,"column":53},"end":{"line":11,"column":1}},"line":2}},"branchMap":{"0":{"loc":{"start":{"line":2,"column":28},"end":{"line":2,"column":40}},"type":"default-arg","locations":[{"start":{"line":2,"column":36},"end":{"line":2,"column":40}}],"line":2},"1":{"loc":{"start":{"line":3,"column":1},"end":{"line":10,"column":2}},"type":"switch","locations":[{"start":{"line":4,"column":2},"end":{"line":5,"column":25}},{"start":{"line":6,"column":2},"end":{"line":7,"column":16}},{"start":{"line":8,"column":2},"end":{"line":9,"column":16}}],"line":3}},"s":{"0":12,"1":126,"2":2,"3":1,"4":123},"f":{"0":126},"b":{"0":[43],"1":[2,1,123]},"_coverageSchema":"1a1c01bbd47fc00a2c39e90264f33305004495a9","hash":"a3f9ae2442ac24752b706dcd6436140b466c10fb"}
,"/Users/sel-hamr/Desktop/red-tetris/client/src/store/reducers/errorReducer.js": {"path":"/Users/sel-hamr/Desktop/red-tetris/client/src/store/reducers/errorReducer.js","statementMap":{"0":{"start":{"line":2,"column":26},"end":{"line":11,"column":1}},"1":{"start":{"line":3,"column":1},"end":{"line":10,"column":2}},"2":{"start":{"line":5,"column":3},"end":{"line":5,"column":51}},"3":{"start":{"line":7,"column":3},"end":{"line":7,"column":40}},"4":{"start":{"line":9,"column":3},"end":{"line":9,"column":16}}},"fnMap":{"0":{"name":"(anonymous_0)","decl":{"start":{"line":2,"column":26},"end":{"line":2,"column":27}},"loc":{"start":{"line":2,"column":77},"end":{"line":11,"column":1}},"line":2}},"branchMap":{"0":{"loc":{"start":{"line":2,"column":27},"end":{"line":2,"column":64}},"type":"default-arg","locations":[{"start":{"line":2,"column":35},"end":{"line":2,"column":64}}],"line":2},"1":{"loc":{"start":{"line":3,"column":1},"end":{"line":10,"column":2}},"type":"switch","locations":[{"start":{"line":4,"column":2},"end":{"line":5,"column":51}},{"start":{"line":6,"column":2},"end":{"line":7,"column":40}},{"start":{"line":8,"column":2},"end":{"line":9,"column":16}}],"line":3}},"s":{"0":12,"1":125,"2":1,"3":1,"4":123},"f":{"0":125},"b":{"0":[75],"1":[1,1,123]},"_coverageSchema":"1a1c01bbd47fc00a2c39e90264f33305004495a9","hash":"a84a936dfdcacf8b1aeabb368d85fe8158104fde"}
,"/Users/sel-hamr/Desktop/red-tetris/client/src/store/reducers/gameReducer.js": {"path":"/Users/sel-hamr/Desktop/red-tetris/client/src/store/reducers/gameReducer.js","statementMap":{"0":{"start":{"line":2,"column":20},"end":{"line":8,"column":1}},"1":{"start":{"line":3,"column":18},"end":{"line":3,"column":134}},"2":{"start":{"line":4,"column":1},"end":{"line":6,"column":2}},"3":{"start":{"line":4,"column":18},"end":{"line":4,"column":19}},"4":{"start":{"line":5,"column":2},"end":{"line":5,"column":146}},"5":{"start":{"line":7,"column":1},"end":{"line":7,"column":17}},"6":{"start":{"line":9,"column":25},"end":{"line":15,"column":1}},"7":{"start":{"line":10,"column":16},"end":{"line":10,"column":18}},"8":{"start":{"line":11,"column":1},"end":{"line":13,"column":2}},"9":{"start":{"line":11,"column":18},"end":{"line":11,"column":19}},"10":{"start":{"line":12,"column":2},"end":{"line":12,"column":35}},"11":{"start":{"line":14,"column":1},"end":{"line":14,"column":15}},"12":{"start":{"line":16,"column":27},"end":{"line":63,"column":1}},"13":{"start":{"line":17,"column":1},"end":{"line":62,"column":2}},"14":{"start":{"line":19,"column":3},"end":{"line":19,"column":68}},"15":{"start":{"line":21,"column":3},"end":{"line":21,"column":89}},"16":{"start":{"line":21,"column":62},"end":{"line":21,"column":85}},"17":{"start":{"line":23,"column":3},"end":{"line":23,"column":51}},"18":{"start":{"line":25,"column":3},"end":{"line":25,"column":58}},"19":{"start":{"line":27,"column":19},"end":{"line":27,"column":31}},"20":{"start":{"line":28,"column":3},"end":{"line":28,"column":60}},"21":{"start":{"line":29,"column":3},"end":{"line":29,"column":49}},"22":{"start":{"line":31,"column":3},"end":{"line":31,"column":105}},"23":{"start":{"line":33,"column":3},"end":{"line":33,"column":50}},"24":{"start":{"line":35,"column":3},"end":{"line":35,"column":46}},"25":{"start":{"line":37,"column":3},"end":{"line":37,"column":118}},"26":{"start":{"line":39,"column":3},"end":{"line":39,"column":51}},"27":{"start":{"line":41,"column":3},"end":{"line":41,"column":13}},"28":{"start":{"line":43,"column":3},"end":{"line":43,"column":58}},"29":{"start":{"line":45,"column":3},"end":{"line":45,"column":40}},"30":{"start":{"line":47,"column":3},"end":{"line":47,"column":41}},"31":{"start":{"line":49,"column":3},"end":{"line":49,"column":49}},"32":{"start":{"line":51,"column":3},"end":{"line":51,"column":50}},"33":{"start":{"line":53,"column":3},"end":{"line":53,"column":42}},"34":{"start":{"line":55,"column":3},"end":{"line":55,"column":50}},"35":{"start":{"line":57,"column":3},"end":{"line":57,"column":49}},"36":{"start":{"line":59,"column":3},"end":{"line":59,"column":47}},"37":{"start":{"line":61,"column":3},"end":{"line":61,"column":16}}},"fnMap":{"0":{"name":"(anonymous_0)","decl":{"start":{"line":2,"column":20},"end":{"line":2,"column":21}},"loc":{"start":{"line":2,"column":53},"end":{"line":8,"column":1}},"line":2},"1":{"name":"(anonymous_1)","decl":{"start":{"line":9,"column":25},"end":{"line":9,"column":26}},"loc":{"start":{"line":9,"column":39},"end":{"line":15,"column":1}},"line":9},"2":{"name":"(anonymous_2)","decl":{"start":{"line":16,"column":27},"end":{"line":16,"column":28}},"loc":{"start":{"line":16,"column":88},"end":{"line":63,"column":1}},"line":16},"3":{"name":"(anonymous_3)","decl":{"start":{"line":21,"column":52},"end":{"line":21,"column":53}},"loc":{"start":{"line":21,"column":62},"end":{"line":21,"column":85}},"line":21}},"branchMap":{"0":{"loc":{"start":{"line":2,"column":21},"end":{"line":2,"column":29}},"type":"default-arg","locations":[{"start":{"line":2,"column":28},"end":{"line":2,"column":29}}],"line":2},"1":{"loc":{"start":{"line":2,"column":31},"end":{"line":2,"column":48}},"type":"default-arg","locations":[{"start":{"line":2,"column":43},"end":{"line":2,"column":48}}],"line":2},"2":{"loc":{"start":{"line":3,"column":37},"end":{"line":3,"column":132}},"type":"cond-expr","locations":[{"start":{"line":3,"column":50},"end":{"line":3,"column":84}},{"start":{"line":3,"column":87},"end":{"line":3,"column":132}}],"line":3},"3":{"loc":{"start":{"line":4,"column":38},"end":{"line":4,"column":133}},"type":"cond-expr","locations":[{"start":{"line":4,"column":51},"end":{"line":4,"column":85}},{"start":{"line":4,"column":88},"end":{"line":4,"column":133}}],"line":4},"4":{"loc":{"start":{"line":5,"column":39},"end":{"line":5,"column":132}},"type":"cond-expr","locations":[{"start":{"line":5,"column":52},"end":{"line":5,"column":85}},{"start":{"line":5,"column":88},"end":{"line":5,"column":132}}],"line":5},"5":{"loc":{"start":{"line":16,"column":28},"end":{"line":16,"column":75}},"type":"default-arg","locations":[{"start":{"line":16,"column":36},"end":{"line":16,"column":75}}],"line":16},"6":{"loc":{"start":{"line":17,"column":1},"end":{"line":62,"column":2}},"type":"switch","locations":[{"start":{"line":18,"column":2},"end":{"line":19,"column":68}},{"start":{"line":20,"column":2},"end":{"line":21,"column":89}},{"start":{"line":22,"column":2},"end":{"line":23,"column":51}},{"start":{"line":24,"column":2},"end":{"line":25,"column":58}},{"start":{"line":26,"column":2},"end":{"line":29,"column":49}},{"start":{"line":30,"column":2},"end":{"line":31,"column":105}},{"start":{"line":32,"column":2},"end":{"line":33,"column":50}},{"start":{"line":34,"column":2},"end":{"line":35,"column":46}},{"start":{"line":36,"column":2},"end":{"line":37,"column":118}},{"start":{"line":38,"column":2},"end":{"line":39,"column":51}},{"start":{"line":40,"column":2},"end":{"line":41,"column":13}},{"start":{"line":42,"column":2},"end":{"line":43,"column":58}},{"start":{"line":44,"column":2},"end":{"line":45,"column":40}},{"start":{"line":46,"column":2},"end":{"line":47,"column":41}},{"start":{"line":48,"column":2},"end":{"line":49,"column":49}},{"start":{"line":50,"column":2},"end":{"line":51,"column":50}},{"start":{"line":52,"column":2},"end":{"line":53,"column":42}},{"start":{"line":54,"column":2},"end":{"line":55,"column":50}},{"start":{"line":56,"column":2},"end":{"line":57,"column":49}},{"start":{"line":58,"column":2},"end":{"line":59,"column":47}},{"start":{"line":60,"column":2},"end":{"line":61,"column":16}}],"line":17},"7":{"loc":{"start":{"line":43,"column":29},"end":{"line":43,"column":55}},"type":"cond-expr","locations":[{"start":{"line":43,"column":43},"end":{"line":43,"column":48}},{"start":{"line":43,"column":51},"end":{"line":43,"column":55}}],"line":43}},"s":{"0":13,"1":57,"2":57,"3":57,"4":1020,"5":57,"6":13,"7":17,"8":17,"9":17,"10":38,"11":17,"12":13,"13":147,"14":2,"15":2,"16":6,"17":15,"18":15,"19":1,"20":1,"21":1,"22":1,"23":1,"24":1,"25":1,"26":19,"27":1,"28":2,"29":1,"30":1,"31":1,"32":1,"33":1,"34":1,"35":1,"36":1,"37":78},"f":{"0":57,"1":17,"2":147,"3":6},"b":{"0":[49],"1":[49],"2":[49,8],"3":[1029,48],"4":[980,40],"5":[49],"6":[2,2,15,15,1,1,1,1,1,19,1,2,1,1,1,1,1,1,1,1,78],"7":[1,1]},"_coverageSchema":"1a1c01bbd47fc00a2c39e90264f33305004495a9","hash":"64a16278ab21e7cf8d8f3436669b4c5739aff33d"}
,"/Users/sel-hamr/Desktop/red-tetris/client/src/store/reducers/index.js": {"path":"/Users/sel-hamr/Desktop/red-tetris/client/src/store/reducers/index.js","statementMap":{},"fnMap":{},"branchMap":{},"s":{},"f":{},"b":{},"_coverageSchema":"1a1c01bbd47fc00a2c39e90264f33305004495a9","hash":"e494deefd362d8552594d43faaa3ee02531d4ff2"}
,"/Users/sel-hamr/Desktop/red-tetris/client/src/store/reducers/roomReducer.js": {"path":"/Users/sel-hamr/Desktop/red-tetris/client/src/store/reducers/roomReducer.js","statementMap":{"0":{"start":{"line":2,"column":25},"end":{"line":11,"column":1}},"1":{"start":{"line":3,"column":1},"end":{"line":10,"column":2}},"2":{"start":{"line":5,"column":3},"end":{"line":5,"column":50}},"3":{"start":{"line":7,"column":3},"end":{"line":7,"column":51}},"4":{"start":{"line":9,"column":3},"end":{"line":9,"column":16}}},"fnMap":{"0":{"name":"(anonymous_0)","decl":{"start":{"line":2,"column":25},"end":{"line":2,"column":26}},"loc":{"start":{"line":2,"column":75},"end":{"line":11,"column":1}},"line":2}},"branchMap":{"0":{"loc":{"start":{"line":2,"column":26},"end":{"line":2,"column":62}},"type":"default-arg","locations":[{"start":{"line":2,"column":34},"end":{"line":2,"column":62}}],"line":2},"1":{"loc":{"start":{"line":3,"column":1},"end":{"line":10,"column":2}},"type":"switch","locations":[{"start":{"line":4,"column":2},"end":{"line":5,"column":50}},{"start":{"line":6,"column":2},"end":{"line":7,"column":51}},{"start":{"line":8,"column":2},"end":{"line":9,"column":16}}],"line":3}},"s":{"0":12,"1":126,"2":1,"3":1,"4":124},"f":{"0":126},"b":{"0":[72],"1":[1,1,124]},"_coverageSchema":"1a1c01bbd47fc00a2c39e90264f33305004495a9","hash":"b2b686793cb9321aad13c57ec56bcf5af205c4a5"}
,"/Users/sel-hamr/Desktop/red-tetris/client/src/store/reducers/socketReducer.js": {"path":"/Users/sel-hamr/Desktop/red-tetris/client/src/store/reducers/socketReducer.js","statementMap":{"0":{"start":{"line":3,"column":22},"end":{"line":10,"column":1}},"1":{"start":{"line":4,"column":1},"end":{"line":9,"column":2}},"2":{"start":{"line":6,"column":3},"end":{"line":6,"column":25}},"3":{"start":{"line":8,"column":3},"end":{"line":8,"column":16}}},"fnMap":{"0":{"name":"(anonymous_0)","decl":{"start":{"line":3,"column":22},"end":{"line":3,"column":23}},"loc":{"start":{"line":3,"column":48},"end":{"line":10,"column":1}},"line":3}},"branchMap":{"0":{"loc":{"start":{"line":3,"column":23},"end":{"line":3,"column":35}},"type":"default-arg","locations":[{"start":{"line":3,"column":31},"end":{"line":3,"column":35}}],"line":3},"1":{"loc":{"start":{"line":4,"column":1},"end":{"line":9,"column":2}},"type":"switch","locations":[{"start":{"line":5,"column":2},"end":{"line":6,"column":25}},{"start":{"line":7,"column":2},"end":{"line":8,"column":16}}],"line":4}},"s":{"0":11,"1":123,"2":1,"3":122},"f":{"0":123},"b":{"0":[44],"1":[1,122]},"_coverageSchema":"1a1c01bbd47fc00a2c39e90264f33305004495a9","hash":"a5b2cbbe66cfef63f1e3bbf09c2e7eb5aef2c5e1"}
,"/Users/sel-hamr/Desktop/red-tetris/client/src/store/reducers/urlReducer.js": {"path":"/Users/sel-hamr/Desktop/red-tetris/client/src/store/reducers/urlReducer.js","statementMap":{"0":{"start":{"line":2,"column":26},"end":{"line":9,"column":1}},"1":{"start":{"line":3,"column":2},"end":{"line":8,"column":3}},"2":{"start":{"line":5,"column":6},"end":{"line":5,"column":28}},"3":{"start":{"line":7,"column":6},"end":{"line":7,"column":19}}},"fnMap":{"0":{"name":"(anonymous_0)","decl":{"start":{"line":2,"column":26},"end":{"line":2,"column":27}},"loc":{"start":{"line":2,"column":51},"end":{"line":9,"column":1}},"line":2}},"branchMap":{"0":{"loc":{"start":{"line":2,"column":27},"end":{"line":2,"column":38}},"type":"default-arg","locations":[{"start":{"line":2,"column":35},"end":{"line":2,"column":38}}],"line":2},"1":{"loc":{"start":{"line":3,"column":2},"end":{"line":8,"column":3}},"type":"switch","locations":[{"start":{"line":4,"column":4},"end":{"line":5,"column":28}},{"start":{"line":6,"column":4},"end":{"line":7,"column":19}}],"line":3}},"s":{"0":12,"1":124,"2":1,"3":123},"f":{"0":124},"b":{"0":[75],"1":[1,123]},"_coverageSchema":"1a1c01bbd47fc00a2c39e90264f33305004495a9","hash":"3d3f187240d4f4dca97d2637ba1cc07046824cf8"}
}
