{"/Users/sel-hamr/Desktop/red-tetris/client/src/Root.js": {"path":"/Users/sel-hamr/Desktop/red-tetris/client/src/Root.js","statementMap":{"0":{"start":{"line":6,"column":13},"end":{"line":9,"column":1}},"1":{"start":{"line":7,"column":15},"end":{"line":7,"column":50}},"2":{"start":{"line":8,"column":1},"end":{"line":8,"column":54}}},"fnMap":{"0":{"name":"(anonymous_0)","decl":{"start":{"line":6,"column":13},"end":{"line":6,"column":14}},"loc":{"start":{"line":6,"column":50},"end":{"line":9,"column":1}},"line":6}},"branchMap":{"0":{"loc":{"start":{"line":6,"column":16},"end":{"line":6,"column":33}},"type":"default-arg","locations":[{"start":{"line":6,"column":31},"end":{"line":6,"column":33}}],"line":6}},"s":{"0":8,"1":41,"2":41},"f":{"0":41},"b":{"0":[5]},"_coverageSchema":"1a1c01bbd47fc00a2c39e90264f33305004495a9","hash":"621366d9a01aa58c1df1a640b710cf46b92f59e9"}
,"/Users/sel-hamr/Desktop/red-tetris/client/src/assets/utils/shapes.js": {"path":"/Users/sel-hamr/Desktop/red-tetris/client/src/assets/utils/shapes.js","statementMap":{"0":{"start":{"line":1,"column":18},"end":{"line":12,"column":1}},"1":{"start":{"line":2,"column":1},"end":{"line":11,"column":3}},"2":{"start":{"line":14,"column":18},"end":{"line":25,"column":1}},"3":{"start":{"line":15,"column":1},"end":{"line":24,"column":3}},"4":{"start":{"line":26,"column":18},"end":{"line":37,"column":1}},"5":{"start":{"line":27,"column":1},"end":{"line":36,"column":3}},"6":{"start":{"line":38,"column":18},"end":{"line":49,"column":1}},"7":{"start":{"line":39,"column":1},"end":{"line":48,"column":3}},"8":{"start":{"line":51,"column":18},"end":{"line":62,"column":1}},"9":{"start":{"line":52,"column":1},"end":{"line":61,"column":3}},"10":{"start":{"line":64,"column":18},"end":{"line":75,"column":1}},"11":{"start":{"line":65,"column":1},"end":{"line":74,"column":3}},"12":{"start":{"line":77,"column":18},"end":{"line":88,"column":1}},"13":{"start":{"line":78,"column":1},"end":{"line":87,"column":3}},"14":{"start":{"line":90,"column":18},"end":{"line":101,"column":1}},"15":{"start":{"line":91,"column":1},"end":{"line":100,"column":3}},"16":{"start":{"line":102,"column":18},"end":{"line":113,"column":1}},"17":{"start":{"line":103,"column":1},"end":{"line":112,"column":3}},"18":{"start":{"line":115,"column":18},"end":{"line":126,"column":1}},"19":{"start":{"line":116,"column":1},"end":{"line":125,"column":3}},"20":{"start":{"line":128,"column":18},"end":{"line":139,"column":1}},"21":{"start":{"line":129,"column":1},"end":{"line":138,"column":3}},"22":{"start":{"line":141,"column":18},"end":{"line":152,"column":1}},"23":{"start":{"line":142,"column":1},"end":{"line":151,"column":3}},"24":{"start":{"line":154,"column":16},"end":{"line":165,"column":1}},"25":{"start":{"line":155,"column":1},"end":{"line":164,"column":3}},"26":{"start":{"line":167,"column":18},"end":{"line":178,"column":1}},"27":{"start":{"line":168,"column":1},"end":{"line":177,"column":3}},"28":{"start":{"line":180,"column":18},"end":{"line":191,"column":1}},"29":{"start":{"line":181,"column":1},"end":{"line":190,"column":3}},"30":{"start":{"line":193,"column":18},"end":{"line":204,"column":1}},"31":{"start":{"line":194,"column":1},"end":{"line":203,"column":3}},"32":{"start":{"line":206,"column":18},"end":{"line":217,"column":1}},"33":{"start":{"line":207,"column":1},"end":{"line":216,"column":3}},"34":{"start":{"line":219,"column":18},"end":{"line":230,"column":1}},"35":{"start":{"line":220,"column":1},"end":{"line":229,"column":3}},"36":{"start":{"line":232,"column":18},"end":{"line":243,"column":1}},"37":{"start":{"line":233,"column":1},"end":{"line":242,"column":3}},"38":{"start":{"line":245,"column":18},"end":{"line":256,"column":1}},"39":{"start":{"line":246,"column":1},"end":{"line":255,"column":3}},"40":{"start":{"line":258,"column":18},"end":{"line":269,"column":1}},"41":{"start":{"line":259,"column":1},"end":{"line":268,"column":3}},"42":{"start":{"line":271,"column":18},"end":{"line":282,"column":1}},"43":{"start":{"line":272,"column":1},"end":{"line":281,"column":3}},"44":{"start":{"line":284,"column":18},"end":{"line":295,"column":1}},"45":{"start":{"line":285,"column":1},"end":{"line":294,"column":3}},"46":{"start":{"line":297,"column":18},"end":{"line":308,"column":1}},"47":{"start":{"line":298,"column":1},"end":{"line":307,"column":3}},"48":{"start":{"line":310,"column":18},"end":{"line":321,"column":1}},"49":{"start":{"line":311,"column":1},"end":{"line":320,"column":3}}},"fnMap":{"0":{"name":"(anonymous_0)","decl":{"start":{"line":1,"column":18},"end":{"line":1,"column":19}},"loc":{"start":{"line":1,"column":34},"end":{"line":12,"column":1}},"line":1},"1":{"name":"(anonymous_1)","decl":{"start":{"line":14,"column":18},"end":{"line":14,"column":19}},"loc":{"start":{"line":14,"column":34},"end":{"line":25,"column":1}},"line":14},"2":{"name":"(anonymous_2)","decl":{"start":{"line":26,"column":18},"end":{"line":26,"column":19}},"loc":{"start":{"line":26,"column":34},"end":{"line":37,"column":1}},"line":26},"3":{"name":"(anonymous_3)","decl":{"start":{"line":38,"column":18},"end":{"line":38,"column":19}},"loc":{"start":{"line":38,"column":34},"end":{"line":49,"column":1}},"line":38},"4":{"name":"(anonymous_4)","decl":{"start":{"line":51,"column":18},"end":{"line":51,"column":19}},"loc":{"start":{"line":51,"column":34},"end":{"line":62,"column":1}},"line":51},"5":{"name":"(anonymous_5)","decl":{"start":{"line":64,"column":18},"end":{"line":64,"column":19}},"loc":{"start":{"line":64,"column":34},"end":{"line":75,"column":1}},"line":64},"6":{"name":"(anonymous_6)","decl":{"start":{"line":77,"column":18},"end":{"line":77,"column":19}},"loc":{"start":{"line":77,"column":34},"end":{"line":88,"column":1}},"line":77},"7":{"name":"(anonymous_7)","decl":{"start":{"line":90,"column":18},"end":{"line":90,"column":19}},"loc":{"start":{"line":90,"column":34},"end":{"line":101,"column":1}},"line":90},"8":{"name":"(anonymous_8)","decl":{"start":{"line":102,"column":18},"end":{"line":102,"column":19}},"loc":{"start":{"line":102,"column":34},"end":{"line":113,"column":1}},"line":102},"9":{"name":"(anonymous_9)","decl":{"start":{"line":115,"column":18},"end":{"line":115,"column":19}},"loc":{"start":{"line":115,"column":34},"end":{"line":126,"column":1}},"line":115},"10":{"name":"(anonymous_10)","decl":{"start":{"line":128,"column":18},"end":{"line":128,"column":19}},"loc":{"start":{"line":128,"column":34},"end":{"line":139,"column":1}},"line":128},"11":{"name":"(anonymous_11)","decl":{"start":{"line":141,"column":18},"end":{"line":141,"column":19}},"loc":{"start":{"line":141,"column":34},"end":{"line":152,"column":1}},"line":141},"12":{"name":"(anonymous_12)","decl":{"start":{"line":154,"column":16},"end":{"line":154,"column":17}},"loc":{"start":{"line":154,"column":32},"end":{"line":165,"column":1}},"line":154},"13":{"name":"(anonymous_13)","decl":{"start":{"line":167,"column":18},"end":{"line":167,"column":19}},"loc":{"start":{"line":167,"column":34},"end":{"line":178,"column":1}},"line":167},"14":{"name":"(anonymous_14)","decl":{"start":{"line":180,"column":18},"end":{"line":180,"column":19}},"loc":{"start":{"line":180,"column":34},"end":{"line":191,"column":1}},"line":180},"15":{"name":"(anonymous_15)","decl":{"start":{"line":193,"column":18},"end":{"line":193,"column":19}},"loc":{"start":{"line":193,"column":34},"end":{"line":204,"column":1}},"line":193},"16":{"name":"(anonymous_16)","decl":{"start":{"line":206,"column":18},"end":{"line":206,"column":19}},"loc":{"start":{"line":206,"column":34},"end":{"line":217,"column":1}},"line":206},"17":{"name":"(anonymous_17)","decl":{"start":{"line":219,"column":18},"end":{"line":219,"column":19}},"loc":{"start":{"line":219,"column":34},"end":{"line":230,"column":1}},"line":219},"18":{"name":"(anonymous_18)","decl":{"start":{"line":232,"column":18},"end":{"line":232,"column":19}},"loc":{"start":{"line":232,"column":34},"end":{"line":243,"column":1}},"line":232},"19":{"name":"(anonymous_19)","decl":{"start":{"line":245,"column":18},"end":{"line":245,"column":19}},"loc":{"start":{"line":245,"column":34},"end":{"line":256,"column":1}},"line":245},"20":{"name":"(anonymous_20)","decl":{"start":{"line":258,"column":18},"end":{"line":258,"column":19}},"loc":{"start":{"line":258,"column":34},"end":{"line":269,"column":1}},"line":258},"21":{"name":"(anonymous_21)","decl":{"start":{"line":271,"column":18},"end":{"line":271,"column":19}},"loc":{"start":{"line":271,"column":34},"end":{"line":282,"column":1}},"line":271},"22":{"name":"(anonymous_22)","decl":{"start":{"line":284,"column":18},"end":{"line":284,"column":19}},"loc":{"start":{"line":284,"column":34},"end":{"line":295,"column":1}},"line":284},"23":{"name":"(anonymous_23)","decl":{"start":{"line":297,"column":18},"end":{"line":297,"column":19}},"loc":{"start":{"line":297,"column":34},"end":{"line":308,"column":1}},"line":297},"24":{"name":"(anonymous_24)","decl":{"start":{"line":310,"column":18},"end":{"line":310,"column":19}},"loc":{"start":{"line":310,"column":34},"end":{"line":321,"column":1}},"line":310}},"branchMap":{},"s":{"0":1,"1":0,"2":1,"3":0,"4":1,"5":0,"6":1,"7":0,"8":1,"9":0,"10":1,"11":0,"12":1,"13":0,"14":1,"15":0,"16":1,"17":0,"18":1,"19":0,"20":1,"21":0,"22":1,"23":0,"24":1,"25":0,"26":1,"27":0,"28":1,"29":0,"30":1,"31":0,"32":1,"33":0,"34":1,"35":0,"36":1,"37":0,"38":1,"39":0,"40":1,"41":0,"42":1,"43":0,"44":1,"45":0,"46":1,"47":0,"48":1,"49":0},"f":{"0":0,"1":0,"2":0,"3":0,"4":0,"5":0,"6":0,"7":0,"8":0,"9":0,"10":0,"11":0,"12":0,"13":0,"14":0,"15":0,"16":0,"17":0,"18":0,"19":0,"20":0,"21":0,"22":0,"23":0,"24":0},"b":{},"_coverageSchema":"1a1c01bbd47fc00a2c39e90264f33305004495a9","hash":"1c12cd94e077d7bd43fde91265f83ba61d9ad6a2"}
,"/Users/sel-hamr/Desktop/red-tetris/client/src/components/App.js": {"path":"/Users/sel-hamr/Desktop/red-tetris/client/src/components/App.js","statementMap":{"0":{"start":{"line":8,"column":12},"end":{"line":20,"column":1}},"1":{"start":{"line":9,"column":1},"end":{"line":18,"column":14}},"2":{"start":{"line":10,"column":2},"end":{"line":16,"column":3}},"3":{"start":{"line":11,"column":3},"end":{"line":13,"column":6}},"4":{"start":{"line":12,"column":4},"end":{"line":12,"column":28}},"5":{"start":{"line":14,"column":3},"end":{"line":15,"column":6}},"6":{"start":{"line":19,"column":1},"end":{"line":19,"column":71}},"7":{"start":{"line":21,"column":24},"end":{"line":27,"column":1}},"8":{"start":{"line":22,"column":1},"end":{"line":26,"column":3}}},"fnMap":{"0":{"name":"(anonymous_0)","decl":{"start":{"line":8,"column":12},"end":{"line":8,"column":13}},"loc":{"start":{"line":8,"column":59},"end":{"line":20,"column":1}},"line":8},"1":{"name":"(anonymous_1)","decl":{"start":{"line":9,"column":17},"end":{"line":9,"column":18}},"loc":{"start":{"line":9,"column":23},"end":{"line":18,"column":2}},"line":9},"2":{"name":"(anonymous_2)","decl":{"start":{"line":11,"column":26},"end":{"line":11,"column":27}},"loc":{"start":{"line":11,"column":38},"end":{"line":13,"column":4}},"line":11},"3":{"name":"(anonymous_3)","decl":{"start":{"line":14,"column":29},"end":{"line":14,"column":30}},"loc":{"start":{"line":14,"column":40},"end":{"line":15,"column":4}},"line":14},"4":{"name":"(anonymous_4)","decl":{"start":{"line":21,"column":24},"end":{"line":21,"column":25}},"loc":{"start":{"line":21,"column":35},"end":{"line":27,"column":1}},"line":21}},"branchMap":{"0":{"loc":{"start":{"line":8,"column":15},"end":{"line":8,"column":27}},"type":"default-arg","locations":[{"start":{"line":8,"column":22},"end":{"line":8,"column":27}}],"line":8},"1":{"loc":{"start":{"line":10,"column":2},"end":{"line":16,"column":3}},"type":"if","locations":[{"start":{"line":10,"column":2},"end":{"line":16,"column":3}},{"start":{},"end":{}}],"line":10},"2":{"loc":{"start":{"line":19,"column":11},"end":{"line":19,"column":66}},"type":"cond-expr","locations":[{"start":{"line":19,"column":19},"end":{"line":19,"column":30}},{"start":{"line":19,"column":33},"end":{"line":19,"column":66}}],"line":19},"3":{"loc":{"start":{"line":19,"column":33},"end":{"line":19,"column":66}},"type":"cond-expr","locations":[{"start":{"line":19,"column":47},"end":{"line":19,"column":55}},{"start":{"line":19,"column":58},"end":{"line":19,"column":66}}],"line":19}},"s":{"0":0,"1":0,"2":0,"3":0,"4":0,"5":0,"6":0,"7":0,"8":0},"f":{"0":0,"1":0,"2":0,"3":0,"4":0},"b":{"0":[0],"1":[0,0],"2":[0,0],"3":[0,0]}}
,"/Users/sel-hamr/Desktop/red-tetris/client/src/components/Arena.js": {"path":"/Users/sel-hamr/Desktop/red-tetris/client/src/components/Arena.js","statementMap":{"0":{"start":{"line":4,"column":14},"end":{"line":14,"column":1}},"1":{"start":{"line":5,"column":1},"end":{"line":13,"column":3}},"2":{"start":{"line":9,"column":21},"end":{"line":9,"column":33}},"3":{"start":{"line":11,"column":28},"end":{"line":11,"column":94}},"4":{"start":{"line":11,"column":52},"end":{"line":11,"column":93}}},"fnMap":{"0":{"name":"(anonymous_0)","decl":{"start":{"line":4,"column":14},"end":{"line":4,"column":15}},"loc":{"start":{"line":4,"column":91},"end":{"line":14,"column":1}},"line":4},"1":{"name":"(anonymous_1)","decl":{"start":{"line":9,"column":14},"end":{"line":9,"column":15}},"loc":{"start":{"line":9,"column":21},"end":{"line":9,"column":33}},"line":9},"2":{"name":"(anonymous_2)","decl":{"start":{"line":11,"column":13},"end":{"line":11,"column":14}},"loc":{"start":{"line":11,"column":28},"end":{"line":11,"column":94}},"line":11},"3":{"name":"(anonymous_3)","decl":{"start":{"line":11,"column":37},"end":{"line":11,"column":38}},"loc":{"start":{"line":11,"column":52},"end":{"line":11,"column":93}},"line":11}},"branchMap":{"0":{"loc":{"start":{"line":4,"column":36},"end":{"line":4,"column":50}},"type":"default-arg","locations":[{"start":{"line":4,"column":48},"end":{"line":4,"column":50}}],"line":4},"1":{"loc":{"start":{"line":4,"column":69},"end":{"line":4,"column":84}},"type":"default-arg","locations":[{"start":{"line":4,"column":80},"end":{"line":4,"column":84}}],"line":4},"2":{"loc":{"start":{"line":7,"column":23},"end":{"line":7,"column":73}},"type":"cond-expr","locations":[{"start":{"line":7,"column":42},"end":{"line":7,"column":56}},{"start":{"line":7,"column":59},"end":{"line":7,"column":73}}],"line":7},"3":{"loc":{"start":{"line":7,"column":77},"end":{"line":7,"column":111}},"type":"cond-expr","locations":[{"start":{"line":7,"column":91},"end":{"line":7,"column":106}},{"start":{"line":7,"column":109},"end":{"line":7,"column":111}}],"line":7}},"s":{"0":2,"1":11,"2":0,"3":4,"4":16},"f":{"0":11,"1":0,"2":4,"3":16},"b":{"0":[11],"1":[1],"2":[0,11],"3":[10,1]},"_coverageSchema":"1a1c01bbd47fc00a2c39e90264f33305004495a9","hash":"22bc872094a4bc7384b1182e262af6cbbe7cce69"}
,"/Users/sel-hamr/Desktop/red-tetris/client/src/components/Chat.js": {"path":"/Users/sel-hamr/Desktop/red-tetris/client/src/components/Chat.js","statementMap":{"0":{"start":{"line":8,"column":13},"end":{"line":52,"column":1}},"1":{"start":{"line":9,"column":31},"end":{"line":9,"column":43}},"2":{"start":{"line":10,"column":17},"end":{"line":10,"column":35}},"3":{"start":{"line":11,"column":22},"end":{"line":16,"column":2}},"4":{"start":{"line":12,"column":2},"end":{"line":12,"column":17}},"5":{"start":{"line":13,"column":2},"end":{"line":15,"column":3}},"6":{"start":{"line":14,"column":3},"end":{"line":14,"column":35}},"7":{"start":{"line":17,"column":1},"end":{"line":20,"column":8}},"8":{"start":{"line":18,"column":2},"end":{"line":18,"column":34}},"9":{"start":{"line":21,"column":1},"end":{"line":51,"column":3}},"10":{"start":{"line":25,"column":5},"end":{"line":31,"column":9}},"11":{"start":{"line":40,"column":6},"end":{"line":40,"column":24}},"12":{"start":{"line":53,"column":24},"end":{"line":59,"column":1}},"13":{"start":{"line":54,"column":1},"end":{"line":58,"column":3}}},"fnMap":{"0":{"name":"(anonymous_0)","decl":{"start":{"line":8,"column":13},"end":{"line":8,"column":14}},"loc":{"start":{"line":8,"column":66},"end":{"line":52,"column":1}},"line":8},"1":{"name":"(anonymous_1)","decl":{"start":{"line":11,"column":22},"end":{"line":11,"column":23}},"loc":{"start":{"line":11,"column":28},"end":{"line":16,"column":2}},"line":11},"2":{"name":"(anonymous_2)","decl":{"start":{"line":17,"column":17},"end":{"line":17,"column":18}},"loc":{"start":{"line":17,"column":23},"end":{"line":20,"column":2}},"line":17},"3":{"name":"(anonymous_3)","decl":{"start":{"line":24,"column":21},"end":{"line":24,"column":22}},"loc":{"start":{"line":25,"column":5},"end":{"line":31,"column":9}},"line":25},"4":{"name":"(anonymous_4)","decl":{"start":{"line":39,"column":15},"end":{"line":39,"column":16}},"loc":{"start":{"line":39,"column":26},"end":{"line":41,"column":6}},"line":39},"5":{"name":"(anonymous_5)","decl":{"start":{"line":53,"column":24},"end":{"line":53,"column":25}},"loc":{"start":{"line":53,"column":35},"end":{"line":59,"column":1}},"line":53}},"branchMap":{"0":{"loc":{"start":{"line":13,"column":2},"end":{"line":15,"column":3}},"type":"if","locations":[{"start":{"line":13,"column":2},"end":{"line":15,"column":3}},{"start":{},"end":{}}],"line":13}},"s":{"0":1,"1":32,"2":32,"3":32,"4":0,"5":0,"6":0,"7":32,"8":0,"9":32,"10":0,"11":0,"12":1,"13":16},"f":{"0":32,"1":0,"2":0,"3":0,"4":0,"5":16},"b":{"0":[0,0]},"_coverageSchema":"1a1c01bbd47fc00a2c39e90264f33305004495a9","hash":"8cec2416988d6b2794e2453dd9513f7945d9d7f1"}
,"/Users/sel-hamr/Desktop/red-tetris/client/src/components/Input.js": {"path":"/Users/sel-hamr/Desktop/red-tetris/client/src/components/Input.js","statementMap":{"0":{"start":{"line":3,"column":14},"end":{"line":30,"column":1}},"1":{"start":{"line":4,"column":18},"end":{"line":4,"column":30}},"2":{"start":{"line":5,"column":12},"end":{"line":7,"column":2}},"3":{"start":{"line":6,"column":2},"end":{"line":6,"column":57}},"4":{"start":{"line":6,"column":21},"end":{"line":6,"column":57}},"5":{"start":{"line":8,"column":1},"end":{"line":10,"column":21}},"6":{"start":{"line":9,"column":2},"end":{"line":9,"column":27}},"7":{"start":{"line":11,"column":19},"end":{"line":13,"column":63}},"8":{"start":{"line":14,"column":1},"end":{"line":29,"column":3}},"9":{"start":{"line":20,"column":4},"end":{"line":20,"column":35}},"10":{"start":{"line":26,"column":4},"end":{"line":26,"column":60}},"11":{"start":{"line":26,"column":44},"end":{"line":26,"column":60}}},"fnMap":{"0":{"name":"(anonymous_0)","decl":{"start":{"line":3,"column":14},"end":{"line":3,"column":15}},"loc":{"start":{"line":3,"column":25},"end":{"line":30,"column":1}},"line":3},"1":{"name":"(anonymous_1)","decl":{"start":{"line":5,"column":12},"end":{"line":5,"column":13}},"loc":{"start":{"line":5,"column":19},"end":{"line":7,"column":2}},"line":5},"2":{"name":"(anonymous_2)","decl":{"start":{"line":8,"column":11},"end":{"line":8,"column":12}},"loc":{"start":{"line":8,"column":17},"end":{"line":10,"column":2}},"line":8},"3":{"name":"(anonymous_3)","decl":{"start":{"line":19,"column":13},"end":{"line":19,"column":14}},"loc":{"start":{"line":19,"column":20},"end":{"line":21,"column":4}},"line":19},"4":{"name":"(anonymous_4)","decl":{"start":{"line":25,"column":12},"end":{"line":25,"column":13}},"loc":{"start":{"line":25,"column":19},"end":{"line":27,"column":4}},"line":25}},"branchMap":{"0":{"loc":{"start":{"line":6,"column":2},"end":{"line":6,"column":57}},"type":"if","locations":[{"start":{"line":6,"column":2},"end":{"line":6,"column":57}},{"start":{},"end":{}}],"line":6},"1":{"loc":{"start":{"line":11,"column":28},"end":{"line":11,"column":49}},"type":"binary-expr","locations":[{"start":{"line":11,"column":28},"end":{"line":11,"column":43}},{"start":{"line":11,"column":47},"end":{"line":11,"column":49}}],"line":11},"2":{"loc":{"start":{"line":11,"column":53},"end":{"line":11,"column":88}},"type":"cond-expr","locations":[{"start":{"line":11,"column":69},"end":{"line":11,"column":83}},{"start":{"line":11,"column":86},"end":{"line":11,"column":88}}],"line":11},"3":{"loc":{"start":{"line":12,"column":2},"end":{"line":12,"column":112}},"type":"cond-expr","locations":[{"start":{"line":12,"column":28},"end":{"line":12,"column":42}},{"start":{"line":12,"column":45},"end":{"line":12,"column":112}}],"line":12},"4":{"loc":{"start":{"line":12,"column":45},"end":{"line":12,"column":112}},"type":"cond-expr","locations":[{"start":{"line":12,"column":76},"end":{"line":12,"column":95}},{"start":{"line":12,"column":98},"end":{"line":12,"column":112}}],"line":12},"5":{"loc":{"start":{"line":13,"column":5},"end":{"line":13,"column":61}},"type":"cond-expr","locations":[{"start":{"line":13,"column":30},"end":{"line":13,"column":44}},{"start":{"line":13,"column":47},"end":{"line":13,"column":61}}],"line":13},"6":{"loc":{"start":{"line":22,"column":10},"end":{"line":22,"column":55}},"type":"cond-expr","locations":[{"start":{"line":22,"column":32},"end":{"line":22,"column":50}},{"start":{"line":22,"column":53},"end":{"line":22,"column":55}}],"line":22},"7":{"loc":{"start":{"line":23,"column":16},"end":{"line":23,"column":59}},"type":"cond-expr","locations":[{"start":{"line":23,"column":37},"end":{"line":23,"column":54}},{"start":{"line":23,"column":57},"end":{"line":23,"column":59}}],"line":23},"8":{"loc":{"start":{"line":24,"column":10},"end":{"line":24,"column":41}},"type":"cond-expr","locations":[{"start":{"line":24,"column":25},"end":{"line":24,"column":36}},{"start":{"line":24,"column":39},"end":{"line":24,"column":41}}],"line":24},"9":{"loc":{"start":{"line":26,"column":4},"end":{"line":26,"column":60}},"type":"if","locations":[{"start":{"line":26,"column":4},"end":{"line":26,"column":60}},{"start":{},"end":{}}],"line":26},"10":{"loc":{"start":{"line":26,"column":8},"end":{"line":26,"column":42}},"type":"binary-expr","locations":[{"start":{"line":26,"column":8},"end":{"line":26,"column":24}},{"start":{"line":26,"column":28},"end":{"line":26,"column":42}}],"line":26}},"s":{"0":5,"1":27,"2":27,"3":0,"4":0,"5":27,"6":21,"7":27,"8":27,"9":3,"10":0,"11":0},"f":{"0":27,"1":0,"2":21,"3":3,"4":0},"b":{"0":[0,0],"1":[27,0],"2":[1,26],"3":[11,16],"4":[0,16],"5":[11,16],"6":[6,21],"7":[27,0],"8":[0,27],"9":[0,0],"10":[0,0]},"_coverageSchema":"1a1c01bbd47fc00a2c39e90264f33305004495a9","hash":"1194efcbb9070084cbb0a18b4599de0c1e1db906"}
,"/Users/sel-hamr/Desktop/red-tetris/client/src/components/NextPiece.js": {"path":"/Users/sel-hamr/Desktop/red-tetris/client/src/components/NextPiece.js","statementMap":{"0":{"start":{"line":6,"column":18},"end":{"line":16,"column":1}},"1":{"start":{"line":7,"column":1},"end":{"line":10,"column":8}},"2":{"start":{"line":8,"column":2},"end":{"line":8,"column":24}},"3":{"start":{"line":11,"column":1},"end":{"line":15,"column":3}},"4":{"start":{"line":13,"column":63},"end":{"line":13,"column":120}},"5":{"start":{"line":13,"column":87},"end":{"line":13,"column":119}},"6":{"start":{"line":17,"column":24},"end":{"line":21,"column":1}},"7":{"start":{"line":18,"column":1},"end":{"line":20,"column":3}}},"fnMap":{"0":{"name":"(anonymous_0)","decl":{"start":{"line":6,"column":18},"end":{"line":6,"column":19}},"loc":{"start":{"line":6,"column":58},"end":{"line":16,"column":1}},"line":6},"1":{"name":"(anonymous_1)","decl":{"start":{"line":7,"column":17},"end":{"line":7,"column":18}},"loc":{"start":{"line":7,"column":23},"end":{"line":10,"column":2}},"line":7},"2":{"name":"(anonymous_2)","decl":{"start":{"line":13,"column":48},"end":{"line":13,"column":49}},"loc":{"start":{"line":13,"column":63},"end":{"line":13,"column":120}},"line":13},"3":{"name":"(anonymous_3)","decl":{"start":{"line":13,"column":72},"end":{"line":13,"column":73}},"loc":{"start":{"line":13,"column":87},"end":{"line":13,"column":119}},"line":13},"4":{"name":"(anonymous_4)","decl":{"start":{"line":17,"column":24},"end":{"line":17,"column":25}},"loc":{"start":{"line":17,"column":35},"end":{"line":21,"column":1}},"line":17}},"branchMap":{"0":{"loc":{"start":{"line":13,"column":4},"end":{"line":13,"column":121}},"type":"cond-expr","locations":[{"start":{"line":13,"column":29},"end":{"line":13,"column":31}},{"start":{"line":13,"column":34},"end":{"line":13,"column":121}}],"line":13}},"s":{"0":1,"1":16,"2":0,"3":16,"4":0,"5":0,"6":1,"7":16},"f":{"0":16,"1":0,"2":0,"3":0,"4":16},"b":{"0":[16,0]},"_coverageSchema":"1a1c01bbd47fc00a2c39e90264f33305004495a9","hash":"1dbb253bfa959f4566797f9f9dfcb9869eb0821c"}
,"/Users/sel-hamr/Desktop/red-tetris/client/src/pages/Game.js": {"path":"/Users/sel-hamr/Desktop/red-tetris/client/src/pages/Game.js","statementMap":{"0":{"start":{"line":15,"column":13},"end":{"line":176,"column":1}},"1":{"start":{"line":32,"column":27},"end":{"line":32,"column":50}},"2":{"start":{"line":33,"column":18},"end":{"line":33,"column":30}},"3":{"start":{"line":34,"column":17},"end":{"line":34,"column":29}},"4":{"start":{"line":35,"column":19},"end":{"line":35,"column":32}},"5":{"start":{"line":36,"column":1},"end":{"line":38,"column":17}},"6":{"start":{"line":37,"column":2},"end":{"line":37,"column":62}},"7":{"start":{"line":37,"column":37},"end":{"line":37,"column":62}},"8":{"start":{"line":39,"column":1},"end":{"line":85,"column":32}},"9":{"start":{"line":40,"column":2},"end":{"line":40,"column":29}},"10":{"start":{"line":41,"column":2},"end":{"line":41,"column":28}},"11":{"start":{"line":42,"column":2},"end":{"line":42,"column":32}},"12":{"start":{"line":43,"column":2},"end":{"line":43,"column":28}},"13":{"start":{"line":44,"column":2},"end":{"line":44,"column":30}},"14":{"start":{"line":45,"column":2},"end":{"line":45,"column":24}},"15":{"start":{"line":46,"column":2},"end":{"line":48,"column":5}},"16":{"start":{"line":47,"column":3},"end":{"line":47,"column":36}},"17":{"start":{"line":50,"column":2},"end":{"line":54,"column":5}},"18":{"start":{"line":51,"column":3},"end":{"line":51,"column":31}},"19":{"start":{"line":52,"column":3},"end":{"line":52,"column":24}},"20":{"start":{"line":53,"column":3},"end":{"line":53,"column":21}},"21":{"start":{"line":56,"column":2},"end":{"line":59,"column":5}},"22":{"start":{"line":57,"column":3},"end":{"line":57,"column":51}},"23":{"start":{"line":58,"column":3},"end":{"line":58,"column":101}},"24":{"start":{"line":61,"column":2},"end":{"line":63,"column":5}},"25":{"start":{"line":62,"column":3},"end":{"line":62,"column":25}},"26":{"start":{"line":65,"column":2},"end":{"line":72,"column":5}},"27":{"start":{"line":66,"column":3},"end":{"line":71,"column":4}},"28":{"start":{"line":67,"column":21},"end":{"line":67,"column":54}},"29":{"start":{"line":68,"column":15},"end":{"line":68,"column":78}},"30":{"start":{"line":69,"column":19},"end":{"line":69,"column":65}},"31":{"start":{"line":70,"column":4},"end":{"line":70,"column":64}},"32":{"start":{"line":74,"column":2},"end":{"line":83,"column":5}},"33":{"start":{"line":75,"column":3},"end":{"line":82,"column":4}},"34":{"start":{"line":76,"column":4},"end":{"line":76,"column":100}},"35":{"start":{"line":77,"column":4},"end":{"line":77,"column":88}},"36":{"start":{"line":78,"column":4},"end":{"line":78,"column":31}},"37":{"start":{"line":79,"column":4},"end":{"line":79,"column":31}},"38":{"start":{"line":81,"column":4},"end":{"line":81,"column":45}},"39":{"start":{"line":87,"column":1},"end":{"line":175,"column":3}},"40":{"start":{"line":113,"column":9},"end":{"line":113,"column":34}},"41":{"start":{"line":125,"column":8},"end":{"line":125,"column":45}},"42":{"start":{"line":146,"column":9},"end":{"line":146,"column":34}},"43":{"start":{"line":178,"column":24},"end":{"line":187,"column":1}},"44":{"start":{"line":179,"column":1},"end":{"line":186,"column":3}},"45":{"start":{"line":199,"column":2},"end":{"line":201,"column":4}}},"fnMap":{"0":{"name":"(anonymous_0)","decl":{"start":{"line":15,"column":13},"end":{"line":15,"column":14}},"loc":{"start":{"line":31,"column":6},"end":{"line":176,"column":1}},"line":31},"1":{"name":"(anonymous_1)","decl":{"start":{"line":36,"column":17},"end":{"line":36,"column":18}},"loc":{"start":{"line":36,"column":23},"end":{"line":38,"column":2}},"line":36},"2":{"name":"(anonymous_2)","decl":{"start":{"line":39,"column":17},"end":{"line":39,"column":18}},"loc":{"start":{"line":39,"column":23},"end":{"line":85,"column":2}},"line":39},"3":{"name":"(anonymous_3)","decl":{"start":{"line":46,"column":29},"end":{"line":46,"column":30}},"loc":{"start":{"line":46,"column":41},"end":{"line":48,"column":3}},"line":46},"4":{"name":"(anonymous_4)","decl":{"start":{"line":50,"column":27},"end":{"line":50,"column":28}},"loc":{"start":{"line":50,"column":33},"end":{"line":54,"column":3}},"line":50},"5":{"name":"(anonymous_5)","decl":{"start":{"line":56,"column":23},"end":{"line":56,"column":24}},"loc":{"start":{"line":56,"column":36},"end":{"line":59,"column":3}},"line":56},"6":{"name":"(anonymous_6)","decl":{"start":{"line":61,"column":28},"end":{"line":61,"column":29}},"loc":{"start":{"line":61,"column":34},"end":{"line":63,"column":3}},"line":61},"7":{"name":"(anonymous_7)","decl":{"start":{"line":65,"column":27},"end":{"line":65,"column":28}},"loc":{"start":{"line":65,"column":37},"end":{"line":72,"column":3}},"line":65},"8":{"name":"(anonymous_8)","decl":{"start":{"line":74,"column":31},"end":{"line":74,"column":32}},"loc":{"start":{"line":74,"column":41},"end":{"line":83,"column":3}},"line":74},"9":{"name":"(anonymous_9)","decl":{"start":{"line":112,"column":17},"end":{"line":112,"column":18}},"loc":{"start":{"line":112,"column":23},"end":{"line":114,"column":9}},"line":112},"10":{"name":"(anonymous_10)","decl":{"start":{"line":124,"column":18},"end":{"line":124,"column":19}},"loc":{"start":{"line":124,"column":25},"end":{"line":126,"column":8}},"line":124},"11":{"name":"(anonymous_11)","decl":{"start":{"line":145,"column":17},"end":{"line":145,"column":18}},"loc":{"start":{"line":145,"column":23},"end":{"line":147,"column":9}},"line":145},"12":{"name":"(anonymous_12)","decl":{"start":{"line":178,"column":24},"end":{"line":178,"column":25}},"loc":{"start":{"line":178,"column":35},"end":{"line":187,"column":1}},"line":178},"13":{"name":"(anonymous_13)","decl":{"start":{"line":198,"column":18},"end":{"line":198,"column":19}},"loc":{"start":{"line":198,"column":24},"end":{"line":202,"column":2}},"line":198}},"branchMap":{"0":{"loc":{"start":{"line":37,"column":2},"end":{"line":37,"column":62}},"type":"if","locations":[{"start":{"line":37,"column":2},"end":{"line":37,"column":62}},{"start":{},"end":{}}],"line":37},"1":{"loc":{"start":{"line":37,"column":6},"end":{"line":37,"column":35}},"type":"binary-expr","locations":[{"start":{"line":37,"column":6},"end":{"line":37,"column":14}},{"start":{"line":37,"column":18},"end":{"line":37,"column":35}}],"line":37},"2":{"loc":{"start":{"line":66,"column":3},"end":{"line":71,"column":4}},"type":"if","locations":[{"start":{"line":66,"column":3},"end":{"line":71,"column":4}},{"start":{},"end":{}}],"line":66},"3":{"loc":{"start":{"line":75,"column":3},"end":{"line":82,"column":4}},"type":"if","locations":[{"start":{"line":75,"column":3},"end":{"line":82,"column":4}},{"start":{"line":80,"column":10},"end":{"line":82,"column":4}}],"line":75},"4":{"loc":{"start":{"line":77,"column":19},"end":{"line":77,"column":86}},"type":"cond-expr","locations":[{"start":{"line":77,"column":47},"end":{"line":77,"column":56}},{"start":{"line":77,"column":59},"end":{"line":77,"column":86}}],"line":77},"5":{"loc":{"start":{"line":77,"column":19},"end":{"line":77,"column":44}},"type":"binary-expr","locations":[{"start":{"line":77,"column":19},"end":{"line":77,"column":31}},{"start":{"line":77,"column":35},"end":{"line":77,"column":44}}],"line":77},"6":{"loc":{"start":{"line":77,"column":59},"end":{"line":77,"column":86}},"type":"cond-expr","locations":[{"start":{"line":77,"column":70},"end":{"line":77,"column":75}},{"start":{"line":77,"column":78},"end":{"line":77,"column":86}}],"line":77},"7":{"loc":{"start":{"line":96,"column":5},"end":{"line":96,"column":90}},"type":"cond-expr","locations":[{"start":{"line":96,"column":37},"end":{"line":96,"column":49}},{"start":{"line":96,"column":52},"end":{"line":96,"column":90}}],"line":96},"8":{"loc":{"start":{"line":99,"column":6},"end":{"line":119,"column":6}},"type":"cond-expr","locations":[{"start":{"line":100,"column":6},"end":{"line":100,"column":19}},{"start":{"line":101,"column":9},"end":{"line":119,"column":6}}],"line":99},"9":{"loc":{"start":{"line":99,"column":6},"end":{"line":99,"column":44}},"type":"binary-expr","locations":[{"start":{"line":99,"column":6},"end":{"line":99,"column":30}},{"start":{"line":99,"column":34},"end":{"line":99,"column":44}}],"line":99},"10":{"loc":{"start":{"line":101,"column":9},"end":{"line":119,"column":6}},"type":"cond-expr","locations":[{"start":{"line":102,"column":6},"end":{"line":116,"column":12}},{"start":{"line":118,"column":6},"end":{"line":118,"column":8}}],"line":101},"11":{"loc":{"start":{"line":101,"column":9},"end":{"line":101,"column":47}},"type":"binary-expr","locations":[{"start":{"line":101,"column":9},"end":{"line":101,"column":33}},{"start":{"line":101,"column":37},"end":{"line":101,"column":47}}],"line":101},"12":{"loc":{"start":{"line":120,"column":6},"end":{"line":131,"column":6}},"type":"cond-expr","locations":[{"start":{"line":121,"column":6},"end":{"line":128,"column":8}},{"start":{"line":130,"column":6},"end":{"line":130,"column":8}}],"line":120},"13":{"loc":{"start":{"line":120,"column":6},"end":{"line":120,"column":73}},"type":"binary-expr","locations":[{"start":{"line":120,"column":7},"end":{"line":120,"column":31}},{"start":{"line":120,"column":35},"end":{"line":120,"column":44}},{"start":{"line":120,"column":49},"end":{"line":120,"column":73}}],"line":120},"14":{"loc":{"start":{"line":132,"column":6},"end":{"line":150,"column":6}},"type":"cond-expr","locations":[{"start":{"line":133,"column":6},"end":{"line":133,"column":8}},{"start":{"line":135,"column":6},"end":{"line":149,"column":12}}],"line":132},"15":{"loc":{"start":{"line":132,"column":6},"end":{"line":132,"column":89}},"type":"binary-expr","locations":[{"start":{"line":132,"column":7},"end":{"line":132,"column":15}},{"start":{"line":132,"column":19},"end":{"line":132,"column":38}},{"start":{"line":132,"column":44},"end":{"line":132,"column":52}},{"start":{"line":132,"column":56},"end":{"line":132,"column":88}}],"line":132},"16":{"loc":{"start":{"line":153,"column":38},"end":{"line":153,"column":91}},"type":"cond-expr","locations":[{"start":{"line":153,"column":75},"end":{"line":153,"column":86}},{"start":{"line":153,"column":89},"end":{"line":153,"column":91}}],"line":153}},"s":{"0":1,"1":16,"2":16,"3":16,"4":16,"5":16,"6":0,"7":0,"8":16,"9":0,"10":0,"11":0,"12":0,"13":0,"14":0,"15":0,"16":0,"17":0,"18":0,"19":0,"20":0,"21":0,"22":0,"23":0,"24":0,"25":0,"26":0,"27":0,"28":0,"29":0,"30":0,"31":0,"32":0,"33":0,"34":0,"35":0,"36":0,"37":0,"38":0,"39":16,"40":0,"41":0,"42":0,"43":1,"44":16,"45":0},"f":{"0":16,"1":0,"2":0,"3":0,"4":0,"5":0,"6":0,"7":0,"8":0,"9":0,"10":0,"11":0,"12":16,"13":0},"b":{"0":[0,0],"1":[0,0],"2":[0,0],"3":[0,0],"4":[0,0],"5":[0,0],"6":[0,0],"7":[15,1],"8":[6,10],"9":[16,13],"10":[3,7],"11":[10,3],"12":[10,6],"13":[16,13,9],"14":[15,1],"15":[16,16,1,1],"16":[16,0]},"_coverageSchema":"1a1c01bbd47fc00a2c39e90264f33305004495a9","hash":"f8447f77f0a44aff3e914c260c16fa3388fc1e6d"}
,"/Users/sel-hamr/Desktop/red-tetris/client/src/pages/Home.js": {"path":"/Users/sel-hamr/Desktop/red-tetris/client/src/pages/Home.js","statementMap":{"0":{"start":{"line":11,"column":13},"end":{"line":77,"column":1}},"1":{"start":{"line":12,"column":37},"end":{"line":12,"column":49}},"2":{"start":{"line":13,"column":40},"end":{"line":13,"column":54}},"3":{"start":{"line":14,"column":31},"end":{"line":14,"column":52}},"4":{"start":{"line":15,"column":1},"end":{"line":38,"column":18}},"5":{"start":{"line":16,"column":2},"end":{"line":16,"column":27}},"6":{"start":{"line":17,"column":2},"end":{"line":17,"column":28}},"7":{"start":{"line":18,"column":2},"end":{"line":20,"column":5}},"8":{"start":{"line":19,"column":3},"end":{"line":19,"column":34}},"9":{"start":{"line":21,"column":2},"end":{"line":29,"column":5}},"10":{"start":{"line":22,"column":18},"end":{"line":22,"column":22}},"11":{"start":{"line":23,"column":3},"end":{"line":23,"column":15}},"12":{"start":{"line":24,"column":3},"end":{"line":24,"column":25}},"13":{"start":{"line":25,"column":3},"end":{"line":25,"column":75}},"14":{"start":{"line":25,"column":58},"end":{"line":25,"column":73}},"15":{"start":{"line":26,"column":3},"end":{"line":26,"column":35}},"16":{"start":{"line":27,"column":3},"end":{"line":27,"column":55}},"17":{"start":{"line":28,"column":3},"end":{"line":28,"column":49}},"18":{"start":{"line":30,"column":2},"end":{"line":30,"column":40}},"19":{"start":{"line":31,"column":2},"end":{"line":31,"column":40}},"20":{"start":{"line":31,"column":16},"end":{"line":31,"column":40}},"21":{"start":{"line":32,"column":2},"end":{"line":36,"column":4}},"22":{"start":{"line":34,"column":4},"end":{"line":34,"column":42}},"23":{"start":{"line":39,"column":1},"end":{"line":76,"column":3}},"24":{"start":{"line":57,"column":7},"end":{"line":57,"column":24}},"25":{"start":{"line":65,"column":6},"end":{"line":65,"column":27}},"26":{"start":{"line":68,"column":6},"end":{"line":68,"column":44}},"27":{"start":{"line":78,"column":24},"end":{"line":83,"column":1}},"28":{"start":{"line":79,"column":1},"end":{"line":82,"column":3}}},"fnMap":{"0":{"name":"(anonymous_0)","decl":{"start":{"line":11,"column":13},"end":{"line":11,"column":14}},"loc":{"start":{"line":11,"column":117},"end":{"line":77,"column":1}},"line":11},"1":{"name":"(anonymous_1)","decl":{"start":{"line":15,"column":17},"end":{"line":15,"column":18}},"loc":{"start":{"line":15,"column":23},"end":{"line":38,"column":2}},"line":15},"2":{"name":"(anonymous_2)","decl":{"start":{"line":18,"column":26},"end":{"line":18,"column":27}},"loc":{"start":{"line":18,"column":40},"end":{"line":20,"column":3}},"line":18},"3":{"name":"(anonymous_3)","decl":{"start":{"line":21,"column":27},"end":{"line":21,"column":28}},"loc":{"start":{"line":21,"column":37},"end":{"line":29,"column":3}},"line":21},"4":{"name":"(anonymous_4)","decl":{"start":{"line":25,"column":46},"end":{"line":25,"column":47}},"loc":{"start":{"line":25,"column":58},"end":{"line":25,"column":73}},"line":25},"5":{"name":"(anonymous_5)","decl":{"start":{"line":33,"column":15},"end":{"line":33,"column":16}},"loc":{"start":{"line":33,"column":21},"end":{"line":35,"column":4}},"line":33},"6":{"name":"(anonymous_6)","decl":{"start":{"line":56,"column":15},"end":{"line":56,"column":16}},"loc":{"start":{"line":56,"column":21},"end":{"line":58,"column":7}},"line":56},"7":{"name":"(anonymous_7)","decl":{"start":{"line":64,"column":15},"end":{"line":64,"column":16}},"loc":{"start":{"line":64,"column":26},"end":{"line":66,"column":6}},"line":64},"8":{"name":"(anonymous_8)","decl":{"start":{"line":67,"column":14},"end":{"line":67,"column":15}},"loc":{"start":{"line":67,"column":20},"end":{"line":69,"column":6}},"line":67},"9":{"name":"(anonymous_9)","decl":{"start":{"line":78,"column":24},"end":{"line":78,"column":25}},"loc":{"start":{"line":78,"column":35},"end":{"line":83,"column":1}},"line":78}},"branchMap":{"0":{"loc":{"start":{"line":31,"column":2},"end":{"line":31,"column":40}},"type":"if","locations":[{"start":{"line":31,"column":2},"end":{"line":31,"column":40}},{"start":{},"end":{}}],"line":31}},"s":{"0":1,"1":8,"2":8,"3":8,"4":8,"5":8,"6":0,"7":0,"8":0,"9":0,"10":0,"11":0,"12":0,"13":0,"14":0,"15":0,"16":0,"17":0,"18":0,"19":0,"20":0,"21":0,"22":0,"23":8,"24":0,"25":0,"26":0,"27":1,"28":8},"f":{"0":8,"1":8,"2":0,"3":0,"4":0,"5":0,"6":0,"7":0,"8":0,"9":8},"b":{"0":[0,0]},"_coverageSchema":"1a1c01bbd47fc00a2c39e90264f33305004495a9","hash":"7b800829e0200f5441831fea802d902e1335cf37"}
,"/Users/sel-hamr/Desktop/red-tetris/client/src/pages/Welcome.js": {"path":"/Users/sel-hamr/Desktop/red-tetris/client/src/pages/Welcome.js","statementMap":{"0":{"start":{"line":5,"column":16},"end":{"line":14,"column":1}},"1":{"start":{"line":6,"column":1},"end":{"line":13,"column":3}}},"fnMap":{"0":{"name":"(anonymous_0)","decl":{"start":{"line":5,"column":16},"end":{"line":5,"column":17}},"loc":{"start":{"line":5,"column":22},"end":{"line":14,"column":1}},"line":5}},"branchMap":{},"s":{"0":1,"1":3},"f":{"0":3},"b":{},"_coverageSchema":"1a1c01bbd47fc00a2c39e90264f33305004495a9","hash":"ce688debc6f5b77475e0b066b4b0209d82109edb"}
,"/Users/sel-hamr/Desktop/red-tetris/client/src/parts/CreateRoom.js": {"path":"/Users/sel-hamr/Desktop/red-tetris/client/src/parts/CreateRoom.js","statementMap":{"0":{"start":{"line":12,"column":19},"end":{"line":102,"column":1}},"1":{"start":{"line":13,"column":33},"end":{"line":13,"column":93}},"2":{"start":{"line":14,"column":27},"end":{"line":14,"column":86}},"3":{"start":{"line":15,"column":26},"end":{"line":19,"column":2}},"4":{"start":{"line":16,"column":2},"end":{"line":16,"column":20}},"5":{"start":{"line":17,"column":2},"end":{"line":17,"column":49}},"6":{"start":{"line":18,"column":2},"end":{"line":18,"column":56}},"7":{"start":{"line":20,"column":22},"end":{"line":30,"column":2}},"8":{"start":{"line":21,"column":20},"end":{"line":21,"column":63}},"9":{"start":{"line":22,"column":2},"end":{"line":22,"column":63}},"10":{"start":{"line":22,"column":41},"end":{"line":22,"column":63}},"11":{"start":{"line":23,"column":2},"end":{"line":23,"column":67}},"12":{"start":{"line":23,"column":45},"end":{"line":23,"column":67}},"13":{"start":{"line":24,"column":2},"end":{"line":24,"column":102}},"14":{"start":{"line":24,"column":78},"end":{"line":24,"column":102}},"15":{"start":{"line":25,"column":2},"end":{"line":29,"column":3}},"16":{"start":{"line":25,"column":60},"end":{"line":25,"column":87}},"17":{"start":{"line":27,"column":3},"end":{"line":27,"column":99}},"18":{"start":{"line":28,"column":3},"end":{"line":28,"column":22}},"19":{"start":{"line":31,"column":1},"end":{"line":101,"column":3}},"20":{"start":{"line":35,"column":4},"end":{"line":37,"column":5}},"21":{"start":{"line":36,"column":5},"end":{"line":36,"column":24}},"22":{"start":{"line":49,"column":6},"end":{"line":49,"column":48}},"23":{"start":{"line":50,"column":6},"end":{"line":50,"column":42}},"24":{"start":{"line":67,"column":8},"end":{"line":67,"column":52}},"25":{"start":{"line":68,"column":8},"end":{"line":68,"column":46}},"26":{"start":{"line":87,"column":6},"end":{"line":87,"column":48}},"27":{"start":{"line":103,"column":24},"end":{"line":107,"column":1}},"28":{"start":{"line":104,"column":1},"end":{"line":106,"column":3}}},"fnMap":{"0":{"name":"(anonymous_0)","decl":{"start":{"line":12,"column":19},"end":{"line":12,"column":20}},"loc":{"start":{"line":12,"column":56},"end":{"line":102,"column":1}},"line":12},"1":{"name":"(anonymous_1)","decl":{"start":{"line":15,"column":26},"end":{"line":15,"column":27}},"loc":{"start":{"line":15,"column":32},"end":{"line":19,"column":2}},"line":15},"2":{"name":"(anonymous_2)","decl":{"start":{"line":20,"column":22},"end":{"line":20,"column":23}},"loc":{"start":{"line":20,"column":28},"end":{"line":30,"column":2}},"line":20},"3":{"name":"(anonymous_3)","decl":{"start":{"line":34,"column":12},"end":{"line":34,"column":13}},"loc":{"start":{"line":34,"column":19},"end":{"line":38,"column":4}},"line":34},"4":{"name":"(anonymous_4)","decl":{"start":{"line":48,"column":15},"end":{"line":48,"column":16}},"loc":{"start":{"line":48,"column":26},"end":{"line":51,"column":6}},"line":48},"5":{"name":"(anonymous_5)","decl":{"start":{"line":66,"column":17},"end":{"line":66,"column":18}},"loc":{"start":{"line":66,"column":28},"end":{"line":69,"column":8}},"line":66},"6":{"name":"(anonymous_6)","decl":{"start":{"line":86,"column":15},"end":{"line":86,"column":16}},"loc":{"start":{"line":86,"column":26},"end":{"line":88,"column":6}},"line":86},"7":{"name":"(anonymous_7)","decl":{"start":{"line":103,"column":24},"end":{"line":103,"column":25}},"loc":{"start":{"line":103,"column":35},"end":{"line":107,"column":1}},"line":103}},"branchMap":{"0":{"loc":{"start":{"line":22,"column":2},"end":{"line":22,"column":63}},"type":"if","locations":[{"start":{"line":22,"column":2},"end":{"line":22,"column":63}},{"start":{},"end":{}}],"line":22},"1":{"loc":{"start":{"line":23,"column":2},"end":{"line":23,"column":67}},"type":"if","locations":[{"start":{"line":23,"column":2},"end":{"line":23,"column":67}},{"start":{},"end":{}}],"line":23},"2":{"loc":{"start":{"line":24,"column":2},"end":{"line":24,"column":102}},"type":"if","locations":[{"start":{"line":24,"column":2},"end":{"line":24,"column":102}},{"start":{},"end":{}}],"line":24},"3":{"loc":{"start":{"line":24,"column":6},"end":{"line":24,"column":76}},"type":"binary-expr","locations":[{"start":{"line":24,"column":6},"end":{"line":24,"column":46}},{"start":{"line":24,"column":50},"end":{"line":24,"column":76}}],"line":24},"4":{"loc":{"start":{"line":25,"column":2},"end":{"line":29,"column":3}},"type":"if","locations":[{"start":{"line":25,"column":2},"end":{"line":29,"column":3}},{"start":{"line":26,"column":7},"end":{"line":29,"column":3}}],"line":25},"5":{"loc":{"start":{"line":25,"column":6},"end":{"line":25,"column":58}},"type":"binary-expr","locations":[{"start":{"line":25,"column":6},"end":{"line":25,"column":20}},{"start":{"line":25,"column":24},"end":{"line":25,"column":38}},{"start":{"line":25,"column":42},"end":{"line":25,"column":58}}],"line":25},"6":{"loc":{"start":{"line":31,"column":8},"end":{"line":101,"column":2}},"type":"cond-expr","locations":[{"start":{"line":32,"column":2},"end":{"line":98,"column":8}},{"start":{"line":100,"column":2},"end":{"line":100,"column":4}}],"line":31},"7":{"loc":{"start":{"line":35,"column":4},"end":{"line":37,"column":5}},"type":"if","locations":[{"start":{"line":35,"column":4},"end":{"line":37,"column":5}},{"start":{},"end":{}}],"line":35},"8":{"loc":{"start":{"line":43,"column":50},"end":{"line":43,"column":86}},"type":"cond-expr","locations":[{"start":{"line":43,"column":63},"end":{"line":43,"column":77}},{"start":{"line":43,"column":80},"end":{"line":43,"column":86}}],"line":43},"9":{"loc":{"start":{"line":58,"column":5},"end":{"line":79,"column":5}},"type":"cond-expr","locations":[{"start":{"line":59,"column":5},"end":{"line":76,"column":11}},{"start":{"line":78,"column":5},"end":{"line":78,"column":7}}],"line":58},"10":{"loc":{"start":{"line":61,"column":58},"end":{"line":61,"column":96}},"type":"cond-expr","locations":[{"start":{"line":61,"column":73},"end":{"line":61,"column":87}},{"start":{"line":61,"column":90},"end":{"line":61,"column":96}}],"line":61},"11":{"loc":{"start":{"line":81,"column":55},"end":{"line":81,"column":91}},"type":"cond-expr","locations":[{"start":{"line":81,"column":68},"end":{"line":81,"column":82}},{"start":{"line":81,"column":85},"end":{"line":81,"column":91}}],"line":81}},"s":{"0":2,"1":17,"2":17,"3":17,"4":1,"5":1,"6":1,"7":17,"8":2,"9":2,"10":1,"11":2,"12":1,"13":2,"14":1,"15":2,"16":1,"17":1,"18":1,"19":17,"20":2,"21":0,"22":2,"23":2,"24":1,"25":1,"26":1,"27":2,"28":11},"f":{"0":17,"1":1,"2":2,"3":2,"4":2,"5":1,"6":1,"7":11},"b":{"0":[1,1],"1":[1,1],"2":[1,1],"3":[2,1],"4":[1,1],"5":[2,1,1],"6":[9,8],"7":[0,2],"8":[1,8],"9":[2,7],"10":[0,2],"11":[1,8]},"_coverageSchema":"1a1c01bbd47fc00a2c39e90264f33305004495a9","hash":"a1dfd3e72da727f063735698d41eb3ac38bef0b7"}
,"/Users/sel-hamr/Desktop/red-tetris/client/src/parts/ListRooms.js": {"path":"/Users/sel-hamr/Desktop/red-tetris/client/src/parts/ListRooms.js","statementMap":{"0":{"start":{"line":5,"column":18},"end":{"line":22,"column":1}},"1":{"start":{"line":6,"column":1},"end":{"line":21,"column":3}},"2":{"start":{"line":9,"column":4},"end":{"line":18,"column":6}},"3":{"start":{"line":15,"column":6},"end":{"line":15,"column":42}},"4":{"start":{"line":23,"column":24},"end":{"line":28,"column":1}},"5":{"start":{"line":24,"column":1},"end":{"line":27,"column":3}}},"fnMap":{"0":{"name":"(anonymous_0)","decl":{"start":{"line":5,"column":18},"end":{"line":5,"column":19}},"loc":{"start":{"line":5,"column":45},"end":{"line":22,"column":1}},"line":5},"1":{"name":"(anonymous_1)","decl":{"start":{"line":8,"column":18},"end":{"line":8,"column":19}},"loc":{"start":{"line":9,"column":4},"end":{"line":18,"column":6}},"line":9},"2":{"name":"(anonymous_2)","decl":{"start":{"line":14,"column":14},"end":{"line":14,"column":15}},"loc":{"start":{"line":14,"column":20},"end":{"line":16,"column":6}},"line":14},"3":{"name":"(anonymous_3)","decl":{"start":{"line":23,"column":24},"end":{"line":23,"column":25}},"loc":{"start":{"line":23,"column":35},"end":{"line":28,"column":1}},"line":23}},"branchMap":{},"s":{"0":2,"1":11,"2":12,"3":1,"4":2,"5":11},"f":{"0":11,"1":12,"2":1,"3":11},"b":{},"_coverageSchema":"1a1c01bbd47fc00a2c39e90264f33305004495a9","hash":"9f549d7a7e3341bba37ce36546d4d1c7683c336e"}
,"/Users/sel-hamr/Desktop/red-tetris/client/src/parts/LiveGame.js": {"path":"/Users/sel-hamr/Desktop/red-tetris/client/src/parts/LiveGame.js","statementMap":{"0":{"start":{"line":8,"column":17},"end":{"line":45,"column":1}},"1":{"start":{"line":9,"column":1},"end":{"line":13,"column":24}},"2":{"start":{"line":10,"column":2},"end":{"line":10,"column":67}},"3":{"start":{"line":10,"column":29},"end":{"line":10,"column":67}},"4":{"start":{"line":11,"column":2},"end":{"line":11,"column":36}},"5":{"start":{"line":14,"column":1},"end":{"line":44,"column":3}},"6":{"start":{"line":30,"column":11},"end":{"line":30,"column":35}},"7":{"start":{"line":46,"column":24},"end":{"line":50,"column":1}},"8":{"start":{"line":47,"column":1},"end":{"line":49,"column":3}}},"fnMap":{"0":{"name":"(anonymous_0)","decl":{"start":{"line":8,"column":17},"end":{"line":8,"column":18}},"loc":{"start":{"line":8,"column":65},"end":{"line":45,"column":1}},"line":8},"1":{"name":"(anonymous_1)","decl":{"start":{"line":9,"column":17},"end":{"line":9,"column":18}},"loc":{"start":{"line":9,"column":23},"end":{"line":13,"column":2}},"line":9},"2":{"name":"(anonymous_2)","decl":{"start":{"line":29,"column":24},"end":{"line":29,"column":25}},"loc":{"start":{"line":29,"column":35},"end":{"line":31,"column":11}},"line":29},"3":{"name":"(anonymous_3)","decl":{"start":{"line":46,"column":24},"end":{"line":46,"column":25}},"loc":{"start":{"line":46,"column":35},"end":{"line":50,"column":1}},"line":46}},"branchMap":{"0":{"loc":{"start":{"line":10,"column":2},"end":{"line":10,"column":67}},"type":"if","locations":[{"start":{"line":10,"column":2},"end":{"line":10,"column":67}},{"start":{},"end":{}}],"line":10},"1":{"loc":{"start":{"line":15,"column":78},"end":{"line":15,"column":131}},"type":"cond-expr","locations":[{"start":{"line":15,"column":115},"end":{"line":15,"column":126}},{"start":{"line":15,"column":129},"end":{"line":15,"column":131}}],"line":15},"2":{"loc":{"start":{"line":17,"column":5},"end":{"line":41,"column":5}},"type":"cond-expr","locations":[{"start":{"line":18,"column":5},"end":{"line":38,"column":8}},{"start":{"line":40,"column":5},"end":{"line":40,"column":7}}],"line":17},"3":{"loc":{"start":{"line":20,"column":7},"end":{"line":37,"column":7}},"type":"cond-expr","locations":[{"start":{"line":21,"column":7},"end":{"line":34,"column":13}},{"start":{"line":36,"column":7},"end":{"line":36,"column":9}}],"line":20}},"s":{"0":1,"1":15,"2":0,"3":0,"4":0,"5":15,"6":0,"7":1,"8":15},"f":{"0":15,"1":0,"2":0,"3":15},"b":{"0":[0,0],"1":[15,0],"2":[0,15],"3":[0,0]},"_coverageSchema":"1a1c01bbd47fc00a2c39e90264f33305004495a9","hash":"6f26cc69a6dd185eb17236cadbc5d67ae64b87fc"}
,"/Users/sel-hamr/Desktop/red-tetris/client/src/store/actions/game.js": {"path":"/Users/sel-hamr/Desktop/red-tetris/client/src/store/actions/game.js","statementMap":{"0":{"start":{"line":3,"column":25},"end":{"line":7,"column":1}},"1":{"start":{"line":4,"column":1},"end":{"line":6,"column":3}},"2":{"start":{"line":9,"column":24},"end":{"line":14,"column":1}},"3":{"start":{"line":10,"column":1},"end":{"line":13,"column":3}},"4":{"start":{"line":16,"column":26},"end":{"line":21,"column":1}},"5":{"start":{"line":17,"column":1},"end":{"line":20,"column":3}},"6":{"start":{"line":23,"column":25},"end":{"line":27,"column":1}},"7":{"start":{"line":24,"column":1},"end":{"line":26,"column":3}},"8":{"start":{"line":29,"column":26},"end":{"line":34,"column":1}},"9":{"start":{"line":30,"column":1},"end":{"line":33,"column":3}},"10":{"start":{"line":36,"column":26},"end":{"line":41,"column":1}},"11":{"start":{"line":37,"column":1},"end":{"line":40,"column":3}},"12":{"start":{"line":42,"column":25},"end":{"line":50,"column":1}},"13":{"start":{"line":43,"column":1},"end":{"line":49,"column":3}},"14":{"start":{"line":52,"column":25},"end":{"line":57,"column":1}},"15":{"start":{"line":53,"column":1},"end":{"line":56,"column":3}},"16":{"start":{"line":59,"column":29},"end":{"line":63,"column":1}},"17":{"start":{"line":60,"column":1},"end":{"line":62,"column":3}},"18":{"start":{"line":65,"column":24},"end":{"line":72,"column":1}},"19":{"start":{"line":66,"column":1},"end":{"line":71,"column":3}},"20":{"start":{"line":74,"column":24},"end":{"line":79,"column":1}},"21":{"start":{"line":75,"column":1},"end":{"line":78,"column":3}},"22":{"start":{"line":81,"column":25},"end":{"line":88,"column":1}},"23":{"start":{"line":82,"column":1},"end":{"line":87,"column":3}},"24":{"start":{"line":90,"column":25},"end":{"line":95,"column":1}},"25":{"start":{"line":91,"column":1},"end":{"line":94,"column":3}},"26":{"start":{"line":97,"column":24},"end":{"line":102,"column":1}},"27":{"start":{"line":98,"column":1},"end":{"line":101,"column":3}},"28":{"start":{"line":104,"column":26},"end":{"line":112,"column":1}},"29":{"start":{"line":105,"column":1},"end":{"line":111,"column":3}},"30":{"start":{"line":113,"column":32},"end":{"line":118,"column":1}},"31":{"start":{"line":114,"column":1},"end":{"line":117,"column":3}},"32":{"start":{"line":120,"column":25},"end":{"line":124,"column":1}},"33":{"start":{"line":121,"column":1},"end":{"line":123,"column":3}}},"fnMap":{"0":{"name":"(anonymous_0)","decl":{"start":{"line":3,"column":25},"end":{"line":3,"column":26}},"loc":{"start":{"line":3,"column":31},"end":{"line":7,"column":1}},"line":3},"1":{"name":"(anonymous_1)","decl":{"start":{"line":9,"column":24},"end":{"line":9,"column":25}},"loc":{"start":{"line":9,"column":34},"end":{"line":14,"column":1}},"line":9},"2":{"name":"(anonymous_2)","decl":{"start":{"line":16,"column":26},"end":{"line":16,"column":27}},"loc":{"start":{"line":16,"column":36},"end":{"line":21,"column":1}},"line":16},"3":{"name":"(anonymous_3)","decl":{"start":{"line":23,"column":25},"end":{"line":23,"column":26}},"loc":{"start":{"line":23,"column":31},"end":{"line":27,"column":1}},"line":23},"4":{"name":"(anonymous_4)","decl":{"start":{"line":29,"column":26},"end":{"line":29,"column":27}},"loc":{"start":{"line":29,"column":36},"end":{"line":34,"column":1}},"line":29},"5":{"name":"(anonymous_5)","decl":{"start":{"line":36,"column":26},"end":{"line":36,"column":27}},"loc":{"start":{"line":36,"column":36},"end":{"line":41,"column":1}},"line":36},"6":{"name":"(anonymous_6)","decl":{"start":{"line":42,"column":25},"end":{"line":42,"column":26}},"loc":{"start":{"line":42,"column":45},"end":{"line":50,"column":1}},"line":42},"7":{"name":"(anonymous_7)","decl":{"start":{"line":52,"column":25},"end":{"line":52,"column":26}},"loc":{"start":{"line":52,"column":36},"end":{"line":57,"column":1}},"line":52},"8":{"name":"(anonymous_8)","decl":{"start":{"line":59,"column":29},"end":{"line":59,"column":30}},"loc":{"start":{"line":59,"column":35},"end":{"line":63,"column":1}},"line":59},"9":{"name":"(anonymous_9)","decl":{"start":{"line":65,"column":24},"end":{"line":65,"column":25}},"loc":{"start":{"line":65,"column":34},"end":{"line":72,"column":1}},"line":65},"10":{"name":"(anonymous_10)","decl":{"start":{"line":74,"column":24},"end":{"line":74,"column":25}},"loc":{"start":{"line":74,"column":35},"end":{"line":79,"column":1}},"line":74},"11":{"name":"(anonymous_11)","decl":{"start":{"line":81,"column":25},"end":{"line":81,"column":26}},"loc":{"start":{"line":81,"column":34},"end":{"line":88,"column":1}},"line":81},"12":{"name":"(anonymous_12)","decl":{"start":{"line":90,"column":25},"end":{"line":90,"column":26}},"loc":{"start":{"line":90,"column":36},"end":{"line":95,"column":1}},"line":90},"13":{"name":"(anonymous_13)","decl":{"start":{"line":97,"column":24},"end":{"line":97,"column":25}},"loc":{"start":{"line":97,"column":35},"end":{"line":102,"column":1}},"line":97},"14":{"name":"(anonymous_14)","decl":{"start":{"line":104,"column":26},"end":{"line":104,"column":27}},"loc":{"start":{"line":104,"column":45},"end":{"line":112,"column":1}},"line":104},"15":{"name":"(anonymous_15)","decl":{"start":{"line":113,"column":32},"end":{"line":113,"column":33}},"loc":{"start":{"line":113,"column":41},"end":{"line":118,"column":1}},"line":113},"16":{"name":"(anonymous_16)","decl":{"start":{"line":120,"column":25},"end":{"line":120,"column":26}},"loc":{"start":{"line":120,"column":31},"end":{"line":124,"column":1}},"line":120}},"branchMap":{},"s":{"0":6,"1":1,"2":6,"3":2,"4":6,"5":2,"6":6,"7":1,"8":6,"9":2,"10":6,"11":2,"12":6,"13":0,"14":6,"15":2,"16":6,"17":1,"18":6,"19":0,"20":6,"21":0,"22":6,"23":0,"24":6,"25":0,"26":6,"27":0,"28":6,"29":0,"30":6,"31":0,"32":6,"33":0},"f":{"0":1,"1":2,"2":2,"3":1,"4":2,"5":2,"6":0,"7":2,"8":1,"9":0,"10":0,"11":0,"12":0,"13":0,"14":0,"15":0,"16":0},"b":{},"_coverageSchema":"1a1c01bbd47fc00a2c39e90264f33305004495a9","hash":"8c57ab7c6dab67abec516ca35259ee6cf483b6c8"}
,"/Users/sel-hamr/Desktop/red-tetris/client/src/store/actions/index.js": {"path":"/Users/sel-hamr/Desktop/red-tetris/client/src/store/actions/index.js","statementMap":{"0":{"start":{"line":7,"column":16},"end":{"line":13,"column":1}}},"fnMap":{},"branchMap":{},"s":{"0":6},"f":{},"b":{},"_coverageSchema":"1a1c01bbd47fc00a2c39e90264f33305004495a9","hash":"58131515e69539375f963208083d6a9fb7061004"}
,"/Users/sel-hamr/Desktop/red-tetris/client/src/store/actions/rooms.js": {"path":"/Users/sel-hamr/Desktop/red-tetris/client/src/store/actions/rooms.js","statementMap":{"0":{"start":{"line":3,"column":23},"end":{"line":8,"column":1}},"1":{"start":{"line":4,"column":1},"end":{"line":7,"column":3}}},"fnMap":{"0":{"name":"(anonymous_0)","decl":{"start":{"line":3,"column":23},"end":{"line":3,"column":24}},"loc":{"start":{"line":3,"column":33},"end":{"line":8,"column":1}},"line":3}},"branchMap":{},"s":{"0":7,"1":2},"f":{"0":2},"b":{},"_coverageSchema":"1a1c01bbd47fc00a2c39e90264f33305004495a9","hash":"c86b52aa670e9b87fc1e00e02e1ec8a79d1baf04"}
,"/Users/sel-hamr/Desktop/red-tetris/client/src/store/actions/types.js": {"path":"/Users/sel-hamr/Desktop/red-tetris/client/src/store/actions/types.js","statementMap":{"0":{"start":{"line":1,"column":26},"end":{"line":1,"column":32}},"1":{"start":{"line":2,"column":26},"end":{"line":2,"column":37}},"2":{"start":{"line":3,"column":26},"end":{"line":3,"column":37}},"3":{"start":{"line":4,"column":27},"end":{"line":4,"column":39}},"4":{"start":{"line":5,"column":26},"end":{"line":5,"column":37}},"5":{"start":{"line":6,"column":24},"end":{"line":6,"column":34}},"6":{"start":{"line":7,"column":27},"end":{"line":7,"column":39}},"7":{"start":{"line":8,"column":27},"end":{"line":8,"column":39}},"8":{"start":{"line":9,"column":27},"end":{"line":9,"column":39}},"9":{"start":{"line":10,"column":26},"end":{"line":10,"column":37}},"10":{"start":{"line":11,"column":31},"end":{"line":11,"column":46}},"11":{"start":{"line":12,"column":26},"end":{"line":12,"column":37}},"12":{"start":{"line":13,"column":22},"end":{"line":13,"column":30}},"13":{"start":{"line":14,"column":30},"end":{"line":14,"column":48}},"14":{"start":{"line":15,"column":25},"end":{"line":15,"column":35}},"15":{"start":{"line":16,"column":26},"end":{"line":16,"column":37}},"16":{"start":{"line":17,"column":25},"end":{"line":17,"column":35}},"17":{"start":{"line":18,"column":26},"end":{"line":18,"column":37}},"18":{"start":{"line":19,"column":25},"end":{"line":19,"column":35}},"19":{"start":{"line":20,"column":26},"end":{"line":20,"column":37}},"20":{"start":{"line":21,"column":33},"end":{"line":21,"column":47}},"21":{"start":{"line":22,"column":26},"end":{"line":22,"column":37}}},"fnMap":{},"branchMap":{},"s":{"0":16,"1":16,"2":16,"3":16,"4":16,"5":16,"6":16,"7":16,"8":16,"9":16,"10":16,"11":16,"12":16,"13":16,"14":16,"15":16,"16":16,"17":16,"18":16,"19":16,"20":16,"21":16},"f":{},"b":{},"_coverageSchema":"1a1c01bbd47fc00a2c39e90264f33305004495a9","hash":"6f194841f24e30f01533d56313c2c945ef410908"}
,"/Users/sel-hamr/Desktop/red-tetris/client/src/store/reducers/authReducer.js": {"path":"/Users/sel-hamr/Desktop/red-tetris/client/src/store/reducers/authReducer.js","statementMap":{"0":{"start":{"line":2,"column":27},"end":{"line":11,"column":1}},"1":{"start":{"line":3,"column":1},"end":{"line":10,"column":2}},"2":{"start":{"line":5,"column":3},"end":{"line":5,"column":25}},"3":{"start":{"line":7,"column":3},"end":{"line":7,"column":25}},"4":{"start":{"line":9,"column":3},"end":{"line":9,"column":16}}},"fnMap":{"0":{"name":"(anonymous_0)","decl":{"start":{"line":2,"column":27},"end":{"line":2,"column":28}},"loc":{"start":{"line":2,"column":54},"end":{"line":11,"column":1}},"line":2}},"branchMap":{"0":{"loc":{"start":{"line":2,"column":28},"end":{"line":2,"column":41}},"type":"default-arg","locations":[{"start":{"line":2,"column":36},"end":{"line":2,"column":41}}],"line":2},"1":{"loc":{"start":{"line":3,"column":1},"end":{"line":10,"column":2}},"type":"switch","locations":[{"start":{"line":4,"column":2},"end":{"line":5,"column":25}},{"start":{"line":6,"column":2},"end":{"line":7,"column":25}},{"start":{"line":8,"column":2},"end":{"line":9,"column":16}}],"line":3}},"s":{"0":9,"1":59,"2":1,"3":0,"4":58},"f":{"0":59},"b":{"0":[25],"1":[1,0,58]},"_coverageSchema":"1a1c01bbd47fc00a2c39e90264f33305004495a9","hash":"841754d70012cb02c97b3024aea8fb3940cdb35a"}
,"/Users/sel-hamr/Desktop/red-tetris/client/src/store/reducers/gameReducer.js": {"path":"/Users/sel-hamr/Desktop/red-tetris/client/src/store/reducers/gameReducer.js","statementMap":{"0":{"start":{"line":2,"column":20},"end":{"line":8,"column":1}},"1":{"start":{"line":3,"column":18},"end":{"line":3,"column":134}},"2":{"start":{"line":4,"column":1},"end":{"line":6,"column":2}},"3":{"start":{"line":4,"column":18},"end":{"line":4,"column":19}},"4":{"start":{"line":5,"column":2},"end":{"line":5,"column":146}},"5":{"start":{"line":7,"column":1},"end":{"line":7,"column":17}},"6":{"start":{"line":9,"column":25},"end":{"line":15,"column":1}},"7":{"start":{"line":10,"column":16},"end":{"line":10,"column":18}},"8":{"start":{"line":11,"column":1},"end":{"line":13,"column":2}},"9":{"start":{"line":11,"column":18},"end":{"line":11,"column":19}},"10":{"start":{"line":12,"column":2},"end":{"line":12,"column":35}},"11":{"start":{"line":14,"column":1},"end":{"line":14,"column":15}},"12":{"start":{"line":16,"column":32},"end":{"line":25,"column":1}},"13":{"start":{"line":17,"column":1},"end":{"line":24,"column":2}},"14":{"start":{"line":19,"column":3},"end":{"line":19,"column":25}},"15":{"start":{"line":21,"column":3},"end":{"line":21,"column":24}},"16":{"start":{"line":23,"column":3},"end":{"line":23,"column":16}},"17":{"start":{"line":26,"column":23},"end":{"line":35,"column":1}},"18":{"start":{"line":27,"column":1},"end":{"line":34,"column":2}},"19":{"start":{"line":29,"column":3},"end":{"line":29,"column":17}},"20":{"start":{"line":31,"column":3},"end":{"line":31,"column":25}},"21":{"start":{"line":33,"column":3},"end":{"line":33,"column":16}},"22":{"start":{"line":36,"column":25},"end":{"line":45,"column":1}},"23":{"start":{"line":37,"column":1},"end":{"line":44,"column":2}},"24":{"start":{"line":39,"column":3},"end":{"line":39,"column":15}},"25":{"start":{"line":41,"column":3},"end":{"line":41,"column":16}},"26":{"start":{"line":43,"column":3},"end":{"line":43,"column":16}},"27":{"start":{"line":46,"column":27},"end":{"line":75,"column":1}},"28":{"start":{"line":47,"column":1},"end":{"line":74,"column":2}},"29":{"start":{"line":49,"column":3},"end":{"line":49,"column":68}},"30":{"start":{"line":51,"column":3},"end":{"line":51,"column":89}},"31":{"start":{"line":51,"column":62},"end":{"line":51,"column":85}},"32":{"start":{"line":53,"column":3},"end":{"line":53,"column":51}},"33":{"start":{"line":55,"column":3},"end":{"line":55,"column":58}},"34":{"start":{"line":57,"column":19},"end":{"line":57,"column":31}},"35":{"start":{"line":58,"column":3},"end":{"line":58,"column":60}},"36":{"start":{"line":59,"column":3},"end":{"line":59,"column":49}},"37":{"start":{"line":61,"column":3},"end":{"line":61,"column":32}},"38":{"start":{"line":63,"column":3},"end":{"line":63,"column":50}},"39":{"start":{"line":65,"column":3},"end":{"line":65,"column":46}},"40":{"start":{"line":67,"column":3},"end":{"line":67,"column":118}},"41":{"start":{"line":69,"column":3},"end":{"line":69,"column":51}},"42":{"start":{"line":71,"column":3},"end":{"line":71,"column":23}},"43":{"start":{"line":73,"column":3},"end":{"line":73,"column":16}}},"fnMap":{"0":{"name":"(anonymous_0)","decl":{"start":{"line":2,"column":20},"end":{"line":2,"column":21}},"loc":{"start":{"line":2,"column":53},"end":{"line":8,"column":1}},"line":2},"1":{"name":"(anonymous_1)","decl":{"start":{"line":9,"column":25},"end":{"line":9,"column":26}},"loc":{"start":{"line":9,"column":39},"end":{"line":15,"column":1}},"line":9},"2":{"name":"(anonymous_2)","decl":{"start":{"line":16,"column":32},"end":{"line":16,"column":33}},"loc":{"start":{"line":16,"column":56},"end":{"line":25,"column":1}},"line":16},"3":{"name":"(anonymous_3)","decl":{"start":{"line":26,"column":23},"end":{"line":26,"column":24}},"loc":{"start":{"line":26,"column":47},"end":{"line":35,"column":1}},"line":26},"4":{"name":"(anonymous_4)","decl":{"start":{"line":36,"column":25},"end":{"line":36,"column":26}},"loc":{"start":{"line":36,"column":52},"end":{"line":45,"column":1}},"line":36},"5":{"name":"(anonymous_5)","decl":{"start":{"line":46,"column":27},"end":{"line":46,"column":28}},"loc":{"start":{"line":46,"column":88},"end":{"line":75,"column":1}},"line":46},"6":{"name":"(anonymous_6)","decl":{"start":{"line":51,"column":52},"end":{"line":51,"column":53}},"loc":{"start":{"line":51,"column":62},"end":{"line":51,"column":85}},"line":51}},"branchMap":{"0":{"loc":{"start":{"line":2,"column":21},"end":{"line":2,"column":29}},"type":"default-arg","locations":[{"start":{"line":2,"column":28},"end":{"line":2,"column":29}}],"line":2},"1":{"loc":{"start":{"line":2,"column":31},"end":{"line":2,"column":48}},"type":"default-arg","locations":[{"start":{"line":2,"column":43},"end":{"line":2,"column":48}}],"line":2},"2":{"loc":{"start":{"line":3,"column":37},"end":{"line":3,"column":132}},"type":"cond-expr","locations":[{"start":{"line":3,"column":50},"end":{"line":3,"column":84}},{"start":{"line":3,"column":87},"end":{"line":3,"column":132}}],"line":3},"3":{"loc":{"start":{"line":4,"column":38},"end":{"line":4,"column":133}},"type":"cond-expr","locations":[{"start":{"line":4,"column":51},"end":{"line":4,"column":85}},{"start":{"line":4,"column":88},"end":{"line":4,"column":133}}],"line":4},"4":{"loc":{"start":{"line":5,"column":39},"end":{"line":5,"column":132}},"type":"cond-expr","locations":[{"start":{"line":5,"column":52},"end":{"line":5,"column":85}},{"start":{"line":5,"column":88},"end":{"line":5,"column":132}}],"line":5},"5":{"loc":{"start":{"line":16,"column":33},"end":{"line":16,"column":43}},"type":"default-arg","locations":[{"start":{"line":16,"column":41},"end":{"line":16,"column":43}}],"line":16},"6":{"loc":{"start":{"line":17,"column":1},"end":{"line":24,"column":2}},"type":"switch","locations":[{"start":{"line":18,"column":2},"end":{"line":19,"column":25}},{"start":{"line":20,"column":2},"end":{"line":21,"column":24}},{"start":{"line":22,"column":2},"end":{"line":23,"column":16}}],"line":17},"7":{"loc":{"start":{"line":26,"column":24},"end":{"line":26,"column":34}},"type":"default-arg","locations":[{"start":{"line":26,"column":32},"end":{"line":26,"column":34}}],"line":26},"8":{"loc":{"start":{"line":27,"column":1},"end":{"line":34,"column":2}},"type":"switch","locations":[{"start":{"line":28,"column":2},"end":{"line":29,"column":17}},{"start":{"line":30,"column":2},"end":{"line":31,"column":25}},{"start":{"line":32,"column":2},"end":{"line":33,"column":16}}],"line":27},"9":{"loc":{"start":{"line":36,"column":26},"end":{"line":36,"column":39}},"type":"default-arg","locations":[{"start":{"line":36,"column":34},"end":{"line":36,"column":39}}],"line":36},"10":{"loc":{"start":{"line":37,"column":1},"end":{"line":44,"column":2}},"type":"switch","locations":[{"start":{"line":38,"column":2},"end":{"line":39,"column":15}},{"start":{"line":40,"column":2},"end":{"line":41,"column":16}},{"start":{"line":42,"column":2},"end":{"line":43,"column":16}}],"line":37},"11":{"loc":{"start":{"line":46,"column":28},"end":{"line":46,"column":75}},"type":"default-arg","locations":[{"start":{"line":46,"column":36},"end":{"line":46,"column":75}}],"line":46},"12":{"loc":{"start":{"line":47,"column":1},"end":{"line":74,"column":2}},"type":"switch","locations":[{"start":{"line":48,"column":2},"end":{"line":49,"column":68}},{"start":{"line":50,"column":2},"end":{"line":51,"column":89}},{"start":{"line":52,"column":2},"end":{"line":53,"column":51}},{"start":{"line":54,"column":2},"end":{"line":55,"column":58}},{"start":{"line":56,"column":2},"end":{"line":59,"column":49}},{"start":{"line":60,"column":2},"end":{"line":61,"column":32}},{"start":{"line":62,"column":2},"end":{"line":63,"column":50}},{"start":{"line":64,"column":2},"end":{"line":65,"column":46}},{"start":{"line":66,"column":2},"end":{"line":67,"column":118}},{"start":{"line":68,"column":2},"end":{"line":69,"column":51}},{"start":{"line":70,"column":2},"end":{"line":71,"column":23}},{"start":{"line":72,"column":2},"end":{"line":73,"column":16}}],"line":47}},"s":{"0":9,"1":35,"2":35,"3":35,"4":385,"5":35,"6":9,"7":3,"8":3,"9":3,"10":10,"11":3,"12":9,"13":59,"14":1,"15":1,"16":57,"17":9,"18":57,"19":0,"20":0,"21":57,"22":9,"23":58,"24":1,"25":0,"26":57,"27":9,"28":64,"29":2,"30":2,"31":6,"32":1,"33":1,"34":0,"35":0,"36":0,"37":0,"38":0,"39":0,"40":0,"41":0,"42":0,"43":58},"f":{"0":35,"1":3,"2":59,"3":57,"4":58,"5":64,"6":6},"b":{"0":[14],"1":[14],"2":[14,21],"3":[294,126],"4":[280,105],"5":[57],"6":[1,1,57],"7":[57],"8":[0,0,57],"9":[41],"10":[1,0,57],"11":[41],"12":[2,2,1,1,0,0,0,0,0,0,0,58]},"_coverageSchema":"1a1c01bbd47fc00a2c39e90264f33305004495a9","hash":"d139657a39e65ac69f1b4d9988250585b542fc04"}
,"/Users/sel-hamr/Desktop/red-tetris/client/src/store/reducers/index.js": {"path":"/Users/sel-hamr/Desktop/red-tetris/client/src/store/reducers/index.js","statementMap":{},"fnMap":{},"branchMap":{},"s":{},"f":{},"b":{},"_coverageSchema":"1a1c01bbd47fc00a2c39e90264f33305004495a9","hash":"e494deefd362d8552594d43faaa3ee02531d4ff2"}
,"/Users/sel-hamr/Desktop/red-tetris/client/src/store/reducers/roomReducer.js": {"path":"/Users/sel-hamr/Desktop/red-tetris/client/src/store/reducers/roomReducer.js","statementMap":{"0":{"start":{"line":2,"column":25},"end":{"line":9,"column":1}},"1":{"start":{"line":3,"column":1},"end":{"line":8,"column":2}},"2":{"start":{"line":5,"column":3},"end":{"line":5,"column":30}},"3":{"start":{"line":7,"column":3},"end":{"line":7,"column":16}}},"fnMap":{"0":{"name":"(anonymous_0)","decl":{"start":{"line":2,"column":25},"end":{"line":2,"column":26}},"loc":{"start":{"line":2,"column":49},"end":{"line":9,"column":1}},"line":2}},"branchMap":{"0":{"loc":{"start":{"line":2,"column":26},"end":{"line":2,"column":36}},"type":"default-arg","locations":[{"start":{"line":2,"column":34},"end":{"line":2,"column":36}}],"line":2},"1":{"loc":{"start":{"line":3,"column":1},"end":{"line":8,"column":2}},"type":"switch","locations":[{"start":{"line":4,"column":2},"end":{"line":5,"column":30}},{"start":{"line":6,"column":2},"end":{"line":7,"column":16}}],"line":3}},"s":{"0":9,"1":59,"2":1,"3":58},"f":{"0":59},"b":{"0":[54],"1":[1,58]},"_coverageSchema":"1a1c01bbd47fc00a2c39e90264f33305004495a9","hash":"bb1c562d6e50c44af244b5adb1cda2380ff70b7f"}
}
