TN:
SF:src/Root.js
FN:6,(anonymous_0)
FNF:1
FNH:1
FNDA:53,(anonymous_0)
DA:6,12
DA:7,53
DA:8,53
LF:3
LH:3
BRDA:6,0,0,5
BRDA:6,1,0,53
BRDA:8,2,0,0
BRDA:8,2,1,53
BRF:4
BRH:3
end_of_record
TN:
SF:src/components/App.js
FN:10,(anonymous_0)
FN:20,(anonymous_1)
FNF:2
FNH:0
FNDA:0,(anonymous_0)
FNDA:0,(anonymous_1)
DA:10,0
DA:11,0
DA:20,0
DA:21,0
LF:4
LH:0
BRDA:10,0,0,0
BRDA:15,1,0,0
BRDA:15,1,1,0
BRDA:15,2,0,0
BRDA:15,2,1,0
BRF:5
BRH:0
end_of_record
TN:
SF:src/components/Arena.js
FN:4,(anonymous_0)
FN:9,(anonymous_1)
FN:11,(anonymous_2)
FN:11,(anonymous_3)
FNF:4
FNH:3
FNDA:20,(anonymous_0)
FNDA:0,(anonymous_1)
FNDA:80,(anonymous_2)
FNDA:320,(anonymous_3)
DA:4,1
DA:5,20
DA:9,0
DA:11,320
LF:4
LH:3
BRDA:4,0,0,20
BRDA:4,1,0,0
BRDA:7,2,0,0
BRDA:7,2,1,20
BRDA:7,3,0,20
BRDA:7,3,1,0
BRF:6
BRH:3
end_of_record
TN:
SF:src/components/Button.js
FN:3,(anonymous_0)
FN:9,(anonymous_1)
FN:13,(anonymous_2)
FNF:3
FNH:3
FNDA:189,(anonymous_0)
FNDA:48,(anonymous_1)
FNDA:10,(anonymous_2)
DA:3,11
DA:4,189
DA:9,189
DA:10,48
DA:12,189
DA:13,10
LF:6
LH:6
BRDA:3,0,0,98
BRDA:3,1,0,174
BRDA:3,2,0,99
BRDA:4,3,0,99
BRDA:4,3,1,90
BRDA:5,4,0,142
BRDA:5,4,1,47
BRDA:5,5,0,0
BRDA:5,5,1,47
BRDA:5,6,0,17
BRDA:5,6,1,30
BRDA:6,7,0,109
BRDA:6,7,1,80
BRDA:6,8,0,19
BRDA:6,8,1,61
BRDA:6,9,0,19
BRDA:6,9,1,0
BRDA:6,10,0,17
BRDA:6,10,1,172
BRDA:7,11,0,189
BRDA:7,11,1,122
BRDA:10,12,0,17
BRDA:10,12,1,31
BRDA:10,13,0,17
BRDA:10,13,1,31
BRDA:14,14,0,48
BRDA:14,14,1,141
BRF:27
BRH:25
end_of_record
TN:
SF:src/components/Chat.js
FN:8,(anonymous_0)
FN:11,(anonymous_1)
FN:17,(anonymous_2)
FN:24,(anonymous_3)
FN:39,(anonymous_4)
FN:53,(anonymous_5)
FNF:6
FNH:6
FNDA:21,(anonymous_0)
FNDA:2,(anonymous_1)
FNDA:19,(anonymous_2)
FNDA:10,(anonymous_3)
FNDA:2,(anonymous_4)
FNDA:39,(anonymous_5)
DA:8,2
DA:9,21
DA:10,21
DA:11,21
DA:12,2
DA:13,2
DA:14,1
DA:17,21
DA:18,19
DA:21,21
DA:25,10
DA:40,2
DA:53,2
DA:54,39
LF:14
LH:14
BRDA:8,0,0,5
BRDA:13,1,0,1
BRDA:13,1,1,1
BRF:3
BRH:3
end_of_record
TN:
SF:src/components/Error.js
FN:6,(anonymous_0)
FN:18,(anonymous_1)
FN:26,(anonymous_2)
FNF:3
FNH:2
FNDA:3,(anonymous_0)
FNDA:0,(anonymous_1)
FNDA:3,(anonymous_2)
DA:6,1
DA:7,3
DA:19,0
DA:26,1
DA:27,3
LF:5
LH:4
BRDA:8,0,0,2
BRDA:8,0,1,1
BRF:2
BRH:2
end_of_record
TN:
SF:src/components/Input.js
FN:3,(anonymous_0)
FN:5,(anonymous_1)
FN:8,(anonymous_2)
FN:19,(anonymous_3)
FN:25,(anonymous_4)
FNF:5
FNH:3
FNDA:60,(anonymous_0)
FNDA:0,(anonymous_1)
FNDA:47,(anonymous_2)
FNDA:10,(anonymous_3)
FNDA:0,(anonymous_4)
DA:3,6
DA:4,60
DA:5,60
DA:6,0
DA:8,60
DA:9,47
DA:11,60
DA:14,60
DA:20,10
DA:26,0
LF:10
LH:8
BRDA:6,0,0,0
BRDA:6,0,1,0
BRDA:11,1,0,60
BRDA:11,1,1,0
BRDA:11,2,0,3
BRDA:11,2,1,57
BRDA:12,3,0,12
BRDA:12,3,1,48
BRDA:12,4,0,21
BRDA:12,4,1,27
BRDA:13,5,0,33
BRDA:13,5,1,27
BRDA:22,6,0,14
BRDA:22,6,1,46
BRDA:23,7,0,60
BRDA:23,7,1,0
BRDA:24,8,0,21
BRDA:24,8,1,39
BRDA:26,9,0,0
BRDA:26,9,1,0
BRDA:26,10,0,0
BRDA:26,10,1,0
BRF:22
BRH:14
end_of_record
TN:
SF:src/components/ItemJoin.js
FN:4,(anonymous_0)
FNF:1
FNH:1
FNDA:13,(anonymous_0)
DA:4,3
DA:5,13
LF:2
LH:2
BRDA:9,0,0,0
BRDA:9,0,1,13
BRF:2
BRH:1
end_of_record
TN:
SF:src/components/NextPiece.js
FN:6,(anonymous_0)
FN:7,(anonymous_1)
FN:13,(anonymous_2)
FN:13,(anonymous_3)
FN:17,(anonymous_4)
FNF:5
FNH:5
FNDA:32,(anonymous_0)
FNDA:16,(anonymous_1)
FNDA:80,(anonymous_2)
FNDA:400,(anonymous_3)
FNDA:33,(anonymous_4)
DA:6,1
DA:7,32
DA:8,16
DA:11,32
DA:13,400
DA:17,1
DA:18,33
LF:7
LH:7
BRDA:13,0,0,16
BRDA:13,0,1,16
BRF:2
BRH:2
end_of_record
TN:
SF:src/pages/Game.js
FN:11,(anonymous_0)
FN:13,(anonymous_1)
FN:43,(anonymous_2)
FN:65,(anonymous_3)
FN:90,(anonymous_4)
FN:100,(anonymous_5)
FN:135,(anonymous_6)
FNF:7
FNH:4
FNDA:32,(anonymous_0)
FNDA:16,(anonymous_1)
FNDA:0,(anonymous_2)
FNDA:1,(anonymous_3)
FNDA:0,(anonymous_4)
FNDA:0,(anonymous_5)
FNDA:78,(anonymous_6)
DA:11,1
DA:12,32
DA:13,32
DA:14,16
DA:17,32
DA:44,0
DA:66,1
DA:91,0
DA:101,0
DA:135,1
DA:136,78
LF:11
LH:8
BRDA:14,0,0,10
BRDA:14,0,1,6
BRDA:14,1,0,16
BRDA:14,1,1,16
BRDA:26,2,0,30
BRDA:26,2,1,2
BRDA:28,3,0,12
BRDA:28,3,1,20
BRDA:28,4,0,32
BRDA:28,4,1,26
BRDA:30,5,0,6
BRDA:30,5,1,14
BRDA:30,6,0,20
BRDA:30,6,1,6
BRDA:39,7,0,20
BRDA:39,7,1,12
BRDA:39,8,0,32
BRDA:39,8,1,26
BRDA:39,8,2,18
BRDA:44,9,0,0
BRDA:44,9,1,0
BRDA:44,10,0,0
BRDA:44,10,1,0
BRDA:44,10,2,0
BRDA:44,10,3,0
BRDA:44,10,4,0
BRDA:51,11,0,30
BRDA:51,11,1,2
BRDA:51,12,0,32
BRDA:51,12,1,32
BRDA:51,12,2,2
BRDA:51,12,3,2
BRDA:58,13,0,2
BRDA:58,13,1,0
BRDA:75,14,0,0
BRDA:75,14,1,32
BRDA:75,15,0,32
BRDA:75,15,1,32
BRDA:75,15,2,0
BRDA:94,16,0,14
BRDA:94,16,1,18
BRDA:94,17,0,32
BRDA:94,17,1,14
BRDA:97,18,0,0
BRDA:97,18,1,14
BRDA:110,19,0,32
BRDA:110,19,1,0
BRF:47
BRH:35
end_of_record
TN:
SF:src/pages/Home.js
FN:11,(anonymous_0)
FN:31,(anonymous_1)
FN:39,(anonymous_2)
FN:42,(anonymous_3)
FN:54,(anonymous_4)
FNF:5
FNH:4
FNDA:10,(anonymous_0)
FNDA:1,(anonymous_1)
FNDA:1,(anonymous_2)
FNDA:0,(anonymous_3)
FNDA:8,(anonymous_4)
DA:11,1
DA:12,10
DA:13,10
DA:14,10
DA:32,1
DA:40,1
DA:43,0
DA:44,0
DA:54,1
DA:55,8
LF:10
LH:8
BRF:0
BRH:0
end_of_record
TN:
SF:src/parts/BoxSingIn.js
FN:10,(anonymous_0)
FN:13,(anonymous_1)
FN:37,(anonymous_2)
FNF:3
FNH:3
FNDA:17,(anonymous_0)
FNDA:3,(anonymous_1)
FNDA:4,(anonymous_2)
DA:10,2
DA:11,17
DA:12,17
DA:13,17
DA:14,3
DA:15,3
DA:16,1
DA:17,1
DA:20,1
DA:21,2
DA:23,17
DA:38,4
DA:39,4
DA:40,4
LF:14
LH:14
BRDA:15,0,0,1
BRDA:15,0,1,2
BRDA:31,1,0,2
BRDA:31,1,1,15
BRDA:40,2,0,1
BRDA:40,2,1,3
BRDA:40,3,0,4
BRDA:40,3,1,2
BRF:8
BRH:8
end_of_record
TN:
SF:src/parts/CreateRoom.js
FN:12,(anonymous_0)
FN:15,(anonymous_1)
FN:20,(anonymous_2)
FN:34,(anonymous_3)
FN:48,(anonymous_4)
FN:66,(anonymous_5)
FN:86,(anonymous_6)
FN:103,(anonymous_7)
FNF:8
FNH:8
FNDA:18,(anonymous_0)
FNDA:1,(anonymous_1)
FNDA:2,(anonymous_2)
FNDA:2,(anonymous_3)
FNDA:2,(anonymous_4)
FNDA:1,(anonymous_5)
FNDA:1,(anonymous_6)
FNDA:11,(anonymous_7)
DA:12,2
DA:13,18
DA:14,18
DA:15,18
DA:16,1
DA:17,1
DA:18,1
DA:20,18
DA:21,2
DA:22,2
DA:23,2
DA:24,2
DA:25,2
DA:27,1
DA:28,1
DA:31,18
DA:35,2
DA:36,0
DA:49,2
DA:50,2
DA:67,1
DA:68,1
DA:87,1
DA:103,2
DA:104,11
LF:25
LH:24
BRDA:22,0,0,1
BRDA:22,0,1,1
BRDA:23,1,0,1
BRDA:23,1,1,1
BRDA:24,2,0,1
BRDA:24,2,1,1
BRDA:24,3,0,2
BRDA:24,3,1,1
BRDA:25,4,0,1
BRDA:25,4,1,1
BRDA:25,5,0,2
BRDA:25,5,1,1
BRDA:25,5,2,1
BRDA:31,6,0,10
BRDA:31,6,1,8
BRDA:35,7,0,0
BRDA:35,7,1,2
BRDA:43,8,0,1
BRDA:43,8,1,9
BRDA:58,9,0,2
BRDA:58,9,1,8
BRDA:61,10,0,0
BRDA:61,10,1,2
BRDA:81,11,0,1
BRDA:81,11,1,9
BRF:25
BRH:23
end_of_record
TN:
SF:src/parts/Header.js
FN:7,(anonymous_0)
FN:14,(anonymous_1)
FN:22,(anonymous_2)
FNF:3
FNH:2
FNDA:29,(anonymous_0)
FNDA:0,(anonymous_1)
FNDA:46,(anonymous_2)
DA:7,4
DA:8,29
DA:14,0
DA:22,4
DA:23,46
LF:5
LH:4
BRDA:11,0,0,25
BRDA:11,0,1,4
BRF:2
BRH:2
end_of_record
TN:
SF:src/parts/ListRooms.js
FN:5,(anonymous_0)
FN:8,(anonymous_1)
FN:14,(anonymous_2)
FN:23,(anonymous_3)
FNF:4
FNH:4
FNDA:11,(anonymous_0)
FNDA:12,(anonymous_1)
FNDA:1,(anonymous_2)
FNDA:11,(anonymous_3)
DA:5,2
DA:6,11
DA:9,12
DA:15,1
DA:23,2
DA:24,11
LF:6
LH:6
BRF:0
BRH:0
end_of_record
TN:
SF:src/parts/ListUser.js
FN:4,(anonymous_0)
FN:7,(anonymous_1)
FN:19,(anonymous_2)
FN:28,(anonymous_3)
FN:28,(anonymous_4)
FN:32,(anonymous_5)
FNF:6
FNH:3
FNDA:32,(anonymous_0)
FNDA:0,(anonymous_1)
FNDA:0,(anonymous_2)
FNDA:16,(anonymous_3)
FNDA:0,(anonymous_4)
FNDA:32,(anonymous_5)
DA:4,3
DA:5,32
DA:8,0
DA:20,0
DA:28,3
DA:29,16
DA:32,32
LF:7
LH:5
BRDA:6,0,0,1
BRDA:6,0,1,31
BRDA:14,1,0,30
BRDA:14,1,1,2
BRDA:28,2,0,16
BRDA:28,3,0,1
BRDA:28,4,0,1
BRDA:30,5,0,15
BRDA:30,5,1,1
BRDA:31,6,0,16
BRDA:31,6,1,0
BRDA:33,7,0,0
BRDA:33,7,1,0
BRDA:38,8,0,15
BRDA:38,8,1,1
BRF:15
BRH:12
end_of_record
TN:
SF:src/parts/LiveGame.js
FN:8,(anonymous_0)
FN:9,(anonymous_1)
FN:29,(anonymous_2)
FN:46,(anonymous_3)
FNF:4
FNH:3
FNDA:30,(anonymous_0)
FNDA:15,(anonymous_1)
FNDA:0,(anonymous_2)
FNDA:30,(anonymous_3)
DA:8,1
DA:9,30
DA:10,15
DA:11,15
DA:14,30
DA:30,0
DA:46,1
DA:47,30
LF:8
LH:7
BRDA:10,0,0,15
BRDA:10,0,1,0
BRDA:15,1,0,30
BRDA:15,1,1,0
BRDA:17,2,0,0
BRDA:17,2,1,30
BRDA:20,3,0,0
BRDA:20,3,1,0
BRF:8
BRH:3
end_of_record
TN:
SF:src/parts/StartGame.js
FN:6,(anonymous_0)
FN:15,(anonymous_1)
FN:24,(anonymous_2)
FN:37,(anonymous_3)
FNF:4
FNH:2
FNDA:15,(anonymous_0)
FNDA:0,(anonymous_1)
FNDA:0,(anonymous_2)
FNDA:15,(anonymous_3)
DA:6,2
DA:7,15
DA:16,0
DA:25,0
DA:37,2
DA:38,15
LF:6
LH:4
BRDA:11,0,0,15
BRDA:11,0,1,0
BRDA:23,1,0,0
BRDA:23,1,1,15
BRDA:23,2,0,15
BRDA:23,2,1,0
BRF:6
BRH:3
end_of_record
TN:
SF:src/services/middleware.js
FN:7,(anonymous_0)
FN:10,(anonymous_1)
FN:12,(anonymous_2)
FN:15,(anonymous_3)
FN:22,(anonymous_4)
FN:28,(anonymous_5)
FN:31,(anonymous_6)
FN:36,(anonymous_7)
FN:44,(anonymous_8)
FN:48,(anonymous_9)
FN:53,(anonymous_10)
FN:60,(anonymous_11)
FN:69,(anonymous_12)
FN:73,(anonymous_13)
FN:79,(anonymous_14)
FN:84,(anonymous_15)
FN:89,(anonymous_16)
FN:93,(anonymous_17)
FN:102,(anonymous_18)
FN:117,(anonymous_19)
FNF:20
FNH:0
FNDA:0,(anonymous_0)
FNDA:0,(anonymous_1)
FNDA:0,(anonymous_2)
FNDA:0,(anonymous_3)
FNDA:0,(anonymous_4)
FNDA:0,(anonymous_5)
FNDA:0,(anonymous_6)
FNDA:0,(anonymous_7)
FNDA:0,(anonymous_8)
FNDA:0,(anonymous_9)
FNDA:0,(anonymous_10)
FNDA:0,(anonymous_11)
FNDA:0,(anonymous_12)
FNDA:0,(anonymous_13)
FNDA:0,(anonymous_14)
FNDA:0,(anonymous_15)
FNDA:0,(anonymous_16)
FNDA:0,(anonymous_17)
FNDA:0,(anonymous_18)
FNDA:0,(anonymous_19)
DA:7,0
DA:8,0
DA:9,0
DA:10,0
DA:11,0
DA:12,0
DA:13,0
DA:15,0
DA:16,0
DA:22,0
DA:23,0
DA:24,0
DA:25,0
DA:26,0
DA:27,0
DA:28,0
DA:29,0
DA:31,0
DA:32,0
DA:33,0
DA:34,0
DA:35,0
DA:36,0
DA:37,0
DA:38,0
DA:39,0
DA:41,0
DA:42,0
DA:43,0
DA:45,0
DA:48,0
DA:49,0
DA:50,0
DA:51,0
DA:53,0
DA:54,0
DA:60,0
DA:61,0
DA:62,0
DA:63,0
DA:64,0
DA:65,0
DA:66,0
DA:67,0
DA:68,0
DA:69,0
DA:70,0
DA:73,0
DA:74,0
DA:75,0
DA:76,0
DA:79,0
DA:80,0
DA:81,0
DA:84,0
DA:85,0
DA:86,0
DA:89,0
DA:90,0
DA:93,0
DA:94,0
DA:95,0
DA:96,0
DA:97,0
DA:98,0
DA:102,0
DA:103,0
DA:104,0
DA:105,0
DA:106,0
DA:107,0
DA:109,0
DA:115,0
DA:117,0
DA:118,0
LF:75
LH:0
BRDA:11,0,0,0
BRDA:11,0,1,0
BRDA:23,1,0,0
BRDA:23,1,1,0
BRDA:42,2,0,0
BRDA:42,2,1,0
BRDA:61,3,0,0
BRDA:61,3,1,0
BRDA:94,4,0,0
BRDA:94,4,1,0
BRDA:103,5,0,0
BRDA:103,5,1,0
BRDA:105,6,0,0
BRDA:105,6,1,0
BRDA:105,7,0,0
BRDA:105,7,1,0
BRDA:105,8,0,0
BRDA:105,8,1,0
BRF:18
BRH:0
end_of_record
TN:
SF:src/store/actions/auth.js
FN:2,(anonymous_0)
FN:9,(anonymous_1)
FNF:2
FNH:2
FNDA:2,(anonymous_0)
FNDA:1,(anonymous_1)
DA:2,9
DA:3,2
DA:9,9
DA:10,1
LF:4
LH:4
BRF:0
BRH:0
end_of_record
TN:
SF:src/store/actions/error.js
FN:2,(anonymous_0)
FN:8,(anonymous_1)
FNF:2
FNH:2
FNDA:2,(anonymous_0)
FNDA:1,(anonymous_1)
DA:2,9
DA:3,2
DA:8,9
DA:9,1
LF:4
LH:4
BRF:0
BRH:0
end_of_record
TN:
SF:src/store/actions/game.js
FN:3,(anonymous_0)
FN:9,(anonymous_1)
FN:16,(anonymous_2)
FN:23,(anonymous_3)
FN:29,(anonymous_4)
FN:36,(anonymous_5)
FN:42,(anonymous_6)
FN:52,(anonymous_7)
FN:59,(anonymous_8)
FN:65,(anonymous_9)
FN:74,(anonymous_10)
FN:81,(anonymous_11)
FN:90,(anonymous_12)
FN:97,(anonymous_13)
FN:104,(anonymous_14)
FN:113,(anonymous_15)
FN:120,(anonymous_16)
FN:125,(anonymous_17)
FN:130,(anonymous_18)
FN:136,(anonymous_19)
FNF:20
FNH:18
FNDA:1,(anonymous_0)
FNDA:2,(anonymous_1)
FNDA:2,(anonymous_2)
FNDA:1,(anonymous_3)
FNDA:17,(anonymous_4)
FNDA:17,(anonymous_5)
FNDA:2,(anonymous_6)
FNDA:2,(anonymous_7)
FNDA:17,(anonymous_8)
FNDA:0,(anonymous_9)
FNDA:2,(anonymous_10)
FNDA:0,(anonymous_11)
FNDA:2,(anonymous_12)
FNDA:2,(anonymous_13)
FNDA:2,(anonymous_14)
FNDA:21,(anonymous_15)
FNDA:1,(anonymous_16)
FNDA:1,(anonymous_17)
FNDA:2,(anonymous_18)
FNDA:1,(anonymous_19)
DA:3,8
DA:4,1
DA:9,8
DA:10,2
DA:16,8
DA:17,2
DA:23,8
DA:24,1
DA:29,8
DA:30,17
DA:36,8
DA:37,17
DA:42,8
DA:43,2
DA:52,8
DA:53,2
DA:59,8
DA:60,17
DA:65,8
DA:66,0
DA:74,8
DA:75,2
DA:81,8
DA:82,0
DA:90,8
DA:91,2
DA:97,8
DA:98,2
DA:104,8
DA:105,2
DA:113,8
DA:114,21
DA:120,8
DA:121,1
DA:125,8
DA:126,1
DA:130,8
DA:131,2
DA:136,8
DA:137,1
LF:40
LH:38
BRF:0
BRH:0
end_of_record
TN:
SF:src/store/actions/index.js
FNF:0
FNH:0
DA:8,8
LF:1
LH:1
BRF:0
BRH:0
end_of_record
TN:
SF:src/store/actions/rooms.js
FN:3,(anonymous_0)
FN:10,(anonymous_1)
FNF:2
FNH:2
FNDA:2,(anonymous_0)
FNDA:2,(anonymous_1)
DA:3,9
DA:4,2
DA:10,9
DA:11,2
LF:4
LH:4
BRF:0
BRH:0
end_of_record
TN:
SF:src/store/actions/types.js
FNF:0
FNH:0
DA:1,20
DA:2,20
DA:3,20
DA:4,20
DA:5,20
DA:6,20
DA:7,20
DA:8,20
DA:9,20
DA:10,20
DA:11,20
DA:12,20
DA:13,20
DA:14,20
DA:15,20
DA:16,20
DA:17,20
DA:18,20
DA:19,20
DA:20,20
DA:21,20
DA:22,20
DA:23,20
DA:24,20
DA:25,20
DA:26,20
DA:27,20
DA:28,20
LF:28
LH:28
BRF:0
BRH:0
end_of_record
TN:
SF:src/store/reducers/authReducer.js
FN:2,(anonymous_0)
FNF:1
FNH:1
FNDA:146,(anonymous_0)
DA:2,13
DA:3,146
DA:5,1
DA:7,1
DA:9,144
LF:5
LH:5
BRDA:2,0,0,44
BRDA:3,1,0,1
BRDA:3,1,1,1
BRDA:3,1,2,144
BRF:4
BRH:4
end_of_record
TN:
SF:src/store/reducers/errorReducer.js
FN:2,(anonymous_0)
FNF:1
FNH:1
FNDA:145,(anonymous_0)
DA:2,13
DA:3,145
DA:5,1
DA:7,1
DA:9,143
LF:5
LH:5
BRDA:2,0,0,74
BRDA:3,1,0,1
BRDA:3,1,1,1
BRDA:3,1,2,143
BRF:4
BRH:4
end_of_record
TN:
SF:src/store/reducers/gameReducer.js
FN:2,(anonymous_0)
FN:9,(anonymous_1)
FN:16,(anonymous_2)
FN:26,(anonymous_3)
FN:40,(anonymous_4)
FN:50,(anonymous_5)
FN:55,(anonymous_6)
FNF:7
FNH:7
FNDA:68,(anonymous_0)
FNDA:18,(anonymous_1)
FNDA:145,(anonymous_2)
FNDA:146,(anonymous_3)
FNDA:144,(anonymous_4)
FNDA:154,(anonymous_5)
FNDA:6,(anonymous_6)
DA:2,13
DA:3,68
DA:4,68
DA:5,1045
DA:7,68
DA:9,13
DA:10,18
DA:11,18
DA:12,40
DA:14,18
DA:16,13
DA:17,145
DA:19,1
DA:21,17
DA:23,127
DA:26,13
DA:27,146
DA:29,1
DA:31,0
DA:33,1
DA:35,1
DA:37,143
DA:40,13
DA:41,144
DA:43,1
DA:45,0
DA:47,143
DA:50,13
DA:51,154
DA:53,2
DA:55,6
DA:57,16
DA:59,16
DA:61,0
DA:62,0
DA:63,0
DA:65,0
DA:67,0
DA:69,0
DA:71,1
DA:73,20
DA:75,1
DA:77,1
DA:78,1
DA:80,95
LF:45
LH:37
BRDA:2,0,0,47
BRDA:2,1,0,47
BRDA:3,2,0,47
BRDA:3,2,1,21
BRDA:4,3,0,987
BRDA:4,3,1,126
BRDA:5,4,0,940
BRDA:5,4,1,105
BRDA:16,5,0,77
BRDA:17,6,0,1
BRDA:17,6,1,17
BRDA:17,6,2,127
BRDA:26,7,0,61
BRDA:27,8,0,1
BRDA:27,8,1,0
BRDA:27,8,2,1
BRDA:27,8,3,1
BRDA:27,8,4,143
BRDA:40,9,0,61
BRDA:41,10,0,1
BRDA:41,10,1,0
BRDA:41,10,2,143
BRDA:50,11,0,55
BRDA:51,12,0,2
BRDA:51,12,1,2
BRDA:51,12,2,16
BRDA:51,12,3,16
BRDA:51,12,4,0
BRDA:51,12,5,0
BRDA:51,12,6,0
BRDA:51,12,7,0
BRDA:51,12,8,1
BRDA:51,12,9,20
BRDA:51,12,10,1
BRDA:51,12,11,1
BRDA:51,12,12,95
BRDA:78,13,0,0
BRDA:78,13,1,1
BRF:38
BRH:31
end_of_record
TN:
SF:src/store/reducers/index.js
FNF:0
FNH:0
LF:0
LH:0
BRF:0
BRH:0
end_of_record
TN:
SF:src/store/reducers/roomReducer.js
FN:2,(anonymous_0)
FNF:1
FNH:1
FNDA:146,(anonymous_0)
DA:2,13
DA:3,146
DA:5,1
DA:7,1
DA:9,144
LF:5
LH:5
BRDA:2,0,0,74
BRDA:3,1,0,1
BRDA:3,1,1,1
BRDA:3,1,2,144
BRF:4
BRH:4
end_of_record
