TN:
SF:src/Root.js
FN:6,(anonymous_0)
FNF:1
FNH:1
FNDA:41,(anonymous_0)
DA:6,8
DA:7,41
DA:8,41
LF:3
LH:3
BRDA:6,0,0,5
BRF:1
BRH:1
end_of_record
TN:
SF:src/assets/utils/shapes.js
FN:1,(anonymous_0)
FN:14,(anonymous_1)
FN:26,(anonymous_2)
FN:38,(anonymous_3)
FN:51,(anonymous_4)
FN:64,(anonymous_5)
FN:77,(anonymous_6)
FN:90,(anonymous_7)
FN:102,(anonymous_8)
FN:115,(anonymous_9)
FN:128,(anonymous_10)
FN:141,(anonymous_11)
FN:154,(anonymous_12)
FN:167,(anonymous_13)
FN:180,(anonymous_14)
FN:193,(anonymous_15)
FN:206,(anonymous_16)
FN:219,(anonymous_17)
FN:232,(anonymous_18)
FN:245,(anonymous_19)
FN:258,(anonymous_20)
FN:271,(anonymous_21)
FN:284,(anonymous_22)
FN:297,(anonymous_23)
FN:310,(anonymous_24)
FNF:25
FNH:0
FNDA:0,(anonymous_0)
FNDA:0,(anonymous_1)
FNDA:0,(anonymous_2)
FNDA:0,(anonymous_3)
FNDA:0,(anonymous_4)
FNDA:0,(anonymous_5)
FNDA:0,(anonymous_6)
FNDA:0,(anonymous_7)
FNDA:0,(anonymous_8)
FNDA:0,(anonymous_9)
FNDA:0,(anonymous_10)
FNDA:0,(anonymous_11)
FNDA:0,(anonymous_12)
FNDA:0,(anonymous_13)
FNDA:0,(anonymous_14)
FNDA:0,(anonymous_15)
FNDA:0,(anonymous_16)
FNDA:0,(anonymous_17)
FNDA:0,(anonymous_18)
FNDA:0,(anonymous_19)
FNDA:0,(anonymous_20)
FNDA:0,(anonymous_21)
FNDA:0,(anonymous_22)
FNDA:0,(anonymous_23)
FNDA:0,(anonymous_24)
DA:1,1
DA:2,0
DA:14,1
DA:15,0
DA:26,1
DA:27,0
DA:38,1
DA:39,0
DA:51,1
DA:52,0
DA:64,1
DA:65,0
DA:77,1
DA:78,0
DA:90,1
DA:91,0
DA:102,1
DA:103,0
DA:115,1
DA:116,0
DA:128,1
DA:129,0
DA:141,1
DA:142,0
DA:154,1
DA:155,0
DA:167,1
DA:168,0
DA:180,1
DA:181,0
DA:193,1
DA:194,0
DA:206,1
DA:207,0
DA:219,1
DA:220,0
DA:232,1
DA:233,0
DA:245,1
DA:246,0
DA:258,1
DA:259,0
DA:271,1
DA:272,0
DA:284,1
DA:285,0
DA:297,1
DA:298,0
DA:310,1
DA:311,0
LF:50
LH:25
BRF:0
BRH:0
end_of_record
TN:
SF:src/components/App.js
FN:8,(anonymous_0)
FN:9,(anonymous_1)
FN:11,(anonymous_2)
FN:14,(anonymous_3)
FN:21,(anonymous_4)
FNF:5
FNH:0
FNDA:0,(anonymous_0)
FNDA:0,(anonymous_1)
FNDA:0,(anonymous_2)
FNDA:0,(anonymous_3)
FNDA:0,(anonymous_4)
DA:8,0
DA:9,0
DA:10,0
DA:11,0
DA:12,0
DA:14,0
DA:19,0
DA:21,0
DA:22,0
LF:9
LH:0
BRDA:8,0,0,0
BRDA:10,1,0,0
BRDA:10,1,1,0
BRDA:19,2,0,0
BRDA:19,2,1,0
BRDA:19,3,0,0
BRDA:19,3,1,0
BRF:7
BRH:0
end_of_record
TN:
SF:src/components/Arena.js
FN:4,(anonymous_0)
FN:9,(anonymous_1)
FN:11,(anonymous_2)
FN:11,(anonymous_3)
FNF:4
FNH:3
FNDA:11,(anonymous_0)
FNDA:0,(anonymous_1)
FNDA:4,(anonymous_2)
FNDA:16,(anonymous_3)
DA:4,2
DA:5,11
DA:9,0
DA:11,16
LF:4
LH:3
BRDA:4,0,0,11
BRDA:4,1,0,1
BRDA:7,2,0,0
BRDA:7,2,1,11
BRDA:7,3,0,10
BRDA:7,3,1,1
BRF:6
BRH:5
end_of_record
TN:
SF:src/components/Chat.js
FN:8,(anonymous_0)
FN:11,(anonymous_1)
FN:17,(anonymous_2)
FN:24,(anonymous_3)
FN:39,(anonymous_4)
FN:53,(anonymous_5)
FNF:6
FNH:2
FNDA:32,(anonymous_0)
FNDA:0,(anonymous_1)
FNDA:0,(anonymous_2)
FNDA:0,(anonymous_3)
FNDA:0,(anonymous_4)
FNDA:16,(anonymous_5)
DA:8,1
DA:9,32
DA:10,32
DA:11,32
DA:12,0
DA:13,0
DA:14,0
DA:17,32
DA:18,0
DA:21,32
DA:25,0
DA:40,0
DA:53,1
DA:54,16
LF:14
LH:8
BRDA:13,0,0,0
BRDA:13,0,1,0
BRF:2
BRH:0
end_of_record
TN:
SF:src/components/Input.js
FN:3,(anonymous_0)
FN:5,(anonymous_1)
FN:8,(anonymous_2)
FN:19,(anonymous_3)
FN:25,(anonymous_4)
FNF:5
FNH:3
FNDA:27,(anonymous_0)
FNDA:0,(anonymous_1)
FNDA:21,(anonymous_2)
FNDA:3,(anonymous_3)
FNDA:0,(anonymous_4)
DA:3,5
DA:4,27
DA:5,27
DA:6,0
DA:8,27
DA:9,21
DA:11,27
DA:14,27
DA:20,3
DA:26,0
LF:10
LH:8
BRDA:6,0,0,0
BRDA:6,0,1,0
BRDA:11,1,0,27
BRDA:11,1,1,0
BRDA:11,2,0,1
BRDA:11,2,1,26
BRDA:12,3,0,11
BRDA:12,3,1,16
BRDA:12,4,0,0
BRDA:12,4,1,16
BRDA:13,5,0,11
BRDA:13,5,1,16
BRDA:22,6,0,6
BRDA:22,6,1,21
BRDA:23,7,0,27
BRDA:23,7,1,0
BRDA:24,8,0,0
BRDA:24,8,1,27
BRDA:26,9,0,0
BRDA:26,9,1,0
BRDA:26,10,0,0
BRDA:26,10,1,0
BRF:22
BRH:12
end_of_record
TN:
SF:src/components/NextPiece.js
FN:6,(anonymous_0)
FN:7,(anonymous_1)
FN:13,(anonymous_2)
FN:13,(anonymous_3)
FN:17,(anonymous_4)
FNF:5
FNH:2
FNDA:16,(anonymous_0)
FNDA:0,(anonymous_1)
FNDA:0,(anonymous_2)
FNDA:0,(anonymous_3)
FNDA:16,(anonymous_4)
DA:6,1
DA:7,16
DA:8,0
DA:11,16
DA:13,0
DA:17,1
DA:18,16
LF:7
LH:5
BRDA:13,0,0,16
BRDA:13,0,1,0
BRF:2
BRH:1
end_of_record
TN:
SF:src/pages/Game.js
FN:15,(anonymous_0)
FN:36,(anonymous_1)
FN:39,(anonymous_2)
FN:46,(anonymous_3)
FN:50,(anonymous_4)
FN:56,(anonymous_5)
FN:61,(anonymous_6)
FN:65,(anonymous_7)
FN:74,(anonymous_8)
FN:112,(anonymous_9)
FN:124,(anonymous_10)
FN:145,(anonymous_11)
FN:178,(anonymous_12)
FN:198,(anonymous_13)
FNF:14
FNH:2
FNDA:16,(anonymous_0)
FNDA:0,(anonymous_1)
FNDA:0,(anonymous_2)
FNDA:0,(anonymous_3)
FNDA:0,(anonymous_4)
FNDA:0,(anonymous_5)
FNDA:0,(anonymous_6)
FNDA:0,(anonymous_7)
FNDA:0,(anonymous_8)
FNDA:0,(anonymous_9)
FNDA:0,(anonymous_10)
FNDA:0,(anonymous_11)
FNDA:16,(anonymous_12)
FNDA:0,(anonymous_13)
DA:15,1
DA:32,16
DA:33,16
DA:34,16
DA:35,16
DA:36,16
DA:37,0
DA:39,16
DA:40,0
DA:41,0
DA:42,0
DA:43,0
DA:44,0
DA:45,0
DA:46,0
DA:47,0
DA:50,0
DA:51,0
DA:52,0
DA:53,0
DA:56,0
DA:57,0
DA:58,0
DA:61,0
DA:62,0
DA:65,0
DA:66,0
DA:67,0
DA:68,0
DA:69,0
DA:70,0
DA:74,0
DA:75,0
DA:76,0
DA:77,0
DA:78,0
DA:79,0
DA:81,0
DA:87,16
DA:113,0
DA:125,0
DA:146,0
DA:178,1
DA:179,16
DA:199,0
LF:45
LH:10
BRDA:37,0,0,0
BRDA:37,0,1,0
BRDA:37,1,0,0
BRDA:37,1,1,0
BRDA:66,2,0,0
BRDA:66,2,1,0
BRDA:75,3,0,0
BRDA:75,3,1,0
BRDA:77,4,0,0
BRDA:77,4,1,0
BRDA:77,5,0,0
BRDA:77,5,1,0
BRDA:77,6,0,0
BRDA:77,6,1,0
BRDA:96,7,0,15
BRDA:96,7,1,1
BRDA:99,8,0,6
BRDA:99,8,1,10
BRDA:99,9,0,16
BRDA:99,9,1,13
BRDA:101,10,0,3
BRDA:101,10,1,7
BRDA:101,11,0,10
BRDA:101,11,1,3
BRDA:120,12,0,10
BRDA:120,12,1,6
BRDA:120,13,0,16
BRDA:120,13,1,13
BRDA:120,13,2,9
BRDA:132,14,0,15
BRDA:132,14,1,1
BRDA:132,15,0,16
BRDA:132,15,1,16
BRDA:132,15,2,1
BRDA:132,15,3,1
BRDA:153,16,0,16
BRDA:153,16,1,0
BRF:37
BRH:22
end_of_record
TN:
SF:src/pages/Home.js
FN:11,(anonymous_0)
FN:15,(anonymous_1)
FN:18,(anonymous_2)
FN:21,(anonymous_3)
FN:25,(anonymous_4)
FN:33,(anonymous_5)
FN:56,(anonymous_6)
FN:64,(anonymous_7)
FN:67,(anonymous_8)
FN:78,(anonymous_9)
FNF:10
FNH:3
FNDA:8,(anonymous_0)
FNDA:8,(anonymous_1)
FNDA:0,(anonymous_2)
FNDA:0,(anonymous_3)
FNDA:0,(anonymous_4)
FNDA:0,(anonymous_5)
FNDA:0,(anonymous_6)
FNDA:0,(anonymous_7)
FNDA:0,(anonymous_8)
FNDA:8,(anonymous_9)
DA:11,1
DA:12,8
DA:13,8
DA:14,8
DA:15,8
DA:16,8
DA:17,0
DA:18,0
DA:19,0
DA:21,0
DA:22,0
DA:23,0
DA:24,0
DA:25,0
DA:26,0
DA:27,0
DA:28,0
DA:30,0
DA:31,0
DA:32,0
DA:34,0
DA:39,8
DA:57,0
DA:65,0
DA:68,0
DA:78,1
DA:79,8
LF:27
LH:9
BRDA:31,0,0,0
BRDA:31,0,1,0
BRF:2
BRH:0
end_of_record
TN:
SF:src/pages/Welcome.js
FN:5,(anonymous_0)
FNF:1
FNH:1
FNDA:3,(anonymous_0)
DA:5,1
DA:6,3
LF:2
LH:2
BRF:0
BRH:0
end_of_record
TN:
SF:src/parts/CreateRoom.js
FN:12,(anonymous_0)
FN:15,(anonymous_1)
FN:20,(anonymous_2)
FN:34,(anonymous_3)
FN:48,(anonymous_4)
FN:66,(anonymous_5)
FN:86,(anonymous_6)
FN:103,(anonymous_7)
FNF:8
FNH:8
FNDA:17,(anonymous_0)
FNDA:1,(anonymous_1)
FNDA:2,(anonymous_2)
FNDA:2,(anonymous_3)
FNDA:2,(anonymous_4)
FNDA:1,(anonymous_5)
FNDA:1,(anonymous_6)
FNDA:11,(anonymous_7)
DA:12,2
DA:13,17
DA:14,17
DA:15,17
DA:16,1
DA:17,1
DA:18,1
DA:20,17
DA:21,2
DA:22,2
DA:23,2
DA:24,2
DA:25,2
DA:27,1
DA:28,1
DA:31,17
DA:35,2
DA:36,0
DA:49,2
DA:50,2
DA:67,1
DA:68,1
DA:87,1
DA:103,2
DA:104,11
LF:25
LH:24
BRDA:22,0,0,1
BRDA:22,0,1,1
BRDA:23,1,0,1
BRDA:23,1,1,1
BRDA:24,2,0,1
BRDA:24,2,1,1
BRDA:24,3,0,2
BRDA:24,3,1,1
BRDA:25,4,0,1
BRDA:25,4,1,1
BRDA:25,5,0,2
BRDA:25,5,1,1
BRDA:25,5,2,1
BRDA:31,6,0,9
BRDA:31,6,1,8
BRDA:35,7,0,0
BRDA:35,7,1,2
BRDA:43,8,0,1
BRDA:43,8,1,8
BRDA:58,9,0,2
BRDA:58,9,1,7
BRDA:61,10,0,0
BRDA:61,10,1,2
BRDA:81,11,0,1
BRDA:81,11,1,8
BRF:25
BRH:23
end_of_record
TN:
SF:src/parts/ListRooms.js
FN:5,(anonymous_0)
FN:8,(anonymous_1)
FN:14,(anonymous_2)
FN:23,(anonymous_3)
FNF:4
FNH:4
FNDA:11,(anonymous_0)
FNDA:12,(anonymous_1)
FNDA:1,(anonymous_2)
FNDA:11,(anonymous_3)
DA:5,2
DA:6,11
DA:9,12
DA:15,1
DA:23,2
DA:24,11
LF:6
LH:6
BRF:0
BRH:0
end_of_record
TN:
SF:src/parts/LiveGame.js
FN:8,(anonymous_0)
FN:9,(anonymous_1)
FN:29,(anonymous_2)
FN:46,(anonymous_3)
FNF:4
FNH:2
FNDA:15,(anonymous_0)
FNDA:0,(anonymous_1)
FNDA:0,(anonymous_2)
FNDA:15,(anonymous_3)
DA:8,1
DA:9,15
DA:10,0
DA:11,0
DA:14,15
DA:30,0
DA:46,1
DA:47,15
LF:8
LH:5
BRDA:10,0,0,0
BRDA:10,0,1,0
BRDA:15,1,0,15
BRDA:15,1,1,0
BRDA:17,2,0,0
BRDA:17,2,1,15
BRDA:20,3,0,0
BRDA:20,3,1,0
BRF:8
BRH:2
end_of_record
TN:
SF:src/store/actions/game.js
FN:3,(anonymous_0)
FN:9,(anonymous_1)
FN:16,(anonymous_2)
FN:23,(anonymous_3)
FN:29,(anonymous_4)
FN:36,(anonymous_5)
FN:42,(anonymous_6)
FN:52,(anonymous_7)
FN:59,(anonymous_8)
FN:65,(anonymous_9)
FN:74,(anonymous_10)
FN:81,(anonymous_11)
FN:90,(anonymous_12)
FN:97,(anonymous_13)
FN:104,(anonymous_14)
FN:113,(anonymous_15)
FN:120,(anonymous_16)
FNF:17
FNH:8
FNDA:1,(anonymous_0)
FNDA:2,(anonymous_1)
FNDA:2,(anonymous_2)
FNDA:1,(anonymous_3)
FNDA:2,(anonymous_4)
FNDA:2,(anonymous_5)
FNDA:0,(anonymous_6)
FNDA:2,(anonymous_7)
FNDA:1,(anonymous_8)
FNDA:0,(anonymous_9)
FNDA:0,(anonymous_10)
FNDA:0,(anonymous_11)
FNDA:0,(anonymous_12)
FNDA:0,(anonymous_13)
FNDA:0,(anonymous_14)
FNDA:0,(anonymous_15)
FNDA:0,(anonymous_16)
DA:3,6
DA:4,1
DA:9,6
DA:10,2
DA:16,6
DA:17,2
DA:23,6
DA:24,1
DA:29,6
DA:30,2
DA:36,6
DA:37,2
DA:42,6
DA:43,0
DA:52,6
DA:53,2
DA:59,6
DA:60,1
DA:65,6
DA:66,0
DA:74,6
DA:75,0
DA:81,6
DA:82,0
DA:90,6
DA:91,0
DA:97,6
DA:98,0
DA:104,6
DA:105,0
DA:113,6
DA:114,0
DA:120,6
DA:121,0
LF:34
LH:25
BRF:0
BRH:0
end_of_record
TN:
SF:src/store/actions/index.js
FNF:0
FNH:0
DA:7,6
LF:1
LH:1
BRF:0
BRH:0
end_of_record
TN:
SF:src/store/actions/rooms.js
FN:3,(anonymous_0)
FNF:1
FNH:1
FNDA:2,(anonymous_0)
DA:3,7
DA:4,2
LF:2
LH:2
BRF:0
BRH:0
end_of_record
TN:
SF:src/store/actions/types.js
FNF:0
FNH:0
DA:1,16
DA:2,16
DA:3,16
DA:4,16
DA:5,16
DA:6,16
DA:7,16
DA:8,16
DA:9,16
DA:10,16
DA:11,16
DA:12,16
DA:13,16
DA:14,16
DA:15,16
DA:16,16
DA:17,16
DA:18,16
DA:19,16
DA:20,16
DA:21,16
DA:22,16
LF:22
LH:22
BRF:0
BRH:0
end_of_record
TN:
SF:src/store/reducers/authReducer.js
FN:2,(anonymous_0)
FNF:1
FNH:1
FNDA:59,(anonymous_0)
DA:2,9
DA:3,59
DA:5,1
DA:7,0
DA:9,58
LF:5
LH:4
BRDA:2,0,0,25
BRDA:3,1,0,1
BRDA:3,1,1,0
BRDA:3,1,2,58
BRF:4
BRH:3
end_of_record
TN:
SF:src/store/reducers/gameReducer.js
FN:2,(anonymous_0)
FN:9,(anonymous_1)
FN:16,(anonymous_2)
FN:26,(anonymous_3)
FN:36,(anonymous_4)
FN:46,(anonymous_5)
FN:51,(anonymous_6)
FNF:7
FNH:7
FNDA:35,(anonymous_0)
FNDA:3,(anonymous_1)
FNDA:59,(anonymous_2)
FNDA:57,(anonymous_3)
FNDA:58,(anonymous_4)
FNDA:64,(anonymous_5)
FNDA:6,(anonymous_6)
DA:2,9
DA:3,35
DA:4,35
DA:5,385
DA:7,35
DA:9,9
DA:10,3
DA:11,3
DA:12,10
DA:14,3
DA:16,9
DA:17,59
DA:19,1
DA:21,1
DA:23,57
DA:26,9
DA:27,57
DA:29,0
DA:31,0
DA:33,57
DA:36,9
DA:37,58
DA:39,1
DA:41,0
DA:43,57
DA:46,9
DA:47,64
DA:49,2
DA:51,6
DA:53,1
DA:55,1
DA:57,0
DA:58,0
DA:59,0
DA:61,0
DA:63,0
DA:65,0
DA:67,0
DA:69,0
DA:71,0
DA:73,58
LF:41
LH:29
BRDA:2,0,0,14
BRDA:2,1,0,14
BRDA:3,2,0,14
BRDA:3,2,1,21
BRDA:4,3,0,294
BRDA:4,3,1,126
BRDA:5,4,0,280
BRDA:5,4,1,105
BRDA:16,5,0,57
BRDA:17,6,0,1
BRDA:17,6,1,1
BRDA:17,6,2,57
BRDA:26,7,0,57
BRDA:27,8,0,0
BRDA:27,8,1,0
BRDA:27,8,2,57
BRDA:36,9,0,41
BRDA:37,10,0,1
BRDA:37,10,1,0
BRDA:37,10,2,57
BRDA:46,11,0,41
BRDA:47,12,0,2
BRDA:47,12,1,2
BRDA:47,12,2,1
BRDA:47,12,3,1
BRDA:47,12,4,0
BRDA:47,12,5,0
BRDA:47,12,6,0
BRDA:47,12,7,0
BRDA:47,12,8,0
BRDA:47,12,9,0
BRDA:47,12,10,0
BRDA:47,12,11,58
BRF:33
BRH:23
end_of_record
TN:
SF:src/store/reducers/index.js
FNF:0
FNH:0
LF:0
LH:0
BRF:0
BRH:0
end_of_record
TN:
SF:src/store/reducers/roomReducer.js
FN:2,(anonymous_0)
FNF:1
FNH:1
FNDA:59,(anonymous_0)
DA:2,9
DA:3,59
DA:5,1
DA:7,58
LF:4
LH:4
BRDA:2,0,0,54
BRDA:3,1,0,1
BRDA:3,1,1,58
BRF:3
BRH:3
end_of_record
